[0.048s] Invoking command in '/home/dlyvern/Projects/Dragonfly/cw_serv_ws/build/action_interface': CMAKE_PREFIX_PATH=/opt/ros/humble /usr/bin/cmake --build /home/dlyvern/Projects/Dragonfly/cw_serv_ws/build/action_interface -- -j12 -l12
[0.124s] -- Found ament_cmake: 1.3.6 (/opt/ros/humble/share/ament_cmake/cmake)
[0.234s] -- Found rosidl_default_generators: 1.2.0 (/opt/ros/humble/share/rosidl_default_generators/cmake)
[0.236s] -- Using all available rosidl_typesupport_c: rosidl_typesupport_fastrtps_c;rosidl_typesupport_introspection_c
[0.238s] -- Found rosidl_adapter: 3.1.5 (/opt/ros/humble/share/rosidl_adapter/cmake)
[0.269s] -- Using all available rosidl_typesupport_cpp: rosidl_typesupport_fastrtps_cpp;rosidl_typesupport_introspection_cpp
[0.522s] -- Found ament_cmake_ros: 0.10.0 (/opt/ros/humble/share/ament_cmake_ros/cmake)
[0.660s] -- Using all available rosidl_typesupport_c: rosidl_typesupport_fastrtps_c;rosidl_typesupport_introspection_c
[0.829s] -- Using all available rosidl_typesupport_cpp: rosidl_typesupport_fastrtps_cpp;rosidl_typesupport_introspection_cpp
[0.845s] -- Found python_cmake_module: 0.10.0 (/opt/ros/humble/share/python_cmake_module/cmake)
[0.862s] -- Using PYTHON_EXECUTABLE: /usr/bin/python3
[0.862s] -- Using PYTHON_INCLUDE_DIRS: /usr/include/python3.10
[0.862s] -- Using PYTHON_LIBRARIES: /usr/lib/x86_64-linux-gnu/libpython3.10.so
[0.877s] -- Found ament_lint_auto: 0.12.9 (/opt/ros/humble/share/ament_lint_auto/cmake)
[0.896s] -- Added test 'cppcheck' to perform static code analysis on C / C++ code
[0.896s] -- Configured cppcheck include dirs: 
[0.896s] -- Configured cppcheck exclude dirs and/or files: 
[0.897s] -- Added test 'flake8' to check Python code syntax and style conventions
[0.899s] -- Added test 'lint_cmake' to check CMake code style
[0.901s] -- Added test 'pep257' to check Python code against some of the docstring style conventions in PEP 257
[0.908s] -- Added test 'uncrustify' to check C / C++ code style
[0.908s] -- Configured uncrustify additional arguments: 
[0.909s] -- Added test 'xmllint' to check XML markup files
[0.912s] -- Configuring done
[0.945s] -- Generating done
[0.946s] -- Build files have been written to: /home/dlyvern/Projects/Dragonfly/cw_serv_ws/build/action_interface
[0.962s] [  2%] [34m[1mGenerating C code for ROS interfaces[0m
[0.968s] [  5%] [34m[1mGenerating C++ code for ROS interfaces[0m
[0.980s] [  5%] Built target ament_cmake_python_copy_action_interface
[1.117s] running egg_info
[1.129s] writing action_interface.egg-info/PKG-INFO
[1.129s] writing dependency_links to action_interface.egg-info/dependency_links.txt
[1.129s] writing top-level names to action_interface.egg-info/top_level.txt
[1.164s] reading manifest file 'action_interface.egg-info/SOURCES.txt'
[1.165s] writing manifest file 'action_interface.egg-info/SOURCES.txt'
[1.182s] [  5%] Built target ament_cmake_python_build_action_interface_egg
[1.306s] [  5%] Built target action_interface__cpp
[1.315s] [ 12%] [34m[1mGenerating C++ type support dispatch for ROS interfaces[0m
[1.315s] [ 12%] [34m[1mGenerating C++ introspection for ROS interfaces[0m
[1.315s] [ 12%] [34m[1mGenerating C++ type support for eProsima Fast-RTPS[0m
[1.322s] [35m[1mConsolidate compiler generated dependencies of target action_interface__rosidl_generator_c[0m
[1.335s] [ 17%] [32mBuilding C object CMakeFiles/action_interface__rosidl_generator_c.dir/rosidl_generator_c/action_interface/srv/detail/cmd__functions.c.o[0m
[1.335s] [ 17%] [32mBuilding C object CMakeFiles/action_interface__rosidl_generator_c.dir/rosidl_generator_c/action_interface/action/detail/cmd__functions.c.o[0m
[1.465s] [ 20%] [32m[1mLinking C shared library libaction_interface__rosidl_generator_c.so[0m
[1.500s] [ 20%] Built target action_interface__rosidl_generator_c
[1.507s] [ 28%] [34m[1mGenerating C type support for eProsima Fast-RTPS[0m
[1.507s] [ 28%] [34m[1mGenerating C introspection for ROS interfaces[0m
[1.507s] [ 28%] [34m[1mGenerating C type support dispatch for ROS interfaces[0m
[1.562s] [35m[1mConsolidate compiler generated dependencies of target action_interface__rosidl_typesupport_cpp[0m
[1.576s] [ 30%] [32mBuilding CXX object CMakeFiles/action_interface__rosidl_typesupport_cpp.dir/rosidl_typesupport_cpp/action_interface/action/cmd__type_support.cpp.o[0m
[1.578s] [ 33%] [32mBuilding CXX object CMakeFiles/action_interface__rosidl_typesupport_cpp.dir/rosidl_typesupport_cpp/action_interface/srv/cmd__type_support.cpp.o[0m
[1.609s] [35m[1mConsolidate compiler generated dependencies of target action_interface__rosidl_typesupport_introspection_cpp[0m
[1.621s] [ 35%] [32mBuilding CXX object CMakeFiles/action_interface__rosidl_typesupport_introspection_cpp.dir/rosidl_typesupport_introspection_cpp/action_interface/action/detail/cmd__type_support.cpp.o[0m
[1.622s] [ 38%] [32mBuilding CXX object CMakeFiles/action_interface__rosidl_typesupport_introspection_cpp.dir/rosidl_typesupport_introspection_cpp/action_interface/srv/detail/cmd__type_support.cpp.o[0m
[1.688s] [35m[1mConsolidate compiler generated dependencies of target action_interface__rosidl_typesupport_fastrtps_cpp[0m
[1.707s] [ 43%] [32mBuilding CXX object CMakeFiles/action_interface__rosidl_typesupport_fastrtps_cpp.dir/rosidl_typesupport_fastrtps_cpp/action_interface/srv/detail/dds_fastrtps/cmd__type_support.cpp.o[0m
[1.707s] [ 43%] [32mBuilding CXX object CMakeFiles/action_interface__rosidl_typesupport_fastrtps_cpp.dir/rosidl_typesupport_fastrtps_cpp/action_interface/action/detail/dds_fastrtps/cmd__type_support.cpp.o[0m
[1.812s] [35m[1mConsolidate compiler generated dependencies of target action_interface__rosidl_typesupport_c[0m
[1.822s] [ 46%] [32mBuilding CXX object CMakeFiles/action_interface__rosidl_typesupport_c.dir/rosidl_typesupport_c/action_interface/action/cmd__type_support.cpp.o[0m
[1.824s] [ 48%] [32mBuilding CXX object CMakeFiles/action_interface__rosidl_typesupport_c.dir/rosidl_typesupport_c/action_interface/srv/cmd__type_support.cpp.o[0m
[1.866s] [ 51%] [32m[1mLinking CXX shared library libaction_interface__rosidl_typesupport_c.so[0m
[1.903s] [ 51%] Built target action_interface__rosidl_typesupport_c
[1.919s] [35m[1mConsolidate compiler generated dependencies of target action_interface__rosidl_typesupport_introspection_c[0m
[1.927s] [ 56%] [32mBuilding C object CMakeFiles/action_interface__rosidl_typesupport_introspection_c.dir/rosidl_typesupport_introspection_c/action_interface/srv/detail/cmd__type_support.c.o[0m
[1.927s] [ 56%] [32mBuilding C object CMakeFiles/action_interface__rosidl_typesupport_introspection_c.dir/rosidl_typesupport_introspection_c/action_interface/action/detail/cmd__type_support.c.o[0m
[1.967s] [ 58%] [32m[1mLinking C shared library libaction_interface__rosidl_typesupport_introspection_c.so[0m
[1.991s] [ 58%] Built target action_interface__rosidl_typesupport_introspection_c
[2.014s] [35m[1mConsolidate compiler generated dependencies of target action_interface__rosidl_typesupport_fastrtps_c[0m
[2.024s] [ 64%] [32mBuilding CXX object CMakeFiles/action_interface__rosidl_typesupport_fastrtps_c.dir/rosidl_typesupport_fastrtps_c/action_interface/srv/detail/cmd__type_support_c.cpp.o[0m
[2.024s] [ 64%] [32mBuilding CXX object CMakeFiles/action_interface__rosidl_typesupport_fastrtps_c.dir/rosidl_typesupport_fastrtps_c/action_interface/action/detail/cmd__type_support_c.cpp.o[0m
[2.121s] [ 66%] [32m[1mLinking CXX shared library libaction_interface__rosidl_typesupport_cpp.so[0m
[2.162s] [ 66%] Built target action_interface__rosidl_typesupport_cpp
[2.256s] [ 69%] [32m[1mLinking CXX shared library libaction_interface__rosidl_typesupport_introspection_cpp.so[0m
[2.270s] [ 71%] [32m[1mLinking CXX shared library libaction_interface__rosidl_typesupport_fastrtps_cpp.so[0m
[2.308s] [ 74%] [32m[1mLinking CXX shared library libaction_interface__rosidl_typesupport_fastrtps_c.so[0m
[2.313s] [ 74%] Built target action_interface__rosidl_typesupport_introspection_cpp
[2.327s] [ 74%] Built target action_interface__rosidl_typesupport_fastrtps_cpp
[2.359s] [ 74%] Built target action_interface__rosidl_typesupport_fastrtps_c
[2.371s] [ 74%] Built target action_interface
[2.391s] [ 76%] Built target action_interface__py
[2.400s] [35m[1mConsolidate compiler generated dependencies of target action_interface__rosidl_generator_py[0m
[2.412s] [ 82%] [32mBuilding C object CMakeFiles/action_interface__rosidl_generator_py.dir/rosidl_generator_py/action_interface/action/_cmd_s.c.o[0m
[2.413s] [ 82%] [32mBuilding C object CMakeFiles/action_interface__rosidl_generator_py.dir/rosidl_generator_py/action_interface/srv/_cmd_s.c.o[0m
[2.529s] [ 84%] [32m[1mLinking C shared library rosidl_generator_py/action_interface/libaction_interface__rosidl_generator_py.so[0m
[2.557s] [ 84%] Built target action_interface__rosidl_generator_py
[2.565s] [35m[1mConsolidate compiler generated dependencies of target action_interface__rosidl_typesupport_introspection_c__pyext[0m
[2.565s] [35m[1mConsolidate compiler generated dependencies of target action_interface__rosidl_typesupport_c__pyext[0m
[2.565s] [35m[1mConsolidate compiler generated dependencies of target action_interface__rosidl_typesupport_fastrtps_c__pyext[0m
[2.572s] [ 92%] [32mBuilding C object CMakeFiles/action_interface__rosidl_typesupport_introspection_c__pyext.dir/rosidl_generator_py/action_interface/_action_interface_s.ep.rosidl_typesupport_introspection_c.c.o[0m
[2.573s] [ 92%] [32mBuilding C object CMakeFiles/action_interface__rosidl_typesupport_fastrtps_c__pyext.dir/rosidl_generator_py/action_interface/_action_interface_s.ep.rosidl_typesupport_fastrtps_c.c.o[0m
[2.573s] [ 92%] [32mBuilding C object CMakeFiles/action_interface__rosidl_typesupport_c__pyext.dir/rosidl_generator_py/action_interface/_action_interface_s.ep.rosidl_typesupport_c.c.o[0m
[2.652s] [ 94%] [32m[1mLinking C shared library rosidl_generator_py/action_interface/action_interface_s__rosidl_typesupport_introspection_c.cpython-310-x86_64-linux-gnu.so[0m
[2.652s] [ 97%] [32m[1mLinking C shared library rosidl_generator_py/action_interface/action_interface_s__rosidl_typesupport_fastrtps_c.cpython-310-x86_64-linux-gnu.so[0m
[2.652s] [100%] [32m[1mLinking C shared library rosidl_generator_py/action_interface/action_interface_s__rosidl_typesupport_c.cpython-310-x86_64-linux-gnu.so[0m
[2.678s] [100%] Built target action_interface__rosidl_typesupport_introspection_c__pyext
[2.678s] [100%] Built target action_interface__rosidl_typesupport_fastrtps_c__pyext
[2.678s] [100%] Built target action_interface__rosidl_typesupport_c__pyext
[2.685s] Invoked command in '/home/dlyvern/Projects/Dragonfly/cw_serv_ws/build/action_interface' returned '0': CMAKE_PREFIX_PATH=/opt/ros/humble /usr/bin/cmake --build /home/dlyvern/Projects/Dragonfly/cw_serv_ws/build/action_interface -- -j12 -l12
[2.734s] Invoking command in '/home/dlyvern/Projects/Dragonfly/cw_serv_ws/build/action_interface': CMAKE_PREFIX_PATH=/opt/ros/humble /usr/bin/cmake --install /home/dlyvern/Projects/Dragonfly/cw_serv_ws/build/action_interface
[2.740s] -- Install configuration: ""
[2.740s] -- Up-to-date: /home/dlyvern/Projects/Dragonfly/cw_serv_ws/install/action_interface/share/ament_index/resource_index/rosidl_interfaces/action_interface
[2.740s] -- Up-to-date: /home/dlyvern/Projects/Dragonfly/cw_serv_ws/install/action_interface/include/action_interface/action_interface
[2.740s] -- Up-to-date: /home/dlyvern/Projects/Dragonfly/cw_serv_ws/install/action_interface/include/action_interface/action_interface/action
[2.740s] -- Up-to-date: /home/dlyvern/Projects/Dragonfly/cw_serv_ws/install/action_interface/include/action_interface/action_interface/action/detail
[2.740s] -- Installing: /home/dlyvern/Projects/Dragonfly/cw_serv_ws/install/action_interface/include/action_interface/action_interface/action/detail/cmd__struct.h
[2.740s] -- Installing: /home/dlyvern/Projects/Dragonfly/cw_serv_ws/install/action_interface/include/action_interface/action_interface/action/detail/cmd__functions.h
[2.740s] -- Installing: /home/dlyvern/Projects/Dragonfly/cw_serv_ws/install/action_interface/include/action_interface/action_interface/action/detail/cmd__functions.c
[2.740s] -- Installing: /home/dlyvern/Projects/Dragonfly/cw_serv_ws/install/action_interface/include/action_interface/action_interface/action/detail/cmd__type_support.h
[2.740s] -- Installing: /home/dlyvern/Projects/Dragonfly/cw_serv_ws/install/action_interface/include/action_interface/action_interface/action/cmd.h
[2.740s] -- Up-to-date: /home/dlyvern/Projects/Dragonfly/cw_serv_ws/install/action_interface/include/action_interface/action_interface/msg
[2.740s] -- Up-to-date: /home/dlyvern/Projects/Dragonfly/cw_serv_ws/install/action_interface/include/action_interface/action_interface/msg/rosidl_generator_c__visibility_control.h
[2.740s] -- Up-to-date: /home/dlyvern/Projects/Dragonfly/cw_serv_ws/install/action_interface/include/action_interface/action_interface/srv
[2.741s] -- Up-to-date: /home/dlyvern/Projects/Dragonfly/cw_serv_ws/install/action_interface/include/action_interface/action_interface/srv/detail
[2.741s] -- Installing: /home/dlyvern/Projects/Dragonfly/cw_serv_ws/install/action_interface/include/action_interface/action_interface/srv/detail/cmd__struct.h
[2.741s] -- Installing: /home/dlyvern/Projects/Dragonfly/cw_serv_ws/install/action_interface/include/action_interface/action_interface/srv/detail/cmd__functions.h
[2.741s] -- Installing: /home/dlyvern/Projects/Dragonfly/cw_serv_ws/install/action_interface/include/action_interface/action_interface/srv/detail/cmd__functions.c
[2.741s] -- Installing: /home/dlyvern/Projects/Dragonfly/cw_serv_ws/install/action_interface/include/action_interface/action_interface/srv/detail/cmd__type_support.h
[2.741s] -- Installing: /home/dlyvern/Projects/Dragonfly/cw_serv_ws/install/action_interface/include/action_interface/action_interface/srv/cmd.h
[2.741s] -- Up-to-date: /home/dlyvern/Projects/Dragonfly/cw_serv_ws/install/action_interface/share/action_interface/environment/library_path.sh
[2.741s] -- Installing: /home/dlyvern/Projects/Dragonfly/cw_serv_ws/install/action_interface/share/action_interface/environment/library_path.dsv
[2.742s] -- Installing: /home/dlyvern/Projects/Dragonfly/cw_serv_ws/install/action_interface/lib/libaction_interface__rosidl_generator_c.so
[2.742s] -- Set runtime path of "/home/dlyvern/Projects/Dragonfly/cw_serv_ws/install/action_interface/lib/libaction_interface__rosidl_generator_c.so" to ""
[2.742s] -- Up-to-date: /home/dlyvern/Projects/Dragonfly/cw_serv_ws/install/action_interface/include/action_interface/action_interface
[2.742s] -- Up-to-date: /home/dlyvern/Projects/Dragonfly/cw_serv_ws/install/action_interface/include/action_interface/action_interface/action
[2.742s] -- Up-to-date: /home/dlyvern/Projects/Dragonfly/cw_serv_ws/install/action_interface/include/action_interface/action_interface/action/detail
[2.742s] -- Installing: /home/dlyvern/Projects/Dragonfly/cw_serv_ws/install/action_interface/include/action_interface/action_interface/action/detail/cmd__rosidl_typesupport_fastrtps_c.h
[2.742s] -- Up-to-date: /home/dlyvern/Projects/Dragonfly/cw_serv_ws/install/action_interface/include/action_interface/action_interface/msg
[2.742s] -- Up-to-date: /home/dlyvern/Projects/Dragonfly/cw_serv_ws/install/action_interface/include/action_interface/action_interface/msg/rosidl_typesupport_fastrtps_c__visibility_control.h
[2.742s] -- Up-to-date: /home/dlyvern/Projects/Dragonfly/cw_serv_ws/install/action_interface/include/action_interface/action_interface/srv
[2.742s] -- Up-to-date: /home/dlyvern/Projects/Dragonfly/cw_serv_ws/install/action_interface/include/action_interface/action_interface/srv/detail
[2.742s] -- Installing: /home/dlyvern/Projects/Dragonfly/cw_serv_ws/install/action_interface/include/action_interface/action_interface/srv/detail/cmd__rosidl_typesupport_fastrtps_c.h
[2.743s] -- Installing: /home/dlyvern/Projects/Dragonfly/cw_serv_ws/install/action_interface/lib/libaction_interface__rosidl_typesupport_fastrtps_c.so
[2.743s] -- Set runtime path of "/home/dlyvern/Projects/Dragonfly/cw_serv_ws/install/action_interface/lib/libaction_interface__rosidl_typesupport_fastrtps_c.so" to ""
[2.744s] -- Up-to-date: /home/dlyvern/Projects/Dragonfly/cw_serv_ws/install/action_interface/include/action_interface/action_interface
[2.744s] -- Up-to-date: /home/dlyvern/Projects/Dragonfly/cw_serv_ws/install/action_interface/include/action_interface/action_interface/action
[2.744s] -- Up-to-date: /home/dlyvern/Projects/Dragonfly/cw_serv_ws/install/action_interface/include/action_interface/action_interface/action/detail
[2.744s] -- Installing: /home/dlyvern/Projects/Dragonfly/cw_serv_ws/install/action_interface/include/action_interface/action_interface/action/detail/cmd__rosidl_typesupport_introspection_c.h
[2.744s] -- Installing: /home/dlyvern/Projects/Dragonfly/cw_serv_ws/install/action_interface/include/action_interface/action_interface/action/detail/cmd__type_support.c
[2.744s] -- Up-to-date: /home/dlyvern/Projects/Dragonfly/cw_serv_ws/install/action_interface/include/action_interface/action_interface/msg
[2.744s] -- Up-to-date: /home/dlyvern/Projects/Dragonfly/cw_serv_ws/install/action_interface/include/action_interface/action_interface/msg/rosidl_typesupport_introspection_c__visibility_control.h
[2.744s] -- Up-to-date: /home/dlyvern/Projects/Dragonfly/cw_serv_ws/install/action_interface/include/action_interface/action_interface/srv
[2.744s] -- Up-to-date: /home/dlyvern/Projects/Dragonfly/cw_serv_ws/install/action_interface/include/action_interface/action_interface/srv/detail
[2.744s] -- Installing: /home/dlyvern/Projects/Dragonfly/cw_serv_ws/install/action_interface/include/action_interface/action_interface/srv/detail/cmd__rosidl_typesupport_introspection_c.h
[2.744s] -- Installing: /home/dlyvern/Projects/Dragonfly/cw_serv_ws/install/action_interface/include/action_interface/action_interface/srv/detail/cmd__type_support.c
[2.745s] -- Installing: /home/dlyvern/Projects/Dragonfly/cw_serv_ws/install/action_interface/lib/libaction_interface__rosidl_typesupport_introspection_c.so
[2.745s] -- Set runtime path of "/home/dlyvern/Projects/Dragonfly/cw_serv_ws/install/action_interface/lib/libaction_interface__rosidl_typesupport_introspection_c.so" to ""
[2.746s] -- Installing: /home/dlyvern/Projects/Dragonfly/cw_serv_ws/install/action_interface/lib/libaction_interface__rosidl_typesupport_c.so
[2.746s] -- Set runtime path of "/home/dlyvern/Projects/Dragonfly/cw_serv_ws/install/action_interface/lib/libaction_interface__rosidl_typesupport_c.so" to ""
[2.746s] -- Up-to-date: /home/dlyvern/Projects/Dragonfly/cw_serv_ws/install/action_interface/include/action_interface/action_interface
[2.746s] -- Up-to-date: /home/dlyvern/Projects/Dragonfly/cw_serv_ws/install/action_interface/include/action_interface/action_interface/action
[2.746s] -- Installing: /home/dlyvern/Projects/Dragonfly/cw_serv_ws/install/action_interface/include/action_interface/action_interface/action/cmd.hpp
[2.746s] -- Up-to-date: /home/dlyvern/Projects/Dragonfly/cw_serv_ws/install/action_interface/include/action_interface/action_interface/action/detail
[2.746s] -- Installing: /home/dlyvern/Projects/Dragonfly/cw_serv_ws/install/action_interface/include/action_interface/action_interface/action/detail/cmd__struct.hpp
[2.746s] -- Installing: /home/dlyvern/Projects/Dragonfly/cw_serv_ws/install/action_interface/include/action_interface/action_interface/action/detail/cmd__traits.hpp
[2.746s] -- Installing: /home/dlyvern/Projects/Dragonfly/cw_serv_ws/install/action_interface/include/action_interface/action_interface/action/detail/cmd__builder.hpp
[2.746s] -- Up-to-date: /home/dlyvern/Projects/Dragonfly/cw_serv_ws/install/action_interface/include/action_interface/action_interface/srv
[2.746s] -- Installing: /home/dlyvern/Projects/Dragonfly/cw_serv_ws/install/action_interface/include/action_interface/action_interface/srv/cmd.hpp
[2.746s] -- Up-to-date: /home/dlyvern/Projects/Dragonfly/cw_serv_ws/install/action_interface/include/action_interface/action_interface/srv/detail
[2.746s] -- Installing: /home/dlyvern/Projects/Dragonfly/cw_serv_ws/install/action_interface/include/action_interface/action_interface/srv/detail/cmd__struct.hpp
[2.746s] -- Installing: /home/dlyvern/Projects/Dragonfly/cw_serv_ws/install/action_interface/include/action_interface/action_interface/srv/detail/cmd__traits.hpp
[2.746s] -- Installing: /home/dlyvern/Projects/Dragonfly/cw_serv_ws/install/action_interface/include/action_interface/action_interface/srv/detail/cmd__builder.hpp
[2.746s] -- Up-to-date: /home/dlyvern/Projects/Dragonfly/cw_serv_ws/install/action_interface/include/action_interface/action_interface
[2.746s] -- Up-to-date: /home/dlyvern/Projects/Dragonfly/cw_serv_ws/install/action_interface/include/action_interface/action_interface/action
[2.746s] -- Up-to-date: /home/dlyvern/Projects/Dragonfly/cw_serv_ws/install/action_interface/include/action_interface/action_interface/action/detail
[2.746s] -- Installing: /home/dlyvern/Projects/Dragonfly/cw_serv_ws/install/action_interface/include/action_interface/action_interface/action/detail/cmd__rosidl_typesupport_fastrtps_cpp.hpp
[2.746s] -- Up-to-date: /home/dlyvern/Projects/Dragonfly/cw_serv_ws/install/action_interface/include/action_interface/action_interface/action/detail/dds_fastrtps
[2.747s] -- Up-to-date: /home/dlyvern/Projects/Dragonfly/cw_serv_ws/install/action_interface/include/action_interface/action_interface/msg
[2.747s] -- Up-to-date: /home/dlyvern/Projects/Dragonfly/cw_serv_ws/install/action_interface/include/action_interface/action_interface/msg/rosidl_typesupport_fastrtps_cpp__visibility_control.h
[2.747s] -- Up-to-date: /home/dlyvern/Projects/Dragonfly/cw_serv_ws/install/action_interface/include/action_interface/action_interface/srv
[2.747s] -- Up-to-date: /home/dlyvern/Projects/Dragonfly/cw_serv_ws/install/action_interface/include/action_interface/action_interface/srv/detail
[2.747s] -- Installing: /home/dlyvern/Projects/Dragonfly/cw_serv_ws/install/action_interface/include/action_interface/action_interface/srv/detail/cmd__rosidl_typesupport_fastrtps_cpp.hpp
[2.747s] -- Installing: /home/dlyvern/Projects/Dragonfly/cw_serv_ws/install/action_interface/include/action_interface/action_interface/srv/detail/dds_fastrtps
[2.747s] -- Installing: /home/dlyvern/Projects/Dragonfly/cw_serv_ws/install/action_interface/lib/libaction_interface__rosidl_typesupport_fastrtps_cpp.so
[2.747s] -- Set runtime path of "/home/dlyvern/Projects/Dragonfly/cw_serv_ws/install/action_interface/lib/libaction_interface__rosidl_typesupport_fastrtps_cpp.so" to ""
[2.748s] -- Up-to-date: /home/dlyvern/Projects/Dragonfly/cw_serv_ws/install/action_interface/include/action_interface/action_interface
[2.748s] -- Up-to-date: /home/dlyvern/Projects/Dragonfly/cw_serv_ws/install/action_interface/include/action_interface/action_interface/action
[2.748s] -- Up-to-date: /home/dlyvern/Projects/Dragonfly/cw_serv_ws/install/action_interface/include/action_interface/action_interface/action/detail
[2.748s] -- Installing: /home/dlyvern/Projects/Dragonfly/cw_serv_ws/install/action_interface/include/action_interface/action_interface/action/detail/cmd__type_support.cpp
[2.748s] -- Installing: /home/dlyvern/Projects/Dragonfly/cw_serv_ws/install/action_interface/include/action_interface/action_interface/action/detail/cmd__rosidl_typesupport_introspection_cpp.hpp
[2.748s] -- Up-to-date: /home/dlyvern/Projects/Dragonfly/cw_serv_ws/install/action_interface/include/action_interface/action_interface/srv
[2.748s] -- Up-to-date: /home/dlyvern/Projects/Dragonfly/cw_serv_ws/install/action_interface/include/action_interface/action_interface/srv/detail
[2.748s] -- Installing: /home/dlyvern/Projects/Dragonfly/cw_serv_ws/install/action_interface/include/action_interface/action_interface/srv/detail/cmd__type_support.cpp
[2.748s] -- Installing: /home/dlyvern/Projects/Dragonfly/cw_serv_ws/install/action_interface/include/action_interface/action_interface/srv/detail/cmd__rosidl_typesupport_introspection_cpp.hpp
[2.748s] -- Installing: /home/dlyvern/Projects/Dragonfly/cw_serv_ws/install/action_interface/lib/libaction_interface__rosidl_typesupport_introspection_cpp.so
[2.749s] -- Set runtime path of "/home/dlyvern/Projects/Dragonfly/cw_serv_ws/install/action_interface/lib/libaction_interface__rosidl_typesupport_introspection_cpp.so" to ""
[2.749s] -- Installing: /home/dlyvern/Projects/Dragonfly/cw_serv_ws/install/action_interface/lib/libaction_interface__rosidl_typesupport_cpp.so
[2.749s] -- Set runtime path of "/home/dlyvern/Projects/Dragonfly/cw_serv_ws/install/action_interface/lib/libaction_interface__rosidl_typesupport_cpp.so" to ""
[2.749s] -- Up-to-date: /home/dlyvern/Projects/Dragonfly/cw_serv_ws/install/action_interface/share/action_interface/environment/pythonpath.sh
[2.749s] -- Installing: /home/dlyvern/Projects/Dragonfly/cw_serv_ws/install/action_interface/share/action_interface/environment/pythonpath.dsv
[2.750s] -- Up-to-date: /home/dlyvern/Projects/Dragonfly/cw_serv_ws/install/action_interface/local/lib/python3.10/dist-packages/action_interface-0.0.0-py3.10.egg-info
[2.750s] -- Installing: /home/dlyvern/Projects/Dragonfly/cw_serv_ws/install/action_interface/local/lib/python3.10/dist-packages/action_interface-0.0.0-py3.10.egg-info/PKG-INFO
[2.750s] -- Installing: /home/dlyvern/Projects/Dragonfly/cw_serv_ws/install/action_interface/local/lib/python3.10/dist-packages/action_interface-0.0.0-py3.10.egg-info/top_level.txt
[2.750s] -- Installing: /home/dlyvern/Projects/Dragonfly/cw_serv_ws/install/action_interface/local/lib/python3.10/dist-packages/action_interface-0.0.0-py3.10.egg-info/SOURCES.txt
[2.750s] -- Installing: /home/dlyvern/Projects/Dragonfly/cw_serv_ws/install/action_interface/local/lib/python3.10/dist-packages/action_interface-0.0.0-py3.10.egg-info/dependency_links.txt
[2.750s] -- Up-to-date: /home/dlyvern/Projects/Dragonfly/cw_serv_ws/install/action_interface/local/lib/python3.10/dist-packages/action_interface
[2.750s] -- Installing: /home/dlyvern/Projects/Dragonfly/cw_serv_ws/install/action_interface/local/lib/python3.10/dist-packages/action_interface/libaction_interface__rosidl_generator_py.so
[2.750s] -- Installing: /home/dlyvern/Projects/Dragonfly/cw_serv_ws/install/action_interface/local/lib/python3.10/dist-packages/action_interface/action_interface_s__rosidl_typesupport_introspection_c.cpython-310-x86_64-linux-gnu.so
[2.750s] -- Up-to-date: /home/dlyvern/Projects/Dragonfly/cw_serv_ws/install/action_interface/local/lib/python3.10/dist-packages/action_interface/_action_interface_s.ep.rosidl_typesupport_c.c
[2.750s] -- Up-to-date: /home/dlyvern/Projects/Dragonfly/cw_serv_ws/install/action_interface/local/lib/python3.10/dist-packages/action_interface/action
[2.750s] -- Installing: /home/dlyvern/Projects/Dragonfly/cw_serv_ws/install/action_interface/local/lib/python3.10/dist-packages/action_interface/action/_cmd_s.c
[2.750s] -- Installing: /home/dlyvern/Projects/Dragonfly/cw_serv_ws/install/action_interface/local/lib/python3.10/dist-packages/action_interface/action/__init__.py
[2.750s] -- Installing: /home/dlyvern/Projects/Dragonfly/cw_serv_ws/install/action_interface/local/lib/python3.10/dist-packages/action_interface/action/_cmd.py
[2.750s] -- Installing: /home/dlyvern/Projects/Dragonfly/cw_serv_ws/install/action_interface/local/lib/python3.10/dist-packages/action_interface/action_interface_s__rosidl_typesupport_c.cpython-310-x86_64-linux-gnu.so
[2.750s] -- Installing: /home/dlyvern/Projects/Dragonfly/cw_serv_ws/install/action_interface/local/lib/python3.10/dist-packages/action_interface/action_interface_s__rosidl_typesupport_fastrtps_c.cpython-310-x86_64-linux-gnu.so
[2.750s] -- Up-to-date: /home/dlyvern/Projects/Dragonfly/cw_serv_ws/install/action_interface/local/lib/python3.10/dist-packages/action_interface/_action_interface_s.ep.rosidl_typesupport_introspection_c.c
[2.750s] -- Installing: /home/dlyvern/Projects/Dragonfly/cw_serv_ws/install/action_interface/local/lib/python3.10/dist-packages/action_interface/__init__.py
[2.750s] -- Up-to-date: /home/dlyvern/Projects/Dragonfly/cw_serv_ws/install/action_interface/local/lib/python3.10/dist-packages/action_interface/srv
[2.750s] -- Up-to-date: /home/dlyvern/Projects/Dragonfly/cw_serv_ws/install/action_interface/local/lib/python3.10/dist-packages/action_interface/srv/_cmd_s.c
[2.751s] -- Up-to-date: /home/dlyvern/Projects/Dragonfly/cw_serv_ws/install/action_interface/local/lib/python3.10/dist-packages/action_interface/srv/__init__.py
[2.751s] -- Up-to-date: /home/dlyvern/Projects/Dragonfly/cw_serv_ws/install/action_interface/local/lib/python3.10/dist-packages/action_interface/srv/_cmd.py
[2.751s] -- Up-to-date: /home/dlyvern/Projects/Dragonfly/cw_serv_ws/install/action_interface/local/lib/python3.10/dist-packages/action_interface/_action_interface_s.ep.rosidl_typesupport_fastrtps_c.c
[2.779s] Listing '/home/dlyvern/Projects/Dragonfly/cw_serv_ws/install/action_interface/local/lib/python3.10/dist-packages/action_interface'...
[2.779s] Compiling '/home/dlyvern/Projects/Dragonfly/cw_serv_ws/install/action_interface/local/lib/python3.10/dist-packages/action_interface/__init__.py'...
[2.779s] Listing '/home/dlyvern/Projects/Dragonfly/cw_serv_ws/install/action_interface/local/lib/python3.10/dist-packages/action_interface/action'...
[2.779s] Compiling '/home/dlyvern/Projects/Dragonfly/cw_serv_ws/install/action_interface/local/lib/python3.10/dist-packages/action_interface/action/__init__.py'...
[2.779s] Compiling '/home/dlyvern/Projects/Dragonfly/cw_serv_ws/install/action_interface/local/lib/python3.10/dist-packages/action_interface/action/_cmd.py'...
[2.779s] Listing '/home/dlyvern/Projects/Dragonfly/cw_serv_ws/install/action_interface/local/lib/python3.10/dist-packages/action_interface/srv'...
[2.779s] Compiling '/home/dlyvern/Projects/Dragonfly/cw_serv_ws/install/action_interface/local/lib/python3.10/dist-packages/action_interface/srv/__init__.py'...
[2.779s] Compiling '/home/dlyvern/Projects/Dragonfly/cw_serv_ws/install/action_interface/local/lib/python3.10/dist-packages/action_interface/srv/_cmd.py'...
[2.782s] -- Installing: /home/dlyvern/Projects/Dragonfly/cw_serv_ws/install/action_interface/local/lib/python3.10/dist-packages/action_interface/action_interface_s__rosidl_typesupport_fastrtps_c.cpython-310-x86_64-linux-gnu.so
[2.782s] -- Set runtime path of "/home/dlyvern/Projects/Dragonfly/cw_serv_ws/install/action_interface/local/lib/python3.10/dist-packages/action_interface/action_interface_s__rosidl_typesupport_fastrtps_c.cpython-310-x86_64-linux-gnu.so" to ""
[2.782s] -- Installing: /home/dlyvern/Projects/Dragonfly/cw_serv_ws/install/action_interface/local/lib/python3.10/dist-packages/action_interface/action_interface_s__rosidl_typesupport_introspection_c.cpython-310-x86_64-linux-gnu.so
[2.782s] -- Set runtime path of "/home/dlyvern/Projects/Dragonfly/cw_serv_ws/install/action_interface/local/lib/python3.10/dist-packages/action_interface/action_interface_s__rosidl_typesupport_introspection_c.cpython-310-x86_64-linux-gnu.so" to ""
[2.782s] -- Installing: /home/dlyvern/Projects/Dragonfly/cw_serv_ws/install/action_interface/local/lib/python3.10/dist-packages/action_interface/action_interface_s__rosidl_typesupport_c.cpython-310-x86_64-linux-gnu.so
[2.782s] -- Set runtime path of "/home/dlyvern/Projects/Dragonfly/cw_serv_ws/install/action_interface/local/lib/python3.10/dist-packages/action_interface/action_interface_s__rosidl_typesupport_c.cpython-310-x86_64-linux-gnu.so" to ""
[2.783s] -- Installing: /home/dlyvern/Projects/Dragonfly/cw_serv_ws/install/action_interface/lib/libaction_interface__rosidl_generator_py.so
[2.783s] -- Set runtime path of "/home/dlyvern/Projects/Dragonfly/cw_serv_ws/install/action_interface/lib/libaction_interface__rosidl_generator_py.so" to ""
[2.783s] -- Up-to-date: /home/dlyvern/Projects/Dragonfly/cw_serv_ws/install/action_interface/share/action_interface/action/Cmd.idl
[2.783s] -- Up-to-date: /home/dlyvern/Projects/Dragonfly/cw_serv_ws/install/action_interface/share/action_interface/srv/Cmd.idl
[2.784s] -- Up-to-date: /home/dlyvern/Projects/Dragonfly/cw_serv_ws/install/action_interface/share/action_interface/action/Cmd.action
[2.784s] -- Up-to-date: /home/dlyvern/Projects/Dragonfly/cw_serv_ws/install/action_interface/share/action_interface/srv/Cmd.srv
[2.784s] -- Up-to-date: /home/dlyvern/Projects/Dragonfly/cw_serv_ws/install/action_interface/share/action_interface/srv/Cmd_Request.msg
[2.784s] -- Up-to-date: /home/dlyvern/Projects/Dragonfly/cw_serv_ws/install/action_interface/share/action_interface/srv/Cmd_Response.msg
[2.784s] -- Up-to-date: /home/dlyvern/Projects/Dragonfly/cw_serv_ws/install/action_interface/share/ament_index/resource_index/package_run_dependencies/action_interface
[2.784s] -- Installing: /home/dlyvern/Projects/Dragonfly/cw_serv_ws/install/action_interface/share/ament_index/resource_index/parent_prefix_path/action_interface
[2.784s] -- Installing: /home/dlyvern/Projects/Dragonfly/cw_serv_ws/install/action_interface/share/action_interface/environment/ament_prefix_path.sh
[2.784s] -- Installing: /home/dlyvern/Projects/Dragonfly/cw_serv_ws/install/action_interface/share/action_interface/environment/ament_prefix_path.dsv
[2.784s] -- Installing: /home/dlyvern/Projects/Dragonfly/cw_serv_ws/install/action_interface/share/action_interface/environment/path.sh
[2.784s] -- Installing: /home/dlyvern/Projects/Dragonfly/cw_serv_ws/install/action_interface/share/action_interface/environment/path.dsv
[2.784s] -- Up-to-date: /home/dlyvern/Projects/Dragonfly/cw_serv_ws/install/action_interface/share/action_interface/local_setup.bash
[2.784s] -- Up-to-date: /home/dlyvern/Projects/Dragonfly/cw_serv_ws/install/action_interface/share/action_interface/local_setup.sh
[2.784s] -- Up-to-date: /home/dlyvern/Projects/Dragonfly/cw_serv_ws/install/action_interface/share/action_interface/local_setup.zsh
[2.784s] -- Installing: /home/dlyvern/Projects/Dragonfly/cw_serv_ws/install/action_interface/share/action_interface/local_setup.dsv
[2.784s] -- Installing: /home/dlyvern/Projects/Dragonfly/cw_serv_ws/install/action_interface/share/action_interface/package.dsv
[2.784s] -- Up-to-date: /home/dlyvern/Projects/Dragonfly/cw_serv_ws/install/action_interface/share/ament_index/resource_index/packages/action_interface
[2.784s] -- Up-to-date: /home/dlyvern/Projects/Dragonfly/cw_serv_ws/install/action_interface/share/action_interface/cmake/export_action_interface__rosidl_generator_cExport.cmake
[2.784s] -- Up-to-date: /home/dlyvern/Projects/Dragonfly/cw_serv_ws/install/action_interface/share/action_interface/cmake/export_action_interface__rosidl_generator_cExport-noconfig.cmake
[2.784s] -- Up-to-date: /home/dlyvern/Projects/Dragonfly/cw_serv_ws/install/action_interface/share/action_interface/cmake/export_action_interface__rosidl_typesupport_fastrtps_cExport.cmake
[2.784s] -- Up-to-date: /home/dlyvern/Projects/Dragonfly/cw_serv_ws/install/action_interface/share/action_interface/cmake/export_action_interface__rosidl_typesupport_fastrtps_cExport-noconfig.cmake
[2.784s] -- Up-to-date: /home/dlyvern/Projects/Dragonfly/cw_serv_ws/install/action_interface/share/action_interface/cmake/action_interface__rosidl_typesupport_introspection_cExport.cmake
[2.785s] -- Up-to-date: /home/dlyvern/Projects/Dragonfly/cw_serv_ws/install/action_interface/share/action_interface/cmake/action_interface__rosidl_typesupport_introspection_cExport-noconfig.cmake
[2.785s] -- Up-to-date: /home/dlyvern/Projects/Dragonfly/cw_serv_ws/install/action_interface/share/action_interface/cmake/action_interface__rosidl_typesupport_cExport.cmake
[2.785s] -- Up-to-date: /home/dlyvern/Projects/Dragonfly/cw_serv_ws/install/action_interface/share/action_interface/cmake/action_interface__rosidl_typesupport_cExport-noconfig.cmake
[2.785s] -- Up-to-date: /home/dlyvern/Projects/Dragonfly/cw_serv_ws/install/action_interface/share/action_interface/cmake/export_action_interface__rosidl_generator_cppExport.cmake
[2.785s] -- Up-to-date: /home/dlyvern/Projects/Dragonfly/cw_serv_ws/install/action_interface/share/action_interface/cmake/export_action_interface__rosidl_typesupport_fastrtps_cppExport.cmake
[2.785s] -- Up-to-date: /home/dlyvern/Projects/Dragonfly/cw_serv_ws/install/action_interface/share/action_interface/cmake/export_action_interface__rosidl_typesupport_fastrtps_cppExport-noconfig.cmake
[2.785s] -- Up-to-date: /home/dlyvern/Projects/Dragonfly/cw_serv_ws/install/action_interface/share/action_interface/cmake/action_interface__rosidl_typesupport_introspection_cppExport.cmake
[2.785s] -- Up-to-date: /home/dlyvern/Projects/Dragonfly/cw_serv_ws/install/action_interface/share/action_interface/cmake/action_interface__rosidl_typesupport_introspection_cppExport-noconfig.cmake
[2.786s] -- Up-to-date: /home/dlyvern/Projects/Dragonfly/cw_serv_ws/install/action_interface/share/action_interface/cmake/action_interface__rosidl_typesupport_cppExport.cmake
[2.786s] -- Up-to-date: /home/dlyvern/Projects/Dragonfly/cw_serv_ws/install/action_interface/share/action_interface/cmake/action_interface__rosidl_typesupport_cppExport-noconfig.cmake
[2.786s] -- Up-to-date: /home/dlyvern/Projects/Dragonfly/cw_serv_ws/install/action_interface/share/action_interface/cmake/export_action_interface__rosidl_generator_pyExport.cmake
[2.786s] -- Up-to-date: /home/dlyvern/Projects/Dragonfly/cw_serv_ws/install/action_interface/share/action_interface/cmake/export_action_interface__rosidl_generator_pyExport-noconfig.cmake
[2.786s] -- Up-to-date: /home/dlyvern/Projects/Dragonfly/cw_serv_ws/install/action_interface/share/action_interface/cmake/rosidl_cmake-extras.cmake
[2.786s] -- Up-to-date: /home/dlyvern/Projects/Dragonfly/cw_serv_ws/install/action_interface/share/action_interface/cmake/ament_cmake_export_dependencies-extras.cmake
[2.786s] -- Up-to-date: /home/dlyvern/Projects/Dragonfly/cw_serv_ws/install/action_interface/share/action_interface/cmake/ament_cmake_export_include_directories-extras.cmake
[2.786s] -- Up-to-date: /home/dlyvern/Projects/Dragonfly/cw_serv_ws/install/action_interface/share/action_interface/cmake/ament_cmake_export_libraries-extras.cmake
[2.786s] -- Up-to-date: /home/dlyvern/Projects/Dragonfly/cw_serv_ws/install/action_interface/share/action_interface/cmake/ament_cmake_export_targets-extras.cmake
[2.786s] -- Up-to-date: /home/dlyvern/Projects/Dragonfly/cw_serv_ws/install/action_interface/share/action_interface/cmake/rosidl_cmake_export_typesupport_targets-extras.cmake
[2.786s] -- Up-to-date: /home/dlyvern/Projects/Dragonfly/cw_serv_ws/install/action_interface/share/action_interface/cmake/rosidl_cmake_export_typesupport_libraries-extras.cmake
[2.786s] -- Up-to-date: /home/dlyvern/Projects/Dragonfly/cw_serv_ws/install/action_interface/share/action_interface/cmake/action_interfaceConfig.cmake
[2.786s] -- Up-to-date: /home/dlyvern/Projects/Dragonfly/cw_serv_ws/install/action_interface/share/action_interface/cmake/action_interfaceConfig-version.cmake
[2.786s] -- Up-to-date: /home/dlyvern/Projects/Dragonfly/cw_serv_ws/install/action_interface/share/action_interface/package.xml
[2.788s] Invoked command in '/home/dlyvern/Projects/Dragonfly/cw_serv_ws/build/action_interface' returned '0': CMAKE_PREFIX_PATH=/opt/ros/humble /usr/bin/cmake --install /home/dlyvern/Projects/Dragonfly/cw_serv_ws/build/action_interface
