[0.029s] Invoking command in '/home/dlyvern/Projects/Dragonfly/cw_serv_ws/build/cw_serv': CMAKE_PREFIX_PATH=/home/dlyvern/Projects/Dragonfly/cw_serv_ws/install/action_interface:/home/dlyvern/Projects/Dragonfly/cw_serv_ws/install/cw_serv:/opt/ros/humble /usr/bin/cmake --build /home/dlyvern/Projects/Dragonfly/cw_serv_ws/build/cw_serv -- -j12 -l12
[0.057s] [  5%] [34m[1mAutomatic MOC and UIC for target cw_serv[0m
[0.070s] [  5%] Built target cw_serv_autogen
[0.083s] [35m[1mConsolidate compiler generated dependencies of target cw_serv[0m
[0.113s] [ 10%] [32mBuilding CXX object CMakeFiles/cw_serv.dir/src/submodules/Recorder.cpp.o[0m
[2.401s] [ 15%] [32m[1mLinking CXX executable cw_serv[0m
[3.161s] [100%] Built target cw_serv
[3.168s] Invoked command in '/home/dlyvern/Projects/Dragonfly/cw_serv_ws/build/cw_serv' returned '0': CMAKE_PREFIX_PATH=/home/dlyvern/Projects/Dragonfly/cw_serv_ws/install/action_interface:/home/dlyvern/Projects/Dragonfly/cw_serv_ws/install/cw_serv:/opt/ros/humble /usr/bin/cmake --build /home/dlyvern/Projects/Dragonfly/cw_serv_ws/build/cw_serv -- -j12 -l12
[3.198s] Invoking command in '/home/dlyvern/Projects/Dragonfly/cw_serv_ws/build/cw_serv': CMAKE_PREFIX_PATH=/home/dlyvern/Projects/Dragonfly/cw_serv_ws/install/action_interface:/home/dlyvern/Projects/Dragonfly/cw_serv_ws/install/cw_serv:/opt/ros/humble /usr/bin/cmake --install /home/dlyvern/Projects/Dragonfly/cw_serv_ws/build/cw_serv
[3.203s] -- Install configuration: ""
[3.203s] -- Installing: /home/dlyvern/Projects/Dragonfly/cw_serv_ws/install/cw_serv/lib/cw_serv/cw_serv
[3.207s] -- Set runtime path of "/home/dlyvern/Projects/Dragonfly/cw_serv_ws/install/cw_serv/lib/cw_serv/cw_serv" to ""
[3.207s] -- Up-to-date: /home/dlyvern/Projects/Dragonfly/cw_serv_ws/install/cw_serv/share/cw_serv/launch
[3.207s] -- Up-to-date: /home/dlyvern/Projects/Dragonfly/cw_serv_ws/install/cw_serv/share/cw_serv/launch/cw_serv_launch.py
[3.207s] -- Up-to-date: /home/dlyvern/Projects/Dragonfly/cw_serv_ws/install/cw_serv/share/cw_serv/launch/settings_for_launch_file
[3.207s] -- Up-to-date: /home/dlyvern/Projects/Dragonfly/cw_serv_ws/install/cw_serv/share/cw_serv/launch/settings_for_launch_file/main_settings.ini
[3.207s] -- Up-to-date: /home/dlyvern/Projects/Dragonfly/cw_serv_ws/install/cw_serv/share/ament_index/resource_index/package_run_dependencies/cw_serv
[3.207s] -- Up-to-date: /home/dlyvern/Projects/Dragonfly/cw_serv_ws/install/cw_serv/share/ament_index/resource_index/parent_prefix_path/cw_serv
[3.207s] -- Up-to-date: /home/dlyvern/Projects/Dragonfly/cw_serv_ws/install/cw_serv/share/cw_serv/environment/ament_prefix_path.sh
[3.207s] -- Up-to-date: /home/dlyvern/Projects/Dragonfly/cw_serv_ws/install/cw_serv/share/cw_serv/environment/ament_prefix_path.dsv
[3.207s] -- Up-to-date: /home/dlyvern/Projects/Dragonfly/cw_serv_ws/install/cw_serv/share/cw_serv/environment/path.sh
[3.207s] -- Up-to-date: /home/dlyvern/Projects/Dragonfly/cw_serv_ws/install/cw_serv/share/cw_serv/environment/path.dsv
[3.207s] -- Up-to-date: /home/dlyvern/Projects/Dragonfly/cw_serv_ws/install/cw_serv/share/cw_serv/local_setup.bash
[3.207s] -- Up-to-date: /home/dlyvern/Projects/Dragonfly/cw_serv_ws/install/cw_serv/share/cw_serv/local_setup.sh
[3.207s] -- Up-to-date: /home/dlyvern/Projects/Dragonfly/cw_serv_ws/install/cw_serv/share/cw_serv/local_setup.zsh
[3.207s] -- Up-to-date: /home/dlyvern/Projects/Dragonfly/cw_serv_ws/install/cw_serv/share/cw_serv/local_setup.dsv
[3.207s] -- Installing: /home/dlyvern/Projects/Dragonfly/cw_serv_ws/install/cw_serv/share/cw_serv/package.dsv
[3.207s] -- Up-to-date: /home/dlyvern/Projects/Dragonfly/cw_serv_ws/install/cw_serv/share/ament_index/resource_index/packages/cw_serv
[3.207s] -- Up-to-date: /home/dlyvern/Projects/Dragonfly/cw_serv_ws/install/cw_serv/share/cw_serv/cmake/CMakeConfix.cmake
[3.207s] -- Up-to-date: /home/dlyvern/Projects/Dragonfly/cw_serv_ws/install/cw_serv/share/cw_serv/cmake/cw_servConfig.cmake
[3.207s] -- Up-to-date: /home/dlyvern/Projects/Dragonfly/cw_serv_ws/install/cw_serv/share/cw_serv/cmake/cw_servConfig-version.cmake
[3.207s] -- Up-to-date: /home/dlyvern/Projects/Dragonfly/cw_serv_ws/install/cw_serv/share/cw_serv/package.xml
[3.208s] Invoked command in '/home/dlyvern/Projects/Dragonfly/cw_serv_ws/build/cw_serv' returned '0': CMAKE_PREFIX_PATH=/home/dlyvern/Projects/Dragonfly/cw_serv_ws/install/action_interface:/home/dlyvern/Projects/Dragonfly/cw_serv_ws/install/cw_serv:/opt/ros/humble /usr/bin/cmake --install /home/dlyvern/Projects/Dragonfly/cw_serv_ws/build/cw_serv
