[0.041s] Invoking command in '/home/dlyvern/Projects/Dragonfly/cw_serv_ws/build/cw_serv': CMAKE_PREFIX_PATH=/home/dlyvern/Projects/Dragonfly/cw_serv_ws/install/action_interface:/home/dlyvern/Projects/Dragonfly/cw_serv_ws/install/cw_serv:/opt/ros/humble /usr/bin/cmake --build /home/dlyvern/Projects/Dragonfly/cw_serv_ws/build/cw_serv -- -j12 -l12
[0.075s] [  4%] [34m[1mAutomatic MOC and UIC for target cw_serv[0m
[0.092s] [  4%] Built target cw_serv_autogen
[0.116s] [35m[1mConsolidate compiler generated dependencies of target cw_serv[0m
[0.159s] [  8%] [32mBuilding CXX object CMakeFiles/cw_serv.dir/src/main.cpp.o[0m
[3.388s] [ 13%] [32m[1mLinking CXX executable cw_serv[0m
[5.003s] [100%] Built target cw_serv
[5.011s] Invoked command in '/home/dlyvern/Projects/Dragonfly/cw_serv_ws/build/cw_serv' returned '0': CMAKE_PREFIX_PATH=/home/dlyvern/Projects/Dragonfly/cw_serv_ws/install/action_interface:/home/dlyvern/Projects/Dragonfly/cw_serv_ws/install/cw_serv:/opt/ros/humble /usr/bin/cmake --build /home/dlyvern/Projects/Dragonfly/cw_serv_ws/build/cw_serv -- -j12 -l12
[5.047s] Invoking command in '/home/dlyvern/Projects/Dragonfly/cw_serv_ws/build/cw_serv': CMAKE_PREFIX_PATH=/home/dlyvern/Projects/Dragonfly/cw_serv_ws/install/action_interface:/home/dlyvern/Projects/Dragonfly/cw_serv_ws/install/cw_serv:/opt/ros/humble /usr/bin/cmake --install /home/dlyvern/Projects/Dragonfly/cw_serv_ws/build/cw_serv
[5.051s] -- Install configuration: ""
[5.051s] -- Installing: /home/dlyvern/Projects/Dragonfly/cw_serv_ws/install/cw_serv/lib/cw_serv/cw_serv
[5.056s] -- Set runtime path of "/home/dlyvern/Projects/Dragonfly/cw_serv_ws/install/cw_serv/lib/cw_serv/cw_serv" to ""
[5.056s] -- Up-to-date: /home/dlyvern/Projects/Dragonfly/cw_serv_ws/install/cw_serv/share/cw_serv/launch
[5.056s] -- Up-to-date: /home/dlyvern/Projects/Dragonfly/cw_serv_ws/install/cw_serv/share/cw_serv/launch/settings_for_launch_file
[5.056s] -- Up-to-date: /home/dlyvern/Projects/Dragonfly/cw_serv_ws/install/cw_serv/share/cw_serv/launch/settings_for_launch_file/main_settings.ini
[5.056s] -- Up-to-date: /home/dlyvern/Projects/Dragonfly/cw_serv_ws/install/cw_serv/share/cw_serv/launch/cwserv.launch.py
[5.056s] -- Up-to-date: /home/dlyvern/Projects/Dragonfly/cw_serv_ws/install/cw_serv/share/ament_index/resource_index/package_run_dependencies/cw_serv
[5.056s] -- Installing: /home/dlyvern/Projects/Dragonfly/cw_serv_ws/install/cw_serv/share/ament_index/resource_index/parent_prefix_path/cw_serv
[5.056s] -- Up-to-date: /home/dlyvern/Projects/Dragonfly/cw_serv_ws/install/cw_serv/share/cw_serv/environment/ament_prefix_path.sh
[5.056s] -- Installing: /home/dlyvern/Projects/Dragonfly/cw_serv_ws/install/cw_serv/share/cw_serv/environment/ament_prefix_path.dsv
[5.056s] -- Up-to-date: /home/dlyvern/Projects/Dragonfly/cw_serv_ws/install/cw_serv/share/cw_serv/environment/path.sh
[5.056s] -- Installing: /home/dlyvern/Projects/Dragonfly/cw_serv_ws/install/cw_serv/share/cw_serv/environment/path.dsv
[5.056s] -- Up-to-date: /home/dlyvern/Projects/Dragonfly/cw_serv_ws/install/cw_serv/share/cw_serv/local_setup.bash
[5.056s] -- Up-to-date: /home/dlyvern/Projects/Dragonfly/cw_serv_ws/install/cw_serv/share/cw_serv/local_setup.sh
[5.057s] -- Up-to-date: /home/dlyvern/Projects/Dragonfly/cw_serv_ws/install/cw_serv/share/cw_serv/local_setup.zsh
[5.057s] -- Installing: /home/dlyvern/Projects/Dragonfly/cw_serv_ws/install/cw_serv/share/cw_serv/local_setup.dsv
[5.057s] -- Installing: /home/dlyvern/Projects/Dragonfly/cw_serv_ws/install/cw_serv/share/cw_serv/package.dsv
[5.057s] -- Up-to-date: /home/dlyvern/Projects/Dragonfly/cw_serv_ws/install/cw_serv/share/ament_index/resource_index/packages/cw_serv
[5.057s] -- Up-to-date: /home/dlyvern/Projects/Dragonfly/cw_serv_ws/install/cw_serv/share/cw_serv/cmake/CMakeConfix.cmake
[5.057s] -- Up-to-date: /home/dlyvern/Projects/Dragonfly/cw_serv_ws/install/cw_serv/share/cw_serv/cmake/cw_servConfig.cmake
[5.057s] -- Up-to-date: /home/dlyvern/Projects/Dragonfly/cw_serv_ws/install/cw_serv/share/cw_serv/cmake/cw_servConfig-version.cmake
[5.057s] -- Up-to-date: /home/dlyvern/Projects/Dragonfly/cw_serv_ws/install/cw_serv/share/cw_serv/package.xml
[5.058s] Invoked command in '/home/dlyvern/Projects/Dragonfly/cw_serv_ws/build/cw_serv' returned '0': CMAKE_PREFIX_PATH=/home/dlyvern/Projects/Dragonfly/cw_serv_ws/install/action_interface:/home/dlyvern/Projects/Dragonfly/cw_serv_ws/install/cw_serv:/opt/ros/humble /usr/bin/cmake --install /home/dlyvern/Projects/Dragonfly/cw_serv_ws/build/cw_serv
