[0.028s] Invoking command in '/home/dlyvern/Projects/Dragonfly/cw_serv_ws/build/cw_serv': CMAKE_PREFIX_PATH=/home/dlyvern/Projects/Dragonfly/cw_serv_ws/install/action_interface:/home/dlyvern/Projects/Dragonfly/cw_serv_ws/install/cw_serv:/opt/ros/humble /usr/bin/cmake --build /home/dlyvern/Projects/Dragonfly/cw_serv_ws/build/cw_serv -- -j12 -l12
[0.055s] [  6%] [34m[1mAutomatic MOC and UIC for target cw_serv[0m
[0.069s] [  6%] Built target cw_serv_autogen
[0.083s] [35m[1mConsolidate compiler generated dependencies of target cw_serv[0m
[0.108s] [ 13%] [32mBuilding CXX object CMakeFiles/cw_serv.dir/src/modules/Robot.cpp.o[0m
[2.210s] [ 20%] [32m[1mLinking CXX executable cw_serv[0m
[3.153s] [100%] Built target cw_serv
[3.162s] Invoked command in '/home/dlyvern/Projects/Dragonfly/cw_serv_ws/build/cw_serv' returned '0': CMAKE_PREFIX_PATH=/home/dlyvern/Projects/Dragonfly/cw_serv_ws/install/action_interface:/home/dlyvern/Projects/Dragonfly/cw_serv_ws/install/cw_serv:/opt/ros/humble /usr/bin/cmake --build /home/dlyvern/Projects/Dragonfly/cw_serv_ws/build/cw_serv -- -j12 -l12
[3.188s] Invoking command in '/home/dlyvern/Projects/Dragonfly/cw_serv_ws/build/cw_serv': CMAKE_PREFIX_PATH=/home/dlyvern/Projects/Dragonfly/cw_serv_ws/install/action_interface:/home/dlyvern/Projects/Dragonfly/cw_serv_ws/install/cw_serv:/opt/ros/humble /usr/bin/cmake --install /home/dlyvern/Projects/Dragonfly/cw_serv_ws/build/cw_serv
[3.192s] -- Install configuration: ""
[3.192s] -- Installing: /home/dlyvern/Projects/Dragonfly/cw_serv_ws/install/cw_serv/lib/cw_serv/cw_serv
[3.196s] -- Set runtime path of "/home/dlyvern/Projects/Dragonfly/cw_serv_ws/install/cw_serv/lib/cw_serv/cw_serv" to ""
[3.196s] -- Up-to-date: /home/dlyvern/Projects/Dragonfly/cw_serv_ws/install/cw_serv/share/cw_serv/launch
[3.196s] -- Up-to-date: /home/dlyvern/Projects/Dragonfly/cw_serv_ws/install/cw_serv/share/cw_serv/launch/cw_serv_launch.py
[3.196s] -- Up-to-date: /home/dlyvern/Projects/Dragonfly/cw_serv_ws/install/cw_serv/share/cw_serv/launch/settings_for_launch_file
[3.196s] -- Up-to-date: /home/dlyvern/Projects/Dragonfly/cw_serv_ws/install/cw_serv/share/cw_serv/launch/settings_for_launch_file/main_settings.ini
[3.196s] -- Up-to-date: /home/dlyvern/Projects/Dragonfly/cw_serv_ws/install/cw_serv/share/ament_index/resource_index/package_run_dependencies/cw_serv
[3.196s] -- Up-to-date: /home/dlyvern/Projects/Dragonfly/cw_serv_ws/install/cw_serv/share/ament_index/resource_index/parent_prefix_path/cw_serv
[3.196s] -- Up-to-date: /home/dlyvern/Projects/Dragonfly/cw_serv_ws/install/cw_serv/share/cw_serv/environment/ament_prefix_path.sh
[3.196s] -- Up-to-date: /home/dlyvern/Projects/Dragonfly/cw_serv_ws/install/cw_serv/share/cw_serv/environment/ament_prefix_path.dsv
[3.196s] -- Up-to-date: /home/dlyvern/Projects/Dragonfly/cw_serv_ws/install/cw_serv/share/cw_serv/environment/path.sh
[3.196s] -- Up-to-date: /home/dlyvern/Projects/Dragonfly/cw_serv_ws/install/cw_serv/share/cw_serv/environment/path.dsv
[3.196s] -- Up-to-date: /home/dlyvern/Projects/Dragonfly/cw_serv_ws/install/cw_serv/share/cw_serv/local_setup.bash
[3.197s] -- Up-to-date: /home/dlyvern/Projects/Dragonfly/cw_serv_ws/install/cw_serv/share/cw_serv/local_setup.sh
[3.197s] -- Up-to-date: /home/dlyvern/Projects/Dragonfly/cw_serv_ws/install/cw_serv/share/cw_serv/local_setup.zsh
[3.197s] -- Up-to-date: /home/dlyvern/Projects/Dragonfly/cw_serv_ws/install/cw_serv/share/cw_serv/local_setup.dsv
[3.197s] -- Installing: /home/dlyvern/Projects/Dragonfly/cw_serv_ws/install/cw_serv/share/cw_serv/package.dsv
[3.197s] -- Up-to-date: /home/dlyvern/Projects/Dragonfly/cw_serv_ws/install/cw_serv/share/ament_index/resource_index/packages/cw_serv
[3.197s] -- Up-to-date: /home/dlyvern/Projects/Dragonfly/cw_serv_ws/install/cw_serv/share/cw_serv/cmake/CMakeConfix.cmake
[3.197s] -- Up-to-date: /home/dlyvern/Projects/Dragonfly/cw_serv_ws/install/cw_serv/share/cw_serv/cmake/cw_servConfig.cmake
[3.197s] -- Up-to-date: /home/dlyvern/Projects/Dragonfly/cw_serv_ws/install/cw_serv/share/cw_serv/cmake/cw_servConfig-version.cmake
[3.197s] -- Up-to-date: /home/dlyvern/Projects/Dragonfly/cw_serv_ws/install/cw_serv/share/cw_serv/package.xml
[3.198s] Invoked command in '/home/dlyvern/Projects/Dragonfly/cw_serv_ws/build/cw_serv' returned '0': CMAKE_PREFIX_PATH=/home/dlyvern/Projects/Dragonfly/cw_serv_ws/install/action_interface:/home/dlyvern/Projects/Dragonfly/cw_serv_ws/install/cw_serv:/opt/ros/humble /usr/bin/cmake --install /home/dlyvern/Projects/Dragonfly/cw_serv_ws/build/cw_serv
