[0.022s] Invoking command in '/home/dlyvern/Projects/Dragonfly/cw_serv_ws/build/action_interface': CMAKE_PREFIX_PATH=/opt/ros/humble /usr/bin/cmake --build /home/dlyvern/Projects/Dragonfly/cw_serv_ws/build/action_interface -- -j12 -l12
[0.056s] -- Found ament_cmake: 1.3.5 (/opt/ros/humble/share/ament_cmake/cmake)
[0.144s] -- Found rosidl_default_generators: 1.2.0 (/opt/ros/humble/share/rosidl_default_generators/cmake)
[0.145s] -- Using all available rosidl_typesupport_c: rosidl_typesupport_fastrtps_c;rosidl_typesupport_introspection_c
[0.147s] -- Found rosidl_adapter: 3.1.5 (/opt/ros/humble/share/rosidl_adapter/cmake)
[0.170s] -- Using all available rosidl_typesupport_cpp: rosidl_typesupport_fastrtps_cpp;rosidl_typesupport_introspection_cpp
[0.373s] -- Found ament_cmake_ros: 0.10.0 (/opt/ros/humble/share/ament_cmake_ros/cmake)
[0.476s] -- Using all available rosidl_typesupport_c: rosidl_typesupport_fastrtps_c;rosidl_typesupport_introspection_c
[0.608s] -- Using all available rosidl_typesupport_cpp: rosidl_typesupport_fastrtps_cpp;rosidl_typesupport_introspection_cpp
[0.620s] -- Found python_cmake_module: 0.10.0 (/opt/ros/humble/share/python_cmake_module/cmake)
[0.633s] -- Using PYTHON_EXECUTABLE: /usr/bin/python3
[0.633s] -- Using PYTHON_INCLUDE_DIRS: /usr/include/python3.10
[0.633s] -- Using PYTHON_LIBRARIES: /usr/lib/x86_64-linux-gnu/libpython3.10.so
[0.643s] -- Found ament_lint_auto: 0.12.8 (/opt/ros/humble/share/ament_lint_auto/cmake)
[0.655s] -- Added test 'cppcheck' to perform static code analysis on C / C++ code
[0.656s] -- Configured cppcheck include dirs: 
[0.656s] -- Configured cppcheck exclude dirs and/or files: 
[0.656s] -- Added test 'flake8' to check Python code syntax and style conventions
[0.658s] -- Added test 'lint_cmake' to check CMake code style
[0.658s] -- Added test 'pep257' to check Python code against some of the docstring style conventions in PEP 257
[0.662s] -- Added test 'uncrustify' to check C / C++ code style
[0.662s] -- Configured uncrustify additional arguments: 
[0.663s] -- Added test 'xmllint' to check XML markup files
[0.665s] -- Configuring done
[0.688s] -- Generating done
[0.689s] -- Build files have been written to: /home/dlyvern/Projects/Dragonfly/cw_serv_ws/build/action_interface
[0.703s] [35m[1mConsolidate compiler generated dependencies of target action_interface__rosidl_generator_c[0m
[0.708s] [  3%] Built target action_interface__cpp
[0.711s] [ 12%] Built target action_interface__rosidl_generator_c
[0.714s] [35m[1mConsolidate compiler generated dependencies of target action_interface__rosidl_typesupport_cpp[0m
[0.714s] [35m[1mConsolidate compiler generated dependencies of target action_interface__rosidl_typesupport_introspection_cpp[0m
[0.714s] [35m[1mConsolidate compiler generated dependencies of target action_interface__rosidl_typesupport_fastrtps_cpp[0m
[0.715s] [ 12%] Built target ament_cmake_python_copy_action_interface
[0.717s] [35m[1mConsolidate compiler generated dependencies of target action_interface__rosidl_typesupport_introspection_c[0m
[0.717s] [35m[1mConsolidate compiler generated dependencies of target action_interface__rosidl_typesupport_fastrtps_c[0m
[0.718s] [35m[1mConsolidate compiler generated dependencies of target action_interface__rosidl_typesupport_c[0m
[0.724s] [ 35%] Built target action_interface__rosidl_typesupport_cpp
[0.724s] [ 35%] Built target action_interface__rosidl_typesupport_introspection_cpp
[0.724s] [ 48%] Built target action_interface__rosidl_typesupport_c
[0.724s] [ 51%] Built target action_interface__rosidl_typesupport_introspection_c
[0.724s] [ 61%] Built target action_interface__rosidl_typesupport_fastrtps_cpp
[0.725s] [ 70%] Built target action_interface__rosidl_typesupport_fastrtps_c
[0.737s] [ 70%] Built target action_interface
[0.747s] [ 74%] Built target action_interface__py
[0.752s] [35m[1mConsolidate compiler generated dependencies of target action_interface__rosidl_generator_py[0m
[0.760s] [ 80%] Built target action_interface__rosidl_generator_py
[0.766s] [35m[1mConsolidate compiler generated dependencies of target action_interface__rosidl_typesupport_fastrtps_c__pyext[0m
[0.766s] [35m[1mConsolidate compiler generated dependencies of target action_interface__rosidl_typesupport_introspection_c__pyext[0m
[0.767s] [35m[1mConsolidate compiler generated dependencies of target action_interface__rosidl_typesupport_c__pyext[0m
[0.774s] [ 96%] Built target action_interface__rosidl_typesupport_introspection_c__pyext
[0.774s] [ 96%] Built target action_interface__rosidl_typesupport_c__pyext
[0.774s] [100%] Built target action_interface__rosidl_typesupport_fastrtps_c__pyext
[0.836s] running egg_info
[0.836s] writing action_interface.egg-info/PKG-INFO
[0.836s] writing dependency_links to action_interface.egg-info/dependency_links.txt
[0.836s] writing top-level names to action_interface.egg-info/top_level.txt
[0.838s] reading manifest file 'action_interface.egg-info/SOURCES.txt'
[0.838s] writing manifest file 'action_interface.egg-info/SOURCES.txt'
[0.853s] [100%] Built target ament_cmake_python_build_action_interface_egg
[0.860s] Invoked command in '/home/dlyvern/Projects/Dragonfly/cw_serv_ws/build/action_interface' returned '0': CMAKE_PREFIX_PATH=/opt/ros/humble /usr/bin/cmake --build /home/dlyvern/Projects/Dragonfly/cw_serv_ws/build/action_interface -- -j12 -l12
[0.889s] Invoking command in '/home/dlyvern/Projects/Dragonfly/cw_serv_ws/build/action_interface': CMAKE_PREFIX_PATH=/opt/ros/humble /usr/bin/cmake --install /home/dlyvern/Projects/Dragonfly/cw_serv_ws/build/action_interface
[0.893s] -- Install configuration: ""
[0.893s] -- Up-to-date: /home/dlyvern/Projects/Dragonfly/cw_serv_ws/install/action_interface/share/ament_index/resource_index/rosidl_interfaces/action_interface
[0.893s] -- Up-to-date: /home/dlyvern/Projects/Dragonfly/cw_serv_ws/install/action_interface/include/action_interface/action_interface
[0.893s] -- Up-to-date: /home/dlyvern/Projects/Dragonfly/cw_serv_ws/install/action_interface/include/action_interface/action_interface/action
[0.894s] -- Up-to-date: /home/dlyvern/Projects/Dragonfly/cw_serv_ws/install/action_interface/include/action_interface/action_interface/action/cmd.h
[0.894s] -- Up-to-date: /home/dlyvern/Projects/Dragonfly/cw_serv_ws/install/action_interface/include/action_interface/action_interface/action/detail
[0.894s] -- Up-to-date: /home/dlyvern/Projects/Dragonfly/cw_serv_ws/install/action_interface/include/action_interface/action_interface/action/detail/cmd__functions.h
[0.894s] -- Up-to-date: /home/dlyvern/Projects/Dragonfly/cw_serv_ws/install/action_interface/include/action_interface/action_interface/action/detail/cmd__functions.c
[0.894s] -- Up-to-date: /home/dlyvern/Projects/Dragonfly/cw_serv_ws/install/action_interface/include/action_interface/action_interface/action/detail/cmd__type_support.h
[0.894s] -- Up-to-date: /home/dlyvern/Projects/Dragonfly/cw_serv_ws/install/action_interface/include/action_interface/action_interface/action/detail/cmd__struct.h
[0.894s] -- Up-to-date: /home/dlyvern/Projects/Dragonfly/cw_serv_ws/install/action_interface/include/action_interface/action_interface/msg
[0.894s] -- Up-to-date: /home/dlyvern/Projects/Dragonfly/cw_serv_ws/install/action_interface/include/action_interface/action_interface/msg/rosidl_generator_c__visibility_control.h
[0.894s] -- Up-to-date: /home/dlyvern/Projects/Dragonfly/cw_serv_ws/install/action_interface/share/action_interface/environment/library_path.sh
[0.894s] -- Installing: /home/dlyvern/Projects/Dragonfly/cw_serv_ws/install/action_interface/share/action_interface/environment/library_path.dsv
[0.894s] -- Up-to-date: /home/dlyvern/Projects/Dragonfly/cw_serv_ws/install/action_interface/lib/libaction_interface__rosidl_generator_c.so
[0.894s] -- Up-to-date: /home/dlyvern/Projects/Dragonfly/cw_serv_ws/install/action_interface/include/action_interface/action_interface
[0.894s] -- Up-to-date: /home/dlyvern/Projects/Dragonfly/cw_serv_ws/install/action_interface/include/action_interface/action_interface/action
[0.894s] -- Up-to-date: /home/dlyvern/Projects/Dragonfly/cw_serv_ws/install/action_interface/include/action_interface/action_interface/action/detail
[0.894s] -- Up-to-date: /home/dlyvern/Projects/Dragonfly/cw_serv_ws/install/action_interface/include/action_interface/action_interface/action/detail/cmd__rosidl_typesupport_fastrtps_c.h
[0.894s] -- Up-to-date: /home/dlyvern/Projects/Dragonfly/cw_serv_ws/install/action_interface/include/action_interface/action_interface/msg
[0.894s] -- Up-to-date: /home/dlyvern/Projects/Dragonfly/cw_serv_ws/install/action_interface/include/action_interface/action_interface/msg/rosidl_typesupport_fastrtps_c__visibility_control.h
[0.895s] -- Up-to-date: /home/dlyvern/Projects/Dragonfly/cw_serv_ws/install/action_interface/lib/libaction_interface__rosidl_typesupport_fastrtps_c.so
[0.895s] -- Up-to-date: /home/dlyvern/Projects/Dragonfly/cw_serv_ws/install/action_interface/include/action_interface/action_interface
[0.895s] -- Up-to-date: /home/dlyvern/Projects/Dragonfly/cw_serv_ws/install/action_interface/include/action_interface/action_interface/action
[0.895s] -- Up-to-date: /home/dlyvern/Projects/Dragonfly/cw_serv_ws/install/action_interface/include/action_interface/action_interface/action/detail
[0.895s] -- Up-to-date: /home/dlyvern/Projects/Dragonfly/cw_serv_ws/install/action_interface/include/action_interface/action_interface/action/detail/cmd__rosidl_typesupport_introspection_c.h
[0.895s] -- Up-to-date: /home/dlyvern/Projects/Dragonfly/cw_serv_ws/install/action_interface/include/action_interface/action_interface/action/detail/cmd__type_support.c
[0.895s] -- Up-to-date: /home/dlyvern/Projects/Dragonfly/cw_serv_ws/install/action_interface/include/action_interface/action_interface/msg
[0.895s] -- Up-to-date: /home/dlyvern/Projects/Dragonfly/cw_serv_ws/install/action_interface/include/action_interface/action_interface/msg/rosidl_typesupport_introspection_c__visibility_control.h
[0.895s] -- Up-to-date: /home/dlyvern/Projects/Dragonfly/cw_serv_ws/install/action_interface/lib/libaction_interface__rosidl_typesupport_introspection_c.so
[0.895s] -- Up-to-date: /home/dlyvern/Projects/Dragonfly/cw_serv_ws/install/action_interface/lib/libaction_interface__rosidl_typesupport_c.so
[0.895s] -- Up-to-date: /home/dlyvern/Projects/Dragonfly/cw_serv_ws/install/action_interface/include/action_interface/action_interface
[0.895s] -- Up-to-date: /home/dlyvern/Projects/Dragonfly/cw_serv_ws/install/action_interface/include/action_interface/action_interface/action
[0.896s] -- Up-to-date: /home/dlyvern/Projects/Dragonfly/cw_serv_ws/install/action_interface/include/action_interface/action_interface/action/cmd.hpp
[0.896s] -- Up-to-date: /home/dlyvern/Projects/Dragonfly/cw_serv_ws/install/action_interface/include/action_interface/action_interface/action/detail
[0.896s] -- Up-to-date: /home/dlyvern/Projects/Dragonfly/cw_serv_ws/install/action_interface/include/action_interface/action_interface/action/detail/cmd__builder.hpp
[0.896s] -- Up-to-date: /home/dlyvern/Projects/Dragonfly/cw_serv_ws/install/action_interface/include/action_interface/action_interface/action/detail/cmd__struct.hpp
[0.896s] -- Up-to-date: /home/dlyvern/Projects/Dragonfly/cw_serv_ws/install/action_interface/include/action_interface/action_interface/action/detail/cmd__traits.hpp
[0.896s] -- Up-to-date: /home/dlyvern/Projects/Dragonfly/cw_serv_ws/install/action_interface/include/action_interface/action_interface
[0.896s] -- Up-to-date: /home/dlyvern/Projects/Dragonfly/cw_serv_ws/install/action_interface/include/action_interface/action_interface/action
[0.896s] -- Up-to-date: /home/dlyvern/Projects/Dragonfly/cw_serv_ws/install/action_interface/include/action_interface/action_interface/action/detail
[0.896s] -- Up-to-date: /home/dlyvern/Projects/Dragonfly/cw_serv_ws/install/action_interface/include/action_interface/action_interface/action/detail/cmd__rosidl_typesupport_fastrtps_cpp.hpp
[0.896s] -- Up-to-date: /home/dlyvern/Projects/Dragonfly/cw_serv_ws/install/action_interface/include/action_interface/action_interface/action/detail/dds_fastrtps
[0.896s] -- Up-to-date: /home/dlyvern/Projects/Dragonfly/cw_serv_ws/install/action_interface/include/action_interface/action_interface/msg
[0.896s] -- Up-to-date: /home/dlyvern/Projects/Dragonfly/cw_serv_ws/install/action_interface/include/action_interface/action_interface/msg/rosidl_typesupport_fastrtps_cpp__visibility_control.h
[0.896s] -- Up-to-date: /home/dlyvern/Projects/Dragonfly/cw_serv_ws/install/action_interface/lib/libaction_interface__rosidl_typesupport_fastrtps_cpp.so
[0.896s] -- Up-to-date: /home/dlyvern/Projects/Dragonfly/cw_serv_ws/install/action_interface/include/action_interface/action_interface
[0.896s] -- Up-to-date: /home/dlyvern/Projects/Dragonfly/cw_serv_ws/install/action_interface/include/action_interface/action_interface/action
[0.896s] -- Up-to-date: /home/dlyvern/Projects/Dragonfly/cw_serv_ws/install/action_interface/include/action_interface/action_interface/action/detail
[0.896s] -- Up-to-date: /home/dlyvern/Projects/Dragonfly/cw_serv_ws/install/action_interface/include/action_interface/action_interface/action/detail/cmd__type_support.cpp
[0.896s] -- Up-to-date: /home/dlyvern/Projects/Dragonfly/cw_serv_ws/install/action_interface/include/action_interface/action_interface/action/detail/cmd__rosidl_typesupport_introspection_cpp.hpp
[0.896s] -- Up-to-date: /home/dlyvern/Projects/Dragonfly/cw_serv_ws/install/action_interface/lib/libaction_interface__rosidl_typesupport_introspection_cpp.so
[0.897s] -- Up-to-date: /home/dlyvern/Projects/Dragonfly/cw_serv_ws/install/action_interface/lib/libaction_interface__rosidl_typesupport_cpp.so
[0.897s] -- Up-to-date: /home/dlyvern/Projects/Dragonfly/cw_serv_ws/install/action_interface/share/action_interface/environment/pythonpath.sh
[0.897s] -- Installing: /home/dlyvern/Projects/Dragonfly/cw_serv_ws/install/action_interface/share/action_interface/environment/pythonpath.dsv
[0.897s] -- Up-to-date: /home/dlyvern/Projects/Dragonfly/cw_serv_ws/install/action_interface/local/lib/python3.10/dist-packages/action_interface-0.0.0-py3.10.egg-info
[0.897s] -- Installing: /home/dlyvern/Projects/Dragonfly/cw_serv_ws/install/action_interface/local/lib/python3.10/dist-packages/action_interface-0.0.0-py3.10.egg-info/PKG-INFO
[0.897s] -- Installing: /home/dlyvern/Projects/Dragonfly/cw_serv_ws/install/action_interface/local/lib/python3.10/dist-packages/action_interface-0.0.0-py3.10.egg-info/SOURCES.txt
[0.897s] -- Installing: /home/dlyvern/Projects/Dragonfly/cw_serv_ws/install/action_interface/local/lib/python3.10/dist-packages/action_interface-0.0.0-py3.10.egg-info/top_level.txt
[0.897s] -- Installing: /home/dlyvern/Projects/Dragonfly/cw_serv_ws/install/action_interface/local/lib/python3.10/dist-packages/action_interface-0.0.0-py3.10.egg-info/dependency_links.txt
[0.897s] -- Up-to-date: /home/dlyvern/Projects/Dragonfly/cw_serv_ws/install/action_interface/local/lib/python3.10/dist-packages/action_interface
[0.897s] -- Up-to-date: /home/dlyvern/Projects/Dragonfly/cw_serv_ws/install/action_interface/local/lib/python3.10/dist-packages/action_interface/action_interface_s__rosidl_typesupport_introspection_c.cpython-310-x86_64-linux-gnu.so
[0.897s] -- Up-to-date: /home/dlyvern/Projects/Dragonfly/cw_serv_ws/install/action_interface/local/lib/python3.10/dist-packages/action_interface/_action_interface_s.ep.rosidl_typesupport_introspection_c.c
[0.897s] -- Up-to-date: /home/dlyvern/Projects/Dragonfly/cw_serv_ws/install/action_interface/local/lib/python3.10/dist-packages/action_interface/action_interface_s__rosidl_typesupport_fastrtps_c.cpython-310-x86_64-linux-gnu.so
[0.897s] -- Up-to-date: /home/dlyvern/Projects/Dragonfly/cw_serv_ws/install/action_interface/local/lib/python3.10/dist-packages/action_interface/action_interface_s__rosidl_typesupport_c.cpython-310-x86_64-linux-gnu.so
[0.897s] -- Up-to-date: /home/dlyvern/Projects/Dragonfly/cw_serv_ws/install/action_interface/local/lib/python3.10/dist-packages/action_interface/action
[0.897s] -- Up-to-date: /home/dlyvern/Projects/Dragonfly/cw_serv_ws/install/action_interface/local/lib/python3.10/dist-packages/action_interface/action/_cmd_s.c
[0.897s] -- Up-to-date: /home/dlyvern/Projects/Dragonfly/cw_serv_ws/install/action_interface/local/lib/python3.10/dist-packages/action_interface/action/_cmd.py
[0.897s] -- Up-to-date: /home/dlyvern/Projects/Dragonfly/cw_serv_ws/install/action_interface/local/lib/python3.10/dist-packages/action_interface/action/__init__.py
[0.897s] -- Up-to-date: /home/dlyvern/Projects/Dragonfly/cw_serv_ws/install/action_interface/local/lib/python3.10/dist-packages/action_interface/_action_interface_s.ep.rosidl_typesupport_fastrtps_c.c
[0.897s] -- Up-to-date: /home/dlyvern/Projects/Dragonfly/cw_serv_ws/install/action_interface/local/lib/python3.10/dist-packages/action_interface/_action_interface_s.ep.rosidl_typesupport_c.c
[0.897s] -- Up-to-date: /home/dlyvern/Projects/Dragonfly/cw_serv_ws/install/action_interface/local/lib/python3.10/dist-packages/action_interface/libaction_interface__rosidl_generator_py.so
[0.897s] -- Installing: /home/dlyvern/Projects/Dragonfly/cw_serv_ws/install/action_interface/local/lib/python3.10/dist-packages/action_interface/__init__.py
[0.919s] Listing '/home/dlyvern/Projects/Dragonfly/cw_serv_ws/install/action_interface/local/lib/python3.10/dist-packages/action_interface'...
[0.919s] Compiling '/home/dlyvern/Projects/Dragonfly/cw_serv_ws/install/action_interface/local/lib/python3.10/dist-packages/action_interface/__init__.py'...
[0.919s] Listing '/home/dlyvern/Projects/Dragonfly/cw_serv_ws/install/action_interface/local/lib/python3.10/dist-packages/action_interface/action'...
[0.919s] Compiling '/home/dlyvern/Projects/Dragonfly/cw_serv_ws/install/action_interface/local/lib/python3.10/dist-packages/action_interface/action/__init__.py'...
[0.919s] Compiling '/home/dlyvern/Projects/Dragonfly/cw_serv_ws/install/action_interface/local/lib/python3.10/dist-packages/action_interface/action/_cmd.py'...
[0.923s] -- Up-to-date: /home/dlyvern/Projects/Dragonfly/cw_serv_ws/install/action_interface/local/lib/python3.10/dist-packages/action_interface/action_interface_s__rosidl_typesupport_fastrtps_c.cpython-310-x86_64-linux-gnu.so
[0.923s] -- Up-to-date: /home/dlyvern/Projects/Dragonfly/cw_serv_ws/install/action_interface/local/lib/python3.10/dist-packages/action_interface/action_interface_s__rosidl_typesupport_introspection_c.cpython-310-x86_64-linux-gnu.so
[0.923s] -- Up-to-date: /home/dlyvern/Projects/Dragonfly/cw_serv_ws/install/action_interface/local/lib/python3.10/dist-packages/action_interface/action_interface_s__rosidl_typesupport_c.cpython-310-x86_64-linux-gnu.so
[0.923s] -- Up-to-date: /home/dlyvern/Projects/Dragonfly/cw_serv_ws/install/action_interface/lib/libaction_interface__rosidl_generator_py.so
[0.924s] -- Up-to-date: /home/dlyvern/Projects/Dragonfly/cw_serv_ws/install/action_interface/share/action_interface/action/Cmd.idl
[0.924s] -- Up-to-date: /home/dlyvern/Projects/Dragonfly/cw_serv_ws/install/action_interface/share/action_interface/action/Cmd.action
[0.924s] -- Up-to-date: /home/dlyvern/Projects/Dragonfly/cw_serv_ws/install/action_interface/share/ament_index/resource_index/package_run_dependencies/action_interface
[0.924s] -- Up-to-date: /home/dlyvern/Projects/Dragonfly/cw_serv_ws/install/action_interface/share/ament_index/resource_index/parent_prefix_path/action_interface
[0.924s] -- Up-to-date: /home/dlyvern/Projects/Dragonfly/cw_serv_ws/install/action_interface/share/action_interface/environment/ament_prefix_path.sh
[0.924s] -- Installing: /home/dlyvern/Projects/Dragonfly/cw_serv_ws/install/action_interface/share/action_interface/environment/ament_prefix_path.dsv
[0.924s] -- Up-to-date: /home/dlyvern/Projects/Dragonfly/cw_serv_ws/install/action_interface/share/action_interface/environment/path.sh
[0.924s] -- Installing: /home/dlyvern/Projects/Dragonfly/cw_serv_ws/install/action_interface/share/action_interface/environment/path.dsv
[0.924s] -- Up-to-date: /home/dlyvern/Projects/Dragonfly/cw_serv_ws/install/action_interface/share/action_interface/local_setup.bash
[0.924s] -- Up-to-date: /home/dlyvern/Projects/Dragonfly/cw_serv_ws/install/action_interface/share/action_interface/local_setup.sh
[0.924s] -- Up-to-date: /home/dlyvern/Projects/Dragonfly/cw_serv_ws/install/action_interface/share/action_interface/local_setup.zsh
[0.924s] -- Installing: /home/dlyvern/Projects/Dragonfly/cw_serv_ws/install/action_interface/share/action_interface/local_setup.dsv
[0.924s] -- Installing: /home/dlyvern/Projects/Dragonfly/cw_serv_ws/install/action_interface/share/action_interface/package.dsv
[0.924s] -- Up-to-date: /home/dlyvern/Projects/Dragonfly/cw_serv_ws/install/action_interface/share/ament_index/resource_index/packages/action_interface
[0.924s] -- Up-to-date: /home/dlyvern/Projects/Dragonfly/cw_serv_ws/install/action_interface/share/action_interface/cmake/export_action_interface__rosidl_generator_cExport.cmake
[0.924s] -- Up-to-date: /home/dlyvern/Projects/Dragonfly/cw_serv_ws/install/action_interface/share/action_interface/cmake/export_action_interface__rosidl_generator_cExport-noconfig.cmake
[0.924s] -- Up-to-date: /home/dlyvern/Projects/Dragonfly/cw_serv_ws/install/action_interface/share/action_interface/cmake/export_action_interface__rosidl_typesupport_fastrtps_cExport.cmake
[0.924s] -- Up-to-date: /home/dlyvern/Projects/Dragonfly/cw_serv_ws/install/action_interface/share/action_interface/cmake/export_action_interface__rosidl_typesupport_fastrtps_cExport-noconfig.cmake
[0.924s] -- Up-to-date: /home/dlyvern/Projects/Dragonfly/cw_serv_ws/install/action_interface/share/action_interface/cmake/action_interface__rosidl_typesupport_introspection_cExport.cmake
[0.924s] -- Up-to-date: /home/dlyvern/Projects/Dragonfly/cw_serv_ws/install/action_interface/share/action_interface/cmake/action_interface__rosidl_typesupport_introspection_cExport-noconfig.cmake
[0.924s] -- Up-to-date: /home/dlyvern/Projects/Dragonfly/cw_serv_ws/install/action_interface/share/action_interface/cmake/action_interface__rosidl_typesupport_cExport.cmake
[0.924s] -- Up-to-date: /home/dlyvern/Projects/Dragonfly/cw_serv_ws/install/action_interface/share/action_interface/cmake/action_interface__rosidl_typesupport_cExport-noconfig.cmake
[0.924s] -- Up-to-date: /home/dlyvern/Projects/Dragonfly/cw_serv_ws/install/action_interface/share/action_interface/cmake/export_action_interface__rosidl_generator_cppExport.cmake
[0.925s] -- Up-to-date: /home/dlyvern/Projects/Dragonfly/cw_serv_ws/install/action_interface/share/action_interface/cmake/export_action_interface__rosidl_typesupport_fastrtps_cppExport.cmake
[0.925s] -- Up-to-date: /home/dlyvern/Projects/Dragonfly/cw_serv_ws/install/action_interface/share/action_interface/cmake/export_action_interface__rosidl_typesupport_fastrtps_cppExport-noconfig.cmake
[0.925s] -- Up-to-date: /home/dlyvern/Projects/Dragonfly/cw_serv_ws/install/action_interface/share/action_interface/cmake/action_interface__rosidl_typesupport_introspection_cppExport.cmake
[0.925s] -- Up-to-date: /home/dlyvern/Projects/Dragonfly/cw_serv_ws/install/action_interface/share/action_interface/cmake/action_interface__rosidl_typesupport_introspection_cppExport-noconfig.cmake
[0.925s] -- Up-to-date: /home/dlyvern/Projects/Dragonfly/cw_serv_ws/install/action_interface/share/action_interface/cmake/action_interface__rosidl_typesupport_cppExport.cmake
[0.925s] -- Up-to-date: /home/dlyvern/Projects/Dragonfly/cw_serv_ws/install/action_interface/share/action_interface/cmake/action_interface__rosidl_typesupport_cppExport-noconfig.cmake
[0.925s] -- Up-to-date: /home/dlyvern/Projects/Dragonfly/cw_serv_ws/install/action_interface/share/action_interface/cmake/export_action_interface__rosidl_generator_pyExport.cmake
[0.925s] -- Up-to-date: /home/dlyvern/Projects/Dragonfly/cw_serv_ws/install/action_interface/share/action_interface/cmake/export_action_interface__rosidl_generator_pyExport-noconfig.cmake
[0.925s] -- Up-to-date: /home/dlyvern/Projects/Dragonfly/cw_serv_ws/install/action_interface/share/action_interface/cmake/rosidl_cmake-extras.cmake
[0.925s] -- Up-to-date: /home/dlyvern/Projects/Dragonfly/cw_serv_ws/install/action_interface/share/action_interface/cmake/ament_cmake_export_dependencies-extras.cmake
[0.925s] -- Up-to-date: /home/dlyvern/Projects/Dragonfly/cw_serv_ws/install/action_interface/share/action_interface/cmake/ament_cmake_export_include_directories-extras.cmake
[0.925s] -- Up-to-date: /home/dlyvern/Projects/Dragonfly/cw_serv_ws/install/action_interface/share/action_interface/cmake/ament_cmake_export_libraries-extras.cmake
[0.925s] -- Up-to-date: /home/dlyvern/Projects/Dragonfly/cw_serv_ws/install/action_interface/share/action_interface/cmake/ament_cmake_export_targets-extras.cmake
[0.925s] -- Up-to-date: /home/dlyvern/Projects/Dragonfly/cw_serv_ws/install/action_interface/share/action_interface/cmake/rosidl_cmake_export_typesupport_targets-extras.cmake
[0.925s] -- Up-to-date: /home/dlyvern/Projects/Dragonfly/cw_serv_ws/install/action_interface/share/action_interface/cmake/rosidl_cmake_export_typesupport_libraries-extras.cmake
[0.925s] -- Up-to-date: /home/dlyvern/Projects/Dragonfly/cw_serv_ws/install/action_interface/share/action_interface/cmake/action_interfaceConfig.cmake
[0.925s] -- Up-to-date: /home/dlyvern/Projects/Dragonfly/cw_serv_ws/install/action_interface/share/action_interface/cmake/action_interfaceConfig-version.cmake
[0.925s] -- Up-to-date: /home/dlyvern/Projects/Dragonfly/cw_serv_ws/install/action_interface/share/action_interface/package.xml
[0.927s] Invoked command in '/home/dlyvern/Projects/Dragonfly/cw_serv_ws/build/action_interface' returned '0': CMAKE_PREFIX_PATH=/opt/ros/humble /usr/bin/cmake --install /home/dlyvern/Projects/Dragonfly/cw_serv_ws/build/action_interface
