[0.029s] Invoking command in '/home/dlyvern/Projects/Dragonfly/cw_serv_ws/build/cw_serv': CMAKE_PREFIX_PATH=/home/dlyvern/Projects/Dragonfly/cw_serv_ws/install/action_interface:/home/dlyvern/Projects/Dragonfly/cw_serv_ws/install/cw_serv:/opt/ros/humble /usr/bin/cmake --build /home/dlyvern/Projects/Dragonfly/cw_serv_ws/build/cw_serv -- -j12 -l12
[0.058s] -- Found ament_cmake: 1.3.5 (/opt/ros/humble/share/ament_cmake/cmake)
[0.150s] -- Found rclcpp: 16.0.6 (/opt/ros/humble/share/rclcpp/cmake)
[0.173s] -- Found rosidl_generator_c: 3.1.5 (/opt/ros/humble/share/rosidl_generator_c/cmake)
[0.175s] -- Found rosidl_adapter: 3.1.5 (/opt/ros/humble/share/rosidl_adapter/cmake)
[0.180s] -- Found rosidl_generator_cpp: 3.1.5 (/opt/ros/humble/share/rosidl_generator_cpp/cmake)
[0.188s] -- Using all available rosidl_typesupport_c: rosidl_typesupport_fastrtps_c;rosidl_typesupport_introspection_c
[0.199s] -- Using all available rosidl_typesupport_cpp: rosidl_typesupport_fastrtps_cpp;rosidl_typesupport_introspection_cpp
[0.238s] -- Found rmw_implementation_cmake: 6.1.1 (/opt/ros/humble/share/rmw_implementation_cmake/cmake)
[0.240s] -- Found rmw_fastrtps_cpp: 6.2.4 (/opt/ros/humble/share/rmw_fastrtps_cpp/cmake)
[0.309s] -- Using RMW implementation 'rmw_fastrtps_cpp' as default
[0.404s] -- Found rclcpp_action: 16.0.6 (/opt/ros/humble/share/rclcpp_action/cmake)
[0.458s] -- Found rclcpp_components: 16.0.6 (/opt/ros/humble/share/rclcpp_components/cmake)
[0.495s] -- Found action_interface: 0.0.0 (/home/dlyvern/Projects/Dragonfly/cw_serv_ws/install/action_interface/share/action_interface/cmake)
[0.533s] -- Found ament_lint_auto: 0.12.8 (/opt/ros/humble/share/ament_lint_auto/cmake)
[0.593s] -- Added test 'cppcheck' to perform static code analysis on C / C++ code
[0.593s] -- Configured cppcheck include dirs: $<BUILD_INTERFACE:/home/dlyvern/Projects/Dragonfly/cw_serv_ws/src/cw_serv/include/cw_serv>
[0.593s] -- Configured cppcheck exclude dirs and/or files: 
[0.595s] -- Added test 'flake8' to check Python code syntax and style conventions
[0.597s] -- Added test 'lint_cmake' to check CMake code style
[0.598s] -- Added test 'pep257' to check Python code against some of the docstring style conventions in PEP 257
[0.606s] -- Added test 'uncrustify' to check C / C++ code style
[0.606s] -- Configured uncrustify additional arguments: 
[0.607s] -- Added test 'xmllint' to check XML markup files
[0.608s] -- Configuring done
[0.637s] -- Generating done
[0.638s] -- Build files have been written to: /home/dlyvern/Projects/Dragonfly/cw_serv_ws/build/cw_serv
[0.658s] [  5%] [34m[1mAutomatic MOC and UIC for target cw_serv[0m
[0.975s] [  5%] Built target cw_serv_autogen
[0.989s] [35m[1mConsolidate compiler generated dependencies of target cw_serv[0m
[1.017s] [ 11%] [32mBuilding CXX object CMakeFiles/cw_serv.dir/cw_serv_autogen/mocs_compilation.cpp.o[0m
[1.025s] [ 16%] [32mBuilding CXX object CMakeFiles/cw_serv.dir/src/main.cpp.o[0m
[1.026s] [ 22%] [32mBuilding CXX object CMakeFiles/cw_serv.dir/src/modules/Logger.cpp.o[0m
[1.026s] [ 27%] [32mBuilding CXX object CMakeFiles/cw_serv.dir/src/modules/Module.cpp.o[0m
[1.026s] [ 33%] [32mBuilding CXX object CMakeFiles/cw_serv.dir/src/actions/ActionServer.cpp.o[0m
[1.027s] [ 38%] [32mBuilding CXX object CMakeFiles/cw_serv.dir/src/modules/Robot.cpp.o[0m
[1.028s] [ 50%] [32mBuilding CXX object CMakeFiles/cw_serv.dir/src/modules/TCPServer.cpp.o[0m
[1.028s] [ 50%] [32mBuilding CXX object CMakeFiles/cw_serv.dir/src/cw_structs/RunParameter.cpp.o[0m
[17.108s] [01m[K/home/dlyvern/Projects/Dragonfly/cw_serv_ws/src/cw_serv/src/modules/Module.cpp:4:100:[m[K [01;31m[Kerror: [m[Kconflicting declaration ‘[01m[Kstd::unordered_map<std::__cxx11::basic_string<char>, std::unordered_map<std::__cxx11::basic_string<char>, std::function<std::__cxx11::basic_string<char>()> > > Module::allActions_[m[K’
[17.110s]     4 | std::unordered_map<std::string, std::unordered_map<std::string, std::function<std::string (void)>>>[01;31m[KModule[m[K::allActions_;
[17.110s]       |                                                                                                    [01;31m[K^~~~~~[m[K
[17.110s] In file included from [01m[K/home/dlyvern/Projects/Dragonfly/cw_serv_ws/src/cw_serv/src/modules/Module.cpp:1[m[K:
[17.110s] [01m[K/home/dlyvern/Projects/Dragonfly/cw_serv_ws/src/cw_serv/include/cw_serv/modules/Module.hpp:70:127:[m[K [01;36m[Knote: [m[Kprevious declaration as ‘[01m[Kstd::unordered_map<std::__cxx11::basic_string<char>, std::unordered_map<std::__cxx11::basic_string<char>, std::function<std::pair<std::__cxx11::basic_string<char>, bool>()> > > Module::allActions_[m[K’
[17.111s]    70 |     static std::unordered_map<std::string, std::unordered_map<std::string, std::function<std::pair<std::string, bool>(void)>>>[01;36m[KallActions_[m[K;
[17.111s]       |                                                                                                                               [01;36m[K^~~~~~~~~~~[m[K
[17.123s] [01m[K/home/dlyvern/Projects/Dragonfly/cw_serv_ws/src/cw_serv/src/modules/Module.cpp:[m[K In constructor ‘[01m[KModule::Module(const string&, QWidget*)[m[K’:
[17.123s] [01m[K/home/dlyvern/Projects/Dragonfly/cw_serv_ws/src/cw_serv/src/modules/Module.cpp:29:31:[m[K [01;31m[Kerror: [m[Kcannot convert ‘[01m[Kstd::unordered_map<std::__cxx11::basic_string<char>, std::unordered_map<std::__cxx11::basic_string<char>, std::function<std::pair<std::__cxx11::basic_string<char>, bool>()> > >[m[K’ to ‘[01m[Kstd::unordered_map<std::__cxx11::basic_string<char>, std::unordered_map<std::__cxx11::basic_string<char>, std::function<std::__cxx11::basic_string<char>()> > >&[m[K’
[17.123s]    29 |         m_ActionServer->Start([01;31m[KallActions_[m[K);
[17.123s]       |                               [01;31m[K^~~~~~~~~~~[m[K
[17.123s]       |                               [01;31m[K|[m[K
[17.124s]       |                               [01;31m[Kstd::unordered_map<std::__cxx11::basic_string<char>, std::unordered_map<std::__cxx11::basic_string<char>, std::function<std::pair<std::__cxx11::basic_string<char>, bool>()> > >[m[K
[17.124s] In file included from [01m[K/home/dlyvern/Projects/Dragonfly/cw_serv_ws/src/cw_serv/include/cw_serv/modules/Module.hpp:25[m[K,
[17.124s]                  from [01m[K/home/dlyvern/Projects/Dragonfly/cw_serv_ws/src/cw_serv/src/modules/Module.cpp:1[m[K:
[17.124s] [01m[K/home/dlyvern/Projects/Dragonfly/cw_serv_ws/src/cw_serv/include/cw_serv/actions/ActionServer.hpp:39:117:[m[K [01;36m[Knote: [m[K  initializing argument 1 of ‘[01m[Kvoid ActionServer::Start(std::unordered_map<std::__cxx11::basic_string<char>, std::unordered_map<std::__cxx11::basic_string<char>, std::function<std::__cxx11::basic_string<char>()> > >&)[m[K’
[17.124s]    39 |     void Start([01;36m[Kstd::unordered_map<std::string, std::unordered_map<std::string, std::function<std::string (void)>>>& actions[m[K);
[17.124s]       |                [01;36m[K~~~~~~~~~~~~~~~~~~~~~~~~~~~~~~~~~~~~~~~~~~~~~~~~~~~~~~~~~~~~~~~~~~~~~~~~~~~~~~~~~~~~~~~~~~~~~~~~~~~~~^~~~~~~[m[K
[17.725s] [01m[K/home/dlyvern/Projects/Dragonfly/cw_serv_ws/src/cw_serv/src/modules/TCPServer.cpp:[m[K In constructor ‘[01m[KTCPServer::TCPServer(const string&, QWidget*)[m[K’:
[17.725s] [01m[K/home/dlyvern/Projects/Dragonfly/cw_serv_ws/src/cw_serv/src/modules/TCPServer.cpp:18:69:[m[K [01;31m[Kerror: [m[Kno match for ‘[01m[Koperator=[m[K’ (operand types are ‘[01m[Kstd::unordered_map<std::__cxx11::basic_string<char>, std::function<std::pair<std::__cxx11::basic_string<char>, bool>()> >::mapped_type[m[K’ {aka ‘[01m[Kstd::function<std::pair<std::__cxx11::basic_string<char>, bool>()>[m[K’} and ‘[01m[Kstd::_Bind_helper<false, std::__cxx11::basic_string<char> (TCPServer::*)(), TCPServer*>::type[m[K’)
[17.725s]    18 |     allActions_["Server"]["Test"] = std::bind(&TCPServer::Test, this[01;31m[K)[m[K;
[17.725s]       |                                                                     [01;31m[K^[m[K
[17.725s] In file included from [01m[K/usr/include/c++/11/functional:59[m[K,
[17.725s]                  from [01m[K/usr/include/c++/11/pstl/glue_algorithm_defs.h:13[m[K,
[17.725s]                  from [01m[K/usr/include/c++/11/algorithm:74[m[K,
[17.726s]                  from [01m[K/usr/include/x86_64-linux-gnu/qt5/QtCore/qglobal.h:142[m[K,
[17.726s]                  from [01m[K/usr/include/x86_64-linux-gnu/qt5/QtCore/qtimer.h:43[m[K,
[17.726s]                  from [01m[K/usr/include/x86_64-linux-gnu/qt5/QtCore/QTimer:1[m[K,
[17.726s]                  from [01m[K/home/dlyvern/Projects/Dragonfly/cw_serv_ws/src/cw_serv/include/cw_serv/modules/TCPServer.hpp:4[m[K,
[17.726s]                  from [01m[K/home/dlyvern/Projects/Dragonfly/cw_serv_ws/src/cw_serv/src/modules/TCPServer.cpp:1[m[K:
[17.726s] [01m[K/usr/include/c++/11/bits/std_function.h:530:9:[m[K [01;36m[Knote: [m[Kcandidate: ‘[01m[Ktemplate<class _Functor> std::function<_Res(_ArgTypes ...)>::_Requires<std::function<_Res(_ArgTypes ...)>::_Callable<_Functor>, std::function<_Res(_ArgTypes ...)>&> std::function<_Res(_ArgTypes ...)>::operator=(_Functor&&) [with _Functor = _Functor; _Res = std::pair<std::__cxx11::basic_string<char>, bool>; _ArgTypes = {}][m[K’
[17.726s]   530 |         [01;36m[Koperator[m[K=(_Functor&& __f)
[17.726s]       |         [01;36m[K^~~~~~~~[m[K
[17.726s] [01m[K/usr/include/c++/11/bits/std_function.h:530:9:[m[K [01;36m[Knote: [m[K  template argument deduction/substitution failed:
[17.726s] In file included from [01m[K/usr/include/x86_64-linux-gnu/qt5/QtCore/qglobal.h:45[m[K,
[17.726s]                  from [01m[K/usr/include/x86_64-linux-gnu/qt5/QtCore/qtimer.h:43[m[K,
[17.726s]                  from [01m[K/usr/include/x86_64-linux-gnu/qt5/QtCore/QTimer:1[m[K,
[17.726s]                  from [01m[K/home/dlyvern/Projects/Dragonfly/cw_serv_ws/src/cw_serv/include/cw_serv/modules/TCPServer.hpp:4[m[K,
[17.726s]                  from [01m[K/home/dlyvern/Projects/Dragonfly/cw_serv_ws/src/cw_serv/src/modules/TCPServer.cpp:1[m[K:
[17.726s] /usr/include/c++/11/type_traits: In substitution of ‘[01m[Ktemplate<bool _Cond, class _Tp> using __enable_if_t = typename std::enable_if::type [with bool _Cond = false; _Tp = std::function<std::pair<std::__cxx11::basic_string<char>, bool>()>&][m[K’:
[17.726s] [01m[K/usr/include/c++/11/bits/std_function.h:353:8:[m[K   required by substitution of ‘[01m[Ktemplate<class _Res, class ... _ArgTypes> template<class _Cond, class _Tp> using _Requires = std::__enable_if_t<_Cond::value, _Tp> [with _Cond = std::function<std::pair<std::__cxx11::basic_string<char>, bool>()>::_Callable<std::_Bind<std::__cxx11::basic_string<char> (TCPServer::*(TCPServer*))()>, std::_Bind<std::__cxx11::basic_string<char> (TCPServer::*(TCPServer*))()>, std::__invoke_result<std::_Bind<std::__cxx11::basic_string<char> (TCPServer::*(TCPServer*))()>&> >; _Tp = std::function<std::pair<std::__cxx11::basic_string<char>, bool>()>&; _Res = std::pair<std::__cxx11::basic_string<char>, bool>; _ArgTypes = {}][m[K’
[17.727s] [01m[K/usr/include/c++/11/bits/std_function.h:530:2:[m[K   required by substitution of ‘[01m[Ktemplate<class _Functor> std::function<std::pair<std::__cxx11::basic_string<char>, bool>()>::_Requires<std::function<std::pair<std::__cxx11::basic_string<char>, bool>()>::_Callable<_Functor, typename std::enable_if<(! std::is_same<typename std::remove_cv<typename std::remove_reference<_Tp>::type>::type, std::function<std::pair<std::__cxx11::basic_string<char>, bool>()> >::value), std::decay<T> >::type::type, std::__invoke_result<typename std::enable_if<(! std::is_same<typename std::remove_cv<typename std::remove_reference<_Tp>::type>::type, std::function<std::pair<std::__cxx11::basic_string<char>, bool>()> >::value), std::decay<T> >::type::type&> >, std::function<std::pair<std::__cxx11::basic_string<char>, bool>()>&> std::function<std::pair<std::__cxx11::basic_string<char>, bool>()>::operator=<_Functor>(_Functor&&) [with _Functor = std::_Bind<std::__cxx11::basic_string<char> (TCPServer::*(TCPServer*))()>][m[K’
[17.727s] [01m[K/home/dlyvern/Projects/Dragonfly/cw_serv_ws/src/cw_serv/src/modules/TCPServer.cpp:18:69:[m[K   required from here
[17.727s] [01m[K/usr/include/c++/11/type_traits:2205:11:[m[K [01;31m[Kerror: [m[Kno type named ‘[01m[Ktype[m[K’ in ‘[01m[Kstruct std::enable_if<false, std::function<std::pair<std::__cxx11::basic_string<char>, bool>()>&>[m[K’
[17.727s]  2205 |     using [01;31m[K__enable_if_t[m[K = typename enable_if<_Cond, _Tp>::type;
[17.727s]       |           [01;31m[K^~~~~~~~~~~~~[m[K
[17.727s] In file included from [01m[K/usr/include/c++/11/functional:59[m[K,
[17.727s]                  from [01m[K/usr/include/c++/11/pstl/glue_algorithm_defs.h:13[m[K,
[17.727s]                  from [01m[K/usr/include/c++/11/algorithm:74[m[K,
[17.727s]                  from [01m[K/usr/include/x86_64-linux-gnu/qt5/QtCore/qglobal.h:142[m[K,
[17.727s]                  from [01m[K/usr/include/x86_64-linux-gnu/qt5/QtCore/qtimer.h:43[m[K,
[17.727s]                  from [01m[K/usr/include/x86_64-linux-gnu/qt5/QtCore/QTimer:1[m[K,
[17.727s]                  from [01m[K/home/dlyvern/Projects/Dragonfly/cw_serv_ws/src/cw_serv/include/cw_serv/modules/TCPServer.hpp:4[m[K,
[17.727s]                  from [01m[K/home/dlyvern/Projects/Dragonfly/cw_serv_ws/src/cw_serv/src/modules/TCPServer.cpp:1[m[K:
[17.727s] [01m[K/usr/include/c++/11/bits/std_function.h:540:9:[m[K [01;36m[Knote: [m[Kcandidate: ‘[01m[Ktemplate<class _Functor> std::function<_Res(_ArgTypes ...)>& std::function<_Res(_ArgTypes ...)>::operator=(std::reference_wrapper<_Functor>) [with _Functor = _Functor; _Res = std::pair<std::__cxx11::basic_string<char>, bool>; _ArgTypes = {}][m[K’
[17.727s]   540 |         [01;36m[Koperator[m[K=(reference_wrapper<_Functor> __f) noexcept
[17.727s]       |         [01;36m[K^~~~~~~~[m[K
[17.727s] [01m[K/usr/include/c++/11/bits/std_function.h:540:9:[m[K [01;36m[Knote: [m[K  template argument deduction/substitution failed:
[17.727s] [01m[K/home/dlyvern/Projects/Dragonfly/cw_serv_ws/src/cw_serv/src/modules/TCPServer.cpp:18:69:[m[K [01;36m[Knote: [m[K  ‘[01m[Kstd::_Bind<std::__cxx11::basic_string<char> (TCPServer::*(TCPServer*))()>[m[K’ is not derived from ‘[01m[Kstd::reference_wrapper<_Tp>[m[K’
[17.728s]    18 |     allActions_["Server"]["Test"] = std::bind(&TCPServer::Test, this[01;36m[K)[m[K;
[17.728s]       |                                                                     [01;36m[K^[m[K
[17.728s] In file included from [01m[K/usr/include/c++/11/functional:59[m[K,
[17.728s]                  from [01m[K/usr/include/c++/11/pstl/glue_algorithm_defs.h:13[m[K,
[17.728s]                  from [01m[K/usr/include/c++/11/algorithm:74[m[K,
[17.728s]                  from [01m[K/usr/include/x86_64-linux-gnu/qt5/QtCore/qglobal.h:142[m[K,
[17.728s]                  from [01m[K/usr/include/x86_64-linux-gnu/qt5/QtCore/qtimer.h:43[m[K,
[17.728s]                  from [01m[K/usr/include/x86_64-linux-gnu/qt5/QtCore/QTimer:1[m[K,
[17.728s]                  from [01m[K/home/dlyvern/Projects/Dragonfly/cw_serv_ws/src/cw_serv/include/cw_serv/modules/TCPServer.hpp:4[m[K,
[17.728s]                  from [01m[K/home/dlyvern/Projects/Dragonfly/cw_serv_ws/src/cw_serv/src/modules/TCPServer.cpp:1[m[K:
[17.728s] [01m[K/usr/include/c++/11/bits/std_function.h:469:7:[m[K [01;36m[Knote: [m[Kcandidate: ‘[01m[Kstd::function<_Res(_ArgTypes ...)>& std::function<_Res(_ArgTypes ...)>::operator=(const std::function<_Res(_ArgTypes ...)>&) [with _Res = std::pair<std::__cxx11::basic_string<char>, bool>; _ArgTypes = {}][m[K’
[17.728s]   469 |       [01;36m[Koperator[m[K=(const function& __x)
[17.728s]       |       [01;36m[K^~~~~~~~[m[K
[17.728s] [01m[K/usr/include/c++/11/bits/std_function.h:469:33:[m[K [01;36m[Knote: [m[K  no known conversion for argument 1 from ‘[01m[Kstd::_Bind_helper<false, std::__cxx11::basic_string<char> (TCPServer::*)(), TCPServer*>::type[m[K’ to ‘[01m[Kconst std::function<std::pair<std::__cxx11::basic_string<char>, bool>()>&[m[K’
[17.728s]   469 |       operator=([01;36m[Kconst function& __x[m[K)
[17.728s]       |                 [01;36m[K~~~~~~~~~~~~~~~~^~~[m[K
[17.728s] [01m[K/usr/include/c++/11/bits/std_function.h:487:7:[m[K [01;36m[Knote: [m[Kcandidate: ‘[01m[Kstd::function<_Res(_ArgTypes ...)>& std::function<_Res(_ArgTypes ...)>::operator=(std::function<_Res(_ArgTypes ...)>&&) [with _Res = std::pair<std::__cxx11::basic_string<char>, bool>; _ArgTypes = {}][m[K’
[17.728s]   487 |       [01;36m[Koperator[m[K=(function&& __x) noexcept
[17.728s]       |       [01;36m[K^~~~~~~~[m[K
[17.728s] [01m[K/usr/include/c++/11/bits/std_function.h:487:28:[m[K [01;36m[Knote: [m[K  no known conversion for argument 1 from ‘[01m[Kstd::_Bind_helper<false, std::__cxx11::basic_string<char> (TCPServer::*)(), TCPServer*>::type[m[K’ to ‘[01m[Kstd::function<std::pair<std::__cxx11::basic_string<char>, bool>()>&&[m[K’
[17.728s]   487 |       operator=([01;36m[Kfunction&& __x[m[K) noexcept
[17.729s]       |                 [01;36m[K~~~~~~~~~~~^~~[m[K
[17.729s] [01m[K/usr/include/c++/11/bits/std_function.h:501:7:[m[K [01;36m[Knote: [m[Kcandidate: ‘[01m[Kstd::function<_Res(_ArgTypes ...)>& std::function<_Res(_ArgTypes ...)>::operator=(std::nullptr_t) [with _Res = std::pair<std::__cxx11::basic_string<char>, bool>; _ArgTypes = {}; std::nullptr_t = std::nullptr_t][m[K’
[17.729s]   501 |       [01;36m[Koperator[m[K=(nullptr_t) noexcept
[17.729s]       |       [01;36m[K^~~~~~~~[m[K
[17.729s] [01m[K/usr/include/c++/11/bits/std_function.h:501:17:[m[K [01;36m[Knote: [m[K  no known conversion for argument 1 from ‘[01m[Kstd::_Bind_helper<false, std::__cxx11::basic_string<char> (TCPServer::*)(), TCPServer*>::type[m[K’ to ‘[01m[Kstd::nullptr_t[m[K’
[17.729s]   501 |       operator=([01;36m[Knullptr_t[m[K) noexcept
[17.729s]       |                 [01;36m[K^~~~~~~~~[m[K
[17.843s] [01m[K/home/dlyvern/Projects/Dragonfly/cw_serv_ws/src/cw_serv/src/modules/Robot.cpp:[m[K In constructor ‘[01m[KRobot::Robot(const string&, QWidget*)[m[K’:
[17.844s] [01m[K/home/dlyvern/Projects/Dragonfly/cw_serv_ws/src/cw_serv/src/modules/Robot.cpp:10:68:[m[K [01;31m[Kerror: [m[Kno match for ‘[01m[Koperator=[m[K’ (operand types are ‘[01m[Kstd::unordered_map<std::__cxx11::basic_string<char>, std::function<std::pair<std::__cxx11::basic_string<char>, bool>()> >::mapped_type[m[K’ {aka ‘[01m[Kstd::function<std::pair<std::__cxx11::basic_string<char>, bool>()>[m[K’} and ‘[01m[Kstd::_Bind_helper<false, std::__cxx11::basic_string<char> (Robot::*)(), Robot*>::type[m[K’)
[17.844s]    10 |     allActions_["Robot"]["Enable"] = std::bind(&Robot::Enable, this[01;31m[K)[m[K;
[17.844s]       |                                                                    [01;31m[K^[m[K
[17.844s] In file included from [01m[K/usr/include/c++/11/functional:59[m[K,
[17.844s]                  from [01m[K/usr/include/c++/11/pstl/glue_algorithm_defs.h:13[m[K,
[17.844s]                  from [01m[K/usr/include/c++/11/algorithm:74[m[K,
[17.844s]                  from [01m[K/usr/include/x86_64-linux-gnu/qt5/QtCore/qglobal.h:142[m[K,
[17.844s]                  from [01m[K/usr/include/x86_64-linux-gnu/qt5/QtGui/qtguiglobal.h:43[m[K,
[17.845s]                  from [01m[K/usr/include/x86_64-linux-gnu/qt5/QtWidgets/qtwidgetsglobal.h:43[m[K,
[17.845s]                  from [01m[K/usr/include/x86_64-linux-gnu/qt5/QtWidgets/qwidget.h:43[m[K,
[17.845s]                  from [01m[K/usr/include/x86_64-linux-gnu/qt5/QtWidgets/QWidget:1[m[K,
[17.845s]                  from [01m[K/home/dlyvern/Projects/Dragonfly/cw_serv_ws/src/cw_serv/include/cw_serv/modules/Module.hpp:20[m[K,
[17.845s]                  from [01m[K/home/dlyvern/Projects/Dragonfly/cw_serv_ws/src/cw_serv/include/cw_serv/modules/Robot.hpp:6[m[K,
[17.845s]                  from [01m[K/home/dlyvern/Projects/Dragonfly/cw_serv_ws/src/cw_serv/src/modules/Robot.cpp:1[m[K:
[17.845s] [01m[K/usr/include/c++/11/bits/std_function.h:530:9:[m[K [01;36m[Knote: [m[Kcandidate: ‘[01m[Ktemplate<class _Functor> std::function<_Res(_ArgTypes ...)>::_Requires<std::function<_Res(_ArgTypes ...)>::_Callable<_Functor>, std::function<_Res(_ArgTypes ...)>&> std::function<_Res(_ArgTypes ...)>::operator=(_Functor&&) [with _Functor = _Functor; _Res = std::pair<std::__cxx11::basic_string<char>, bool>; _ArgTypes = {}][m[K’
[17.845s]   530 |         [01;36m[Koperator[m[K=(_Functor&& __f)
[17.845s]       |         [01;36m[K^~~~~~~~[m[K
[17.845s] [01m[K/usr/include/c++/11/bits/std_function.h:530:9:[m[K [01;36m[Knote: [m[K  template argument deduction/substitution failed:
[17.845s] In file included from [01m[K/usr/include/c++/11/bits/move.h:57[m[K,
[17.845s]                  from [01m[K/usr/include/c++/11/bits/stl_pair.h:59[m[K,
[17.845s]                  from [01m[K/usr/include/c++/11/bits/stl_algobase.h:64[m[K,
[17.845s]                  from [01m[K/usr/include/c++/11/bits/char_traits.h:39[m[K,
[17.845s]                  from [01m[K/usr/include/c++/11/string:40[m[K,
[17.845s]                  from [01m[K/home/dlyvern/Projects/Dragonfly/cw_serv_ws/src/cw_serv/include/cw_serv/cw_structs/Command.hpp:4[m[K,
[17.845s]                  from [01m[K/home/dlyvern/Projects/Dragonfly/cw_serv_ws/src/cw_serv/include/cw_serv/modules/Module.hpp:17[m[K,
[17.845s]                  from [01m[K/home/dlyvern/Projects/Dragonfly/cw_serv_ws/src/cw_serv/include/cw_serv/modules/Robot.hpp:6[m[K,
[17.845s]                  from [01m[K/home/dlyvern/Projects/Dragonfly/cw_serv_ws/src/cw_serv/src/modules/Robot.cpp:1[m[K:
[17.845s] /usr/include/c++/11/type_traits: In substitution of ‘[01m[Ktemplate<bool _Cond, class _Tp> using __enable_if_t = typename std::enable_if::type [with bool _Cond = false; _Tp = std::function<std::pair<std::__cxx11::basic_string<char>, bool>()>&][m[K’:
[17.845s] [01m[K/usr/include/c++/11/bits/std_function.h:353:8:[m[K   required by substitution of ‘[01m[Ktemplate<class _Res, class ... _ArgTypes> template<class _Cond, class _Tp> using _Requires = std::__enable_if_t<_Cond::value, _Tp> [with _Cond = std::function<std::pair<std::__cxx11::basic_string<char>, bool>()>::_Callable<std::_Bind<std::__cxx11::basic_string<char> (Robot::*(Robot*))()>, std::_Bind<std::__cxx11::basic_string<char> (Robot::*(Robot*))()>, std::__invoke_result<std::_Bind<std::__cxx11::basic_string<char> (Robot::*(Robot*))()>&> >; _Tp = std::function<std::pair<std::__cxx11::basic_string<char>, bool>()>&; _Res = std::pair<std::__cxx11::basic_string<char>, bool>; _ArgTypes = {}][m[K’
[17.846s] [01m[K/usr/include/c++/11/bits/std_function.h:530:2:[m[K   required by substitution of ‘[01m[Ktemplate<class _Functor> std::function<std::pair<std::__cxx11::basic_string<char>, bool>()>::_Requires<std::function<std::pair<std::__cxx11::basic_string<char>, bool>()>::_Callable<_Functor, typename std::enable_if<(! std::is_same<typename std::remove_cv<typename std::remove_reference<_Tp>::type>::type, std::function<std::pair<std::__cxx11::basic_string<char>, bool>()> >::value), std::decay<_Tp> >::type::type, std::__invoke_result<typename std::enable_if<(! std::is_same<typename std::remove_cv<typename std::remove_reference<_Tp>::type>::type, std::function<std::pair<std::__cxx11::basic_string<char>, bool>()> >::value), std::decay<_Tp> >::type::type&> >, std::function<std::pair<std::__cxx11::basic_string<char>, bool>()>&> std::function<std::pair<std::__cxx11::basic_string<char>, bool>()>::operator=<_Functor>(_Functor&&) [with _Functor = std::_Bind<std::__cxx11::basic_string<char> (Robot::*(Robot*))()>][m[K’
[17.846s] [01m[K/home/dlyvern/Projects/Dragonfly/cw_serv_ws/src/cw_serv/src/modules/Robot.cpp:10:68:[m[K   required from here
[17.846s] [01m[K/usr/include/c++/11/type_traits:2205:11:[m[K [01;31m[Kerror: [m[Kno type named ‘[01m[Ktype[m[K’ in ‘[01m[Kstruct std::enable_if<false, std::function<std::pair<std::__cxx11::basic_string<char>, bool>()>&>[m[K’
[17.846s]  2205 |     using [01;31m[K__enable_if_t[m[K = typename enable_if<_Cond, _Tp>::type;
[17.846s]       |           [01;31m[K^~~~~~~~~~~~~[m[K
[17.846s] In file included from [01m[K/usr/include/c++/11/functional:59[m[K,
[17.846s]                  from [01m[K/usr/include/c++/11/pstl/glue_algorithm_defs.h:13[m[K,
[17.846s]                  from [01m[K/usr/include/c++/11/algorithm:74[m[K,
[17.846s]                  from [01m[K/usr/include/x86_64-linux-gnu/qt5/QtCore/qglobal.h:142[m[K,
[17.846s]                  from [01m[K/usr/include/x86_64-linux-gnu/qt5/QtGui/qtguiglobal.h:43[m[K,
[17.846s]                  from [01m[K/usr/include/x86_64-linux-gnu/qt5/QtWidgets/qtwidgetsglobal.h:43[m[K,
[17.846s]                  from [01m[K/usr/include/x86_64-linux-gnu/qt5/QtWidgets/qwidget.h:43[m[K,
[17.846s]                  from [01m[K/usr/include/x86_64-linux-gnu/qt5/QtWidgets/QWidget:1[m[K,
[17.846s]                  from [01m[K/home/dlyvern/Projects/Dragonfly/cw_serv_ws/src/cw_serv/include/cw_serv/modules/Module.hpp:20[m[K,
[17.846s]                  from [01m[K/home/dlyvern/Projects/Dragonfly/cw_serv_ws/src/cw_serv/include/cw_serv/modules/Robot.hpp:6[m[K,
[17.846s]                  from [01m[K/home/dlyvern/Projects/Dragonfly/cw_serv_ws/src/cw_serv/src/modules/Robot.cpp:1[m[K:
[17.846s] [01m[K/usr/include/c++/11/bits/std_function.h:540:9:[m[K [01;36m[Knote: [m[Kcandidate: ‘[01m[Ktemplate<class _Functor> std::function<_Res(_ArgTypes ...)>& std::function<_Res(_ArgTypes ...)>::operator=(std::reference_wrapper<_Functor>) [with _Functor = _Functor; _Res = std::pair<std::__cxx11::basic_string<char>, bool>; _ArgTypes = {}][m[K’
[17.846s]   540 |         [01;36m[Koperator[m[K=(reference_wrapper<_Functor> __f) noexcept
[17.846s]       |         [01;36m[K^~~~~~~~[m[K
[17.846s] [01m[K/usr/include/c++/11/bits/std_function.h:540:9:[m[K [01;36m[Knote: [m[K  template argument deduction/substitution failed:
[17.846s] [01m[K/home/dlyvern/Projects/Dragonfly/cw_serv_ws/src/cw_serv/src/modules/Robot.cpp:10:68:[m[K [01;36m[Knote: [m[K  ‘[01m[Kstd::_Bind<std::__cxx11::basic_string<char> (Robot::*(Robot*))()>[m[K’ is not derived from ‘[01m[Kstd::reference_wrapper<_Tp>[m[K’
[17.847s]    10 |     allActions_["Robot"]["Enable"] = std::bind(&Robot::Enable, this[01;36m[K)[m[K;
[17.847s]       |                                                                    [01;36m[K^[m[K
[17.847s] In file included from [01m[K/usr/include/c++/11/functional:59[m[K,
[17.847s]                  from [01m[K/usr/include/c++/11/pstl/glue_algorithm_defs.h:13[m[K,
[17.847s]                  from [01m[K/usr/include/c++/11/algorithm:74[m[K,
[17.847s]                  from [01m[K/usr/include/x86_64-linux-gnu/qt5/QtCore/qglobal.h:142[m[K,
[17.847s]                  from [01m[K/usr/include/x86_64-linux-gnu/qt5/QtGui/qtguiglobal.h:43[m[K,
[17.847s]                  from [01m[K/usr/include/x86_64-linux-gnu/qt5/QtWidgets/qtwidgetsglobal.h:43[m[K,
[17.847s]                  from [01m[K/usr/include/x86_64-linux-gnu/qt5/QtWidgets/qwidget.h:43[m[K,
[17.847s]                  from [01m[K/usr/include/x86_64-linux-gnu/qt5/QtWidgets/QWidget:1[m[K,
[17.847s]                  from [01m[K/home/dlyvern/Projects/Dragonfly/cw_serv_ws/src/cw_serv/include/cw_serv/modules/Module.hpp:20[m[K,
[17.847s]                  from [01m[K/home/dlyvern/Projects/Dragonfly/cw_serv_ws/src/cw_serv/include/cw_serv/modules/Robot.hpp:6[m[K,
[17.847s]                  from [01m[K/home/dlyvern/Projects/Dragonfly/cw_serv_ws/src/cw_serv/src/modules/Robot.cpp:1[m[K:
[17.847s] [01m[K/usr/include/c++/11/bits/std_function.h:469:7:[m[K [01;36m[Knote: [m[Kcandidate: ‘[01m[Kstd::function<_Res(_ArgTypes ...)>& std::function<_Res(_ArgTypes ...)>::operator=(const std::function<_Res(_ArgTypes ...)>&) [with _Res = std::pair<std::__cxx11::basic_string<char>, bool>; _ArgTypes = {}][m[K’
[17.847s]   469 |       [01;36m[Koperator[m[K=(const function& __x)
[17.847s]       |       [01;36m[K^~~~~~~~[m[K
[17.847s] [01m[K/usr/include/c++/11/bits/std_function.h:469:33:[m[K [01;36m[Knote: [m[K  no known conversion for argument 1 from ‘[01m[Kstd::_Bind_helper<false, std::__cxx11::basic_string<char> (Robot::*)(), Robot*>::type[m[K’ to ‘[01m[Kconst std::function<std::pair<std::__cxx11::basic_string<char>, bool>()>&[m[K’
[17.847s]   469 |       operator=([01;36m[Kconst function& __x[m[K)
[17.847s]       |                 [01;36m[K~~~~~~~~~~~~~~~~^~~[m[K
[17.848s] [01m[K/usr/include/c++/11/bits/std_function.h:487:7:[m[K [01;36m[Knote: [m[Kcandidate: ‘[01m[Kstd::function<_Res(_ArgTypes ...)>& std::function<_Res(_ArgTypes ...)>::operator=(std::function<_Res(_ArgTypes ...)>&&) [with _Res = std::pair<std::__cxx11::basic_string<char>, bool>; _ArgTypes = {}][m[K’
[17.848s]   487 |       [01;36m[Koperator[m[K=(function&& __x) noexcept
[17.848s]       |       [01;36m[K^~~~~~~~[m[K
[17.848s] [01m[K/usr/include/c++/11/bits/std_function.h:487:28:[m[K [01;36m[Knote: [m[K  no known conversion for argument 1 from ‘[01m[Kstd::_Bind_helper<false, std::__cxx11::basic_string<char> (Robot::*)(), Robot*>::type[m[K’ to ‘[01m[Kstd::function<std::pair<std::__cxx11::basic_string<char>, bool>()>&&[m[K’
[17.848s]   487 |       operator=([01;36m[Kfunction&& __x[m[K) noexcept
[17.848s]       |                 [01;36m[K~~~~~~~~~~~^~~[m[K
[17.848s] [01m[K/usr/include/c++/11/bits/std_function.h:501:7:[m[K [01;36m[Knote: [m[Kcandidate: ‘[01m[Kstd::function<_Res(_ArgTypes ...)>& std::function<_Res(_ArgTypes ...)>::operator=(std::nullptr_t) [with _Res = std::pair<std::__cxx11::basic_string<char>, bool>; _ArgTypes = {}; std::nullptr_t = std::nullptr_t][m[K’
[17.848s]   501 |       [01;36m[Koperator[m[K=(nullptr_t) noexcept
[17.848s]       |       [01;36m[K^~~~~~~~[m[K
[17.848s] [01m[K/usr/include/c++/11/bits/std_function.h:501:17:[m[K [01;36m[Knote: [m[K  no known conversion for argument 1 from ‘[01m[Kstd::_Bind_helper<false, std::__cxx11::basic_string<char> (Robot::*)(), Robot*>::type[m[K’ to ‘[01m[Kstd::nullptr_t[m[K’
[17.848s]   501 |       operator=([01;36m[Knullptr_t[m[K) noexcept
[17.848s]       |                 [01;36m[K^~~~~~~~~[m[K
[17.848s] [01m[K/home/dlyvern/Projects/Dragonfly/cw_serv_ws/src/cw_serv/src/modules/Robot.cpp:11:80:[m[K [01;31m[Kerror: [m[Kno match for ‘[01m[Koperator=[m[K’ (operand types are ‘[01m[Kstd::unordered_map<std::__cxx11::basic_string<char>, std::function<std::pair<std::__cxx11::basic_string<char>, bool>()> >::mapped_type[m[K’ {aka ‘[01m[Kstd::function<std::pair<std::__cxx11::basic_string<char>, bool>()>[m[K’} and ‘[01m[Kstd::_Bind_helper<false, std::__cxx11::basic_string<char> (Robot::*)(), Robot*>::type[m[K’)
[17.848s]    11 |     allActions_["Robot"]["DoDiagnostic"] = std::bind(&Robot::DoDiagnostic, this[01;31m[K)[m[K;
[17.848s]       |                                                                                [01;31m[K^[m[K
[17.848s] In file included from [01m[K/usr/include/c++/11/functional:59[m[K,
[17.848s]                  from [01m[K/usr/include/c++/11/pstl/glue_algorithm_defs.h:13[m[K,
[17.848s]                  from [01m[K/usr/include/c++/11/algorithm:74[m[K,
[17.848s]                  from [01m[K/usr/include/x86_64-linux-gnu/qt5/QtCore/qglobal.h:142[m[K,
[17.848s]                  from [01m[K/usr/include/x86_64-linux-gnu/qt5/QtGui/qtguiglobal.h:43[m[K,
[17.849s]                  from [01m[K/usr/include/x86_64-linux-gnu/qt5/QtWidgets/qtwidgetsglobal.h:43[m[K,
[17.849s]                  from [01m[K/usr/include/x86_64-linux-gnu/qt5/QtWidgets/qwidget.h:43[m[K,
[17.849s]                  from [01m[K/usr/include/x86_64-linux-gnu/qt5/QtWidgets/QWidget:1[m[K,
[17.849s]                  from [01m[K/home/dlyvern/Projects/Dragonfly/cw_serv_ws/src/cw_serv/include/cw_serv/modules/Module.hpp:20[m[K,
[17.849s]                  from [01m[K/home/dlyvern/Projects/Dragonfly/cw_serv_ws/src/cw_serv/include/cw_serv/modules/Robot.hpp:6[m[K,
[17.849s]                  from [01m[K/home/dlyvern/Projects/Dragonfly/cw_serv_ws/src/cw_serv/src/modules/Robot.cpp:1[m[K:
[17.849s] [01m[K/usr/include/c++/11/bits/std_function.h:530:9:[m[K [01;36m[Knote: [m[Kcandidate: ‘[01m[Ktemplate<class _Functor> std::function<_Res(_ArgTypes ...)>::_Requires<std::function<_Res(_ArgTypes ...)>::_Callable<_Functor>, std::function<_Res(_ArgTypes ...)>&> std::function<_Res(_ArgTypes ...)>::operator=(_Functor&&) [with _Functor = _Functor; _Res = std::pair<std::__cxx11::basic_string<char>, bool>; _ArgTypes = {}][m[K’
[17.849s]   530 |         [01;36m[Koperator[m[K=(_Functor&& __f)
[17.849s]       |         [01;36m[K^~~~~~~~[m[K
[17.849s] [01m[K/usr/include/c++/11/bits/std_function.h:530:9:[m[K [01;36m[Knote: [m[K  template argument deduction/substitution failed:
[17.849s] [01m[K/usr/include/c++/11/bits/std_function.h:540:9:[m[K [01;36m[Knote: [m[Kcandidate: ‘[01m[Ktemplate<class _Functor> std::function<_Res(_ArgTypes ...)>& std::function<_Res(_ArgTypes ...)>::operator=(std::reference_wrapper<_Functor>) [with _Functor = _Functor; _Res = std::pair<std::__cxx11::basic_string<char>, bool>; _ArgTypes = {}][m[K’
[17.849s]   540 |         [01;36m[Koperator[m[K=(reference_wrapper<_Functor> __f) noexcept
[17.849s]       |         [01;36m[K^~~~~~~~[m[K
[17.849s] [01m[K/usr/include/c++/11/bits/std_function.h:540:9:[m[K [01;36m[Knote: [m[K  template argument deduction/substitution failed:
[17.849s] [01m[K/home/dlyvern/Projects/Dragonfly/cw_serv_ws/src/cw_serv/src/modules/Robot.cpp:11:80:[m[K [01;36m[Knote: [m[K  ‘[01m[Kstd::_Bind<std::__cxx11::basic_string<char> (Robot::*(Robot*))()>[m[K’ is not derived from ‘[01m[Kstd::reference_wrapper<_Tp>[m[K’
[17.849s]    11 |     allActions_["Robot"]["DoDiagnostic"] = std::bind(&Robot::DoDiagnostic, this[01;36m[K)[m[K;
[17.849s]       |                                                                                [01;36m[K^[m[K
[17.849s] In file included from [01m[K/usr/include/c++/11/functional:59[m[K,
[17.849s]                  from [01m[K/usr/include/c++/11/pstl/glue_algorithm_defs.h:13[m[K,
[17.849s]                  from [01m[K/usr/include/c++/11/algorithm:74[m[K,
[17.849s]                  from [01m[K/usr/include/x86_64-linux-gnu/qt5/QtCore/qglobal.h:142[m[K,
[17.849s]                  from [01m[K/usr/include/x86_64-linux-gnu/qt5/QtGui/qtguiglobal.h:43[m[K,
[17.850s]                  from [01m[K/usr/include/x86_64-linux-gnu/qt5/QtWidgets/qtwidgetsglobal.h:43[m[K,
[17.850s]                  from [01m[K/usr/include/x86_64-linux-gnu/qt5/QtWidgets/qwidget.h:43[m[K,
[17.850s]                  from [01m[K/usr/include/x86_64-linux-gnu/qt5/QtWidgets/QWidget:1[m[K,
[17.850s]                  from [01m[K/home/dlyvern/Projects/Dragonfly/cw_serv_ws/src/cw_serv/include/cw_serv/modules/Module.hpp:20[m[K,
[17.850s]                  from [01m[K/home/dlyvern/Projects/Dragonfly/cw_serv_ws/src/cw_serv/include/cw_serv/modules/Robot.hpp:6[m[K,
[17.850s]                  from [01m[K/home/dlyvern/Projects/Dragonfly/cw_serv_ws/src/cw_serv/src/modules/Robot.cpp:1[m[K:
[17.850s] [01m[K/usr/include/c++/11/bits/std_function.h:469:7:[m[K [01;36m[Knote: [m[Kcandidate: ‘[01m[Kstd::function<_Res(_ArgTypes ...)>& std::function<_Res(_ArgTypes ...)>::operator=(const std::function<_Res(_ArgTypes ...)>&) [with _Res = std::pair<std::__cxx11::basic_string<char>, bool>; _ArgTypes = {}][m[K’
[17.850s]   469 |       [01;36m[Koperator[m[K=(const function& __x)
[17.850s]       |       [01;36m[K^~~~~~~~[m[K
[17.850s] [01m[K/usr/include/c++/11/bits/std_function.h:469:33:[m[K [01;36m[Knote: [m[K  no known conversion for argument 1 from ‘[01m[Kstd::_Bind_helper<false, std::__cxx11::basic_string<char> (Robot::*)(), Robot*>::type[m[K’ to ‘[01m[Kconst std::function<std::pair<std::__cxx11::basic_string<char>, bool>()>&[m[K’
[17.850s]   469 |       operator=([01;36m[Kconst function& __x[m[K)
[17.850s]       |                 [01;36m[K~~~~~~~~~~~~~~~~^~~[m[K
[17.850s] [01m[K/usr/include/c++/11/bits/std_function.h:487:7:[m[K [01;36m[Knote: [m[Kcandidate: ‘[01m[Kstd::function<_Res(_ArgTypes ...)>& std::function<_Res(_ArgTypes ...)>::operator=(std::function<_Res(_ArgTypes ...)>&&) [with _Res = std::pair<std::__cxx11::basic_string<char>, bool>; _ArgTypes = {}][m[K’
[17.850s]   487 |       [01;36m[Koperator[m[K=(function&& __x) noexcept
[17.850s]       |       [01;36m[K^~~~~~~~[m[K
[17.850s] [01m[K/usr/include/c++/11/bits/std_function.h:487:28:[m[K [01;36m[Knote: [m[K  no known conversion for argument 1 from ‘[01m[Kstd::_Bind_helper<false, std::__cxx11::basic_string<char> (Robot::*)(), Robot*>::type[m[K’ to ‘[01m[Kstd::function<std::pair<std::__cxx11::basic_string<char>, bool>()>&&[m[K’
[17.850s]   487 |       operator=([01;36m[Kfunction&& __x[m[K) noexcept
[17.850s]       |                 [01;36m[K~~~~~~~~~~~^~~[m[K
[17.850s] [01m[K/usr/include/c++/11/bits/std_function.h:501:7:[m[K [01;36m[Knote: [m[Kcandidate: ‘[01m[Kstd::function<_Res(_ArgTypes ...)>& std::function<_Res(_ArgTypes ...)>::operator=(std::nullptr_t) [with _Res = std::pair<std::__cxx11::basic_string<char>, bool>; _ArgTypes = {}; std::nullptr_t = std::nullptr_t][m[K’
[17.850s]   501 |       [01;36m[Koperator[m[K=(nullptr_t) noexcept
[17.850s]       |       [01;36m[K^~~~~~~~[m[K
[17.851s] [01m[K/usr/include/c++/11/bits/std_function.h:501:17:[m[K [01;36m[Knote: [m[K  no known conversion for argument 1 from ‘[01m[Kstd::_Bind_helper<false, std::__cxx11::basic_string<char> (Robot::*)(), Robot*>::type[m[K’ to ‘[01m[Kstd::nullptr_t[m[K’
[17.851s]   501 |       operator=([01;36m[Knullptr_t[m[K) noexcept
[17.851s]       |                 [01;36m[K^~~~~~~~~[m[K
[17.851s] [01m[K/home/dlyvern/Projects/Dragonfly/cw_serv_ws/src/cw_serv/src/modules/Robot.cpp:12:70:[m[K [01;31m[Kerror: [m[Kno match for ‘[01m[Koperator=[m[K’ (operand types are ‘[01m[Kstd::unordered_map<std::__cxx11::basic_string<char>, std::function<std::pair<std::__cxx11::basic_string<char>, bool>()> >::mapped_type[m[K’ {aka ‘[01m[Kstd::function<std::pair<std::__cxx11::basic_string<char>, bool>()>[m[K’} and ‘[01m[Kstd::_Bind_helper<false, std::__cxx11::basic_string<char> (Robot::*)(), Robot*>::type[m[K’)
[17.851s]    12 |     allActions_["Robot"]["Disable"] = std::bind(&Robot::Disable, this[01;31m[K)[m[K;
[17.851s]       |                                                                      [01;31m[K^[m[K
[17.851s] In file included from [01m[K/usr/include/c++/11/functional:59[m[K,
[17.851s]                  from [01m[K/usr/include/c++/11/pstl/glue_algorithm_defs.h:13[m[K,
[17.851s]                  from [01m[K/usr/include/c++/11/algorithm:74[m[K,
[17.851s]                  from [01m[K/usr/include/x86_64-linux-gnu/qt5/QtCore/qglobal.h:142[m[K,
[17.851s]                  from [01m[K/usr/include/x86_64-linux-gnu/qt5/QtGui/qtguiglobal.h:43[m[K,
[17.851s]                  from [01m[K/usr/include/x86_64-linux-gnu/qt5/QtWidgets/qtwidgetsglobal.h:43[m[K,
[17.851s]                  from [01m[K/usr/include/x86_64-linux-gnu/qt5/QtWidgets/qwidget.h:43[m[K,
[17.851s]                  from [01m[K/usr/include/x86_64-linux-gnu/qt5/QtWidgets/QWidget:1[m[K,
[17.851s]                  from [01m[K/home/dlyvern/Projects/Dragonfly/cw_serv_ws/src/cw_serv/include/cw_serv/modules/Module.hpp:20[m[K,
[17.851s]                  from [01m[K/home/dlyvern/Projects/Dragonfly/cw_serv_ws/src/cw_serv/include/cw_serv/modules/Robot.hpp:6[m[K,
[17.851s]                  from [01m[K/home/dlyvern/Projects/Dragonfly/cw_serv_ws/src/cw_serv/src/modules/Robot.cpp:1[m[K:
[17.851s] [01m[K/usr/include/c++/11/bits/std_function.h:530:9:[m[K [01;36m[Knote: [m[Kcandidate: ‘[01m[Ktemplate<class _Functor> std::function<_Res(_ArgTypes ...)>::_Requires<std::function<_Res(_ArgTypes ...)>::_Callable<_Functor>, std::function<_Res(_ArgTypes ...)>&> std::function<_Res(_ArgTypes ...)>::operator=(_Functor&&) [with _Functor = _Functor; _Res = std::pair<std::__cxx11::basic_string<char>, bool>; _ArgTypes = {}][m[K’
[17.851s]   530 |         [01;36m[Koperator[m[K=(_Functor&& __f)
[17.851s]       |         [01;36m[K^~~~~~~~[m[K
[17.851s] [01m[K/usr/include/c++/11/bits/std_function.h:530:9:[m[K [01;36m[Knote: [m[K  template argument deduction/substitution failed:
[17.851s] [01m[K/usr/include/c++/11/bits/std_function.h:540:9:[m[K [01;36m[Knote: [m[Kcandidate: ‘[01m[Ktemplate<class _Functor> std::function<_Res(_ArgTypes ...)>& std::function<_Res(_ArgTypes ...)>::operator=(std::reference_wrapper<_Functor>) [with _Functor = _Functor; _Res = std::pair<std::__cxx11::basic_string<char>, bool>; _ArgTypes = {}][m[K’
[17.852s]   540 |         [01;36m[Koperator[m[K=(reference_wrapper<_Functor> __f) noexcept
[17.852s]       |         [01;36m[K^~~~~~~~[m[K
[17.852s] [01m[K/usr/include/c++/11/bits/std_function.h:540:9:[m[K [01;36m[Knote: [m[K  template argument deduction/substitution failed:
[17.852s] [01m[K/home/dlyvern/Projects/Dragonfly/cw_serv_ws/src/cw_serv/src/modules/Robot.cpp:12:70:[m[K [01;36m[Knote: [m[K  ‘[01m[Kstd::_Bind<std::__cxx11::basic_string<char> (Robot::*(Robot*))()>[m[K’ is not derived from ‘[01m[Kstd::reference_wrapper<_Tp>[m[K’
[17.852s]    12 |     allActions_["Robot"]["Disable"] = std::bind(&Robot::Disable, this[01;36m[K)[m[K;
[17.852s]       |                                                                      [01;36m[K^[m[K
[17.852s] In file included from [01m[K/usr/include/c++/11/functional:59[m[K,
[17.852s]                  from [01m[K/usr/include/c++/11/pstl/glue_algorithm_defs.h:13[m[K,
[17.852s]                  from [01m[K/usr/include/c++/11/algorithm:74[m[K,
[17.852s]                  from [01m[K/usr/include/x86_64-linux-gnu/qt5/QtCore/qglobal.h:142[m[K,
[17.852s]                  from [01m[K/usr/include/x86_64-linux-gnu/qt5/QtGui/qtguiglobal.h:43[m[K,
[17.852s]                  from [01m[K/usr/include/x86_64-linux-gnu/qt5/QtWidgets/qtwidgetsglobal.h:43[m[K,
[17.852s]                  from [01m[K/usr/include/x86_64-linux-gnu/qt5/QtWidgets/qwidget.h:43[m[K,
[17.852s]                  from [01m[K/usr/include/x86_64-linux-gnu/qt5/QtWidgets/QWidget:1[m[K,
[17.852s]                  from [01m[K/home/dlyvern/Projects/Dragonfly/cw_serv_ws/src/cw_serv/include/cw_serv/modules/Module.hpp:20[m[K,
[17.852s]                  from [01m[K/home/dlyvern/Projects/Dragonfly/cw_serv_ws/src/cw_serv/include/cw_serv/modules/Robot.hpp:6[m[K,
[17.852s]                  from [01m[K/home/dlyvern/Projects/Dragonfly/cw_serv_ws/src/cw_serv/src/modules/Robot.cpp:1[m[K:
[17.852s] [01m[K/usr/include/c++/11/bits/std_function.h:469:7:[m[K [01;36m[Knote: [m[Kcandidate: ‘[01m[Kstd::function<_Res(_ArgTypes ...)>& std::function<_Res(_ArgTypes ...)>::operator=(const std::function<_Res(_ArgTypes ...)>&) [with _Res = std::pair<std::__cxx11::basic_string<char>, bool>; _ArgTypes = {}][m[K’
[17.852s]   469 |       [01;36m[Koperator[m[K=(const function& __x)
[17.852s]       |       [01;36m[K^~~~~~~~[m[K
[17.852s] [01m[K/usr/include/c++/11/bits/std_function.h:469:33:[m[K [01;36m[Knote: [m[K  no known conversion for argument 1 from ‘[01m[Kstd::_Bind_helper<false, std::__cxx11::basic_string<char> (Robot::*)(), Robot*>::type[m[K’ to ‘[01m[Kconst std::function<std::pair<std::__cxx11::basic_string<char>, bool>()>&[m[K’
[17.852s]   469 |       operator=([01;36m[Kconst function& __x[m[K)
[17.853s]       |                 [01;36m[K~~~~~~~~~~~~~~~~^~~[m[K
[17.853s] [01m[K/usr/include/c++/11/bits/std_function.h:487:7:[m[K [01;36m[Knote: [m[Kcandidate: ‘[01m[Kstd::function<_Res(_ArgTypes ...)>& std::function<_Res(_ArgTypes ...)>::operator=(std::function<_Res(_ArgTypes ...)>&&) [with _Res = std::pair<std::__cxx11::basic_string<char>, bool>; _ArgTypes = {}][m[K’
[17.853s]   487 |       [01;36m[Koperator[m[K=(function&& __x) noexcept
[17.853s]       |       [01;36m[K^~~~~~~~[m[K
[17.853s] [01m[K/usr/include/c++/11/bits/std_function.h:487:28:[m[K [01;36m[Knote: [m[K  no known conversion for argument 1 from ‘[01m[Kstd::_Bind_helper<false, std::__cxx11::basic_string<char> (Robot::*)(), Robot*>::type[m[K’ to ‘[01m[Kstd::function<std::pair<std::__cxx11::basic_string<char>, bool>()>&&[m[K’
[17.853s]   487 |       operator=([01;36m[Kfunction&& __x[m[K) noexcept
[17.853s]       |                 [01;36m[K~~~~~~~~~~~^~~[m[K
[17.853s] [01m[K/usr/include/c++/11/bits/std_function.h:501:7:[m[K [01;36m[Knote: [m[Kcandidate: ‘[01m[Kstd::function<_Res(_ArgTypes ...)>& std::function<_Res(_ArgTypes ...)>::operator=(std::nullptr_t) [with _Res = std::pair<std::__cxx11::basic_string<char>, bool>; _ArgTypes = {}; std::nullptr_t = std::nullptr_t][m[K’
[17.853s]   501 |       [01;36m[Koperator[m[K=(nullptr_t) noexcept
[17.853s]       |       [01;36m[K^~~~~~~~[m[K
[17.853s] [01m[K/usr/include/c++/11/bits/std_function.h:501:17:[m[K [01;36m[Knote: [m[K  no known conversion for argument 1 from ‘[01m[Kstd::_Bind_helper<false, std::__cxx11::basic_string<char> (Robot::*)(), Robot*>::type[m[K’ to ‘[01m[Kstd::nullptr_t[m[K’
[17.853s]   501 |       operator=([01;36m[Knullptr_t[m[K) noexcept
[17.853s]       |                 [01;36m[K^~~~~~~~~[m[K
[18.265s] gmake[2]: *** [CMakeFiles/cw_serv.dir/build.make:174: CMakeFiles/cw_serv.dir/src/modules/TCPServer.cpp.o] Error 1
[18.265s] gmake[2]: *** Waiting for unfinished jobs....
[18.359s] gmake[2]: *** [CMakeFiles/cw_serv.dir/build.make:244: CMakeFiles/cw_serv.dir/src/modules/Robot.cpp.o] Error 1
[18.366s] gmake[2]: *** [CMakeFiles/cw_serv.dir/build.make:160: CMakeFiles/cw_serv.dir/src/modules/Module.cpp.o] Error 1
[21.492s] gmake[1]: *** [CMakeFiles/Makefile2:138: CMakeFiles/cw_serv.dir/all] Error 2
[21.492s] gmake: *** [Makefile:146: all] Error 2
[21.528s] Invoked command in '/home/dlyvern/Projects/Dragonfly/cw_serv_ws/build/cw_serv' returned '2': CMAKE_PREFIX_PATH=/home/dlyvern/Projects/Dragonfly/cw_serv_ws/install/action_interface:/home/dlyvern/Projects/Dragonfly/cw_serv_ws/install/cw_serv:/opt/ros/humble /usr/bin/cmake --build /home/dlyvern/Projects/Dragonfly/cw_serv_ws/build/cw_serv -- -j12 -l12
