[0.518s] DEBUG:colcon:Command line arguments: ['/usr/bin/colcon', 'build']
[0.518s] DEBUG:colcon:Parsed command line arguments: Namespace(log_base=None, log_level=None, verb_name='build', build_base='build', install_base='install', merge_install=False, symlink_install=False, test_result_base=None, continue_on_error=False, executor='parallel', parallel_workers=12, event_handlers=None, ignore_user_meta=False, metas=['./colcon.meta'], base_paths=['.'], packages_ignore=None, packages_ignore_regex=None, paths=None, packages_up_to=None, packages_up_to_regex=None, packages_above=None, packages_above_and_dependencies=None, packages_above_depth=None, packages_select_by_dep=None, packages_skip_by_dep=None, packages_skip_up_to=None, packages_select_build_failed=False, packages_skip_build_finished=False, packages_select_test_failures=False, packages_skip_test_passed=False, packages_select=None, packages_skip=None, packages_select_regex=None, packages_skip_regex=None, packages_start=None, packages_end=None, allow_overriding=[], cmake_args=None, cmake_target=None, cmake_target_skip_unavailable=False, cmake_clean_cache=False, cmake_clean_first=False, cmake_force_configure=False, ament_cmake_args=None, catkin_cmake_args=None, catkin_skip_building_tests=False, verb_parser=<colcon_defaults.argument_parser.defaults.DefaultArgumentsDecorator object at 0x7fd3f2a16350>, verb_extension=<colcon_core.verb.build.BuildVerb object at 0x7fd3f2a16f20>, main=<bound method BuildVerb.main of <colcon_core.verb.build.BuildVerb object at 0x7fd3f2a16f20>>)
[0.549s] Level 1:colcon.colcon_core.package_discovery:discover_packages(colcon_meta) check parameters
[0.549s] Level 1:colcon.colcon_core.package_discovery:discover_packages(recursive) check parameters
[0.549s] Level 1:colcon.colcon_core.package_discovery:discover_packages(ignore) check parameters
[0.549s] Level 1:colcon.colcon_core.package_discovery:discover_packages(path) check parameters
[0.549s] Level 1:colcon.colcon_core.package_discovery:discover_packages(colcon_meta) discover
[0.549s] Level 1:colcon.colcon_core.package_discovery:discover_packages(recursive) discover
[0.549s] INFO:colcon.colcon_core.package_discovery:Crawling recursively for packages in '/home/dlyvern/Projects/Dragonfly/cw_serv_ws'
[0.549s] Level 1:colcon.colcon_core.package_identification:_identify(.) by extensions ['ignore', 'ignore_ament_install']
[0.549s] Level 1:colcon.colcon_core.package_identification:_identify(.) by extension 'ignore'
[0.549s] Level 1:colcon.colcon_core.package_identification:_identify(.) by extension 'ignore_ament_install'
[0.549s] Level 1:colcon.colcon_core.package_identification:_identify(.) by extensions ['colcon_pkg']
[0.549s] Level 1:colcon.colcon_core.package_identification:_identify(.) by extension 'colcon_pkg'
[0.549s] Level 1:colcon.colcon_core.package_identification:_identify(.) by extensions ['colcon_meta']
[0.549s] Level 1:colcon.colcon_core.package_identification:_identify(.) by extension 'colcon_meta'
[0.549s] Level 1:colcon.colcon_core.package_identification:_identify(.) by extensions ['ros']
[0.549s] Level 1:colcon.colcon_core.package_identification:_identify(.) by extension 'ros'
[0.557s] Level 1:colcon.colcon_core.package_identification:_identify(.) by extensions ['cmake', 'python']
[0.557s] Level 1:colcon.colcon_core.package_identification:_identify(.) by extension 'cmake'
[0.557s] Level 1:colcon.colcon_core.package_identification:_identify(.) by extension 'python'
[0.557s] Level 1:colcon.colcon_core.package_identification:_identify(.) by extensions ['python_setup_py']
[0.557s] Level 1:colcon.colcon_core.package_identification:_identify(.) by extension 'python_setup_py'
[0.557s] Level 1:colcon.colcon_core.package_identification:_identify(build) by extensions ['ignore', 'ignore_ament_install']
[0.557s] Level 1:colcon.colcon_core.package_identification:_identify(build) by extension 'ignore'
[0.558s] Level 1:colcon.colcon_core.package_identification:_identify(build) ignored
[0.558s] Level 1:colcon.colcon_core.package_identification:_identify(install) by extensions ['ignore', 'ignore_ament_install']
[0.558s] Level 1:colcon.colcon_core.package_identification:_identify(install) by extension 'ignore'
[0.558s] Level 1:colcon.colcon_core.package_identification:_identify(install) ignored
[0.558s] Level 1:colcon.colcon_core.package_identification:_identify(log) by extensions ['ignore', 'ignore_ament_install']
[0.558s] Level 1:colcon.colcon_core.package_identification:_identify(log) by extension 'ignore'
[0.558s] Level 1:colcon.colcon_core.package_identification:_identify(log) ignored
[0.558s] Level 1:colcon.colcon_core.package_identification:_identify(logs) by extensions ['ignore', 'ignore_ament_install']
[0.558s] Level 1:colcon.colcon_core.package_identification:_identify(logs) by extension 'ignore'
[0.558s] Level 1:colcon.colcon_core.package_identification:_identify(logs) by extension 'ignore_ament_install'
[0.558s] Level 1:colcon.colcon_core.package_identification:_identify(logs) by extensions ['colcon_pkg']
[0.558s] Level 1:colcon.colcon_core.package_identification:_identify(logs) by extension 'colcon_pkg'
[0.558s] Level 1:colcon.colcon_core.package_identification:_identify(logs) by extensions ['colcon_meta']
[0.558s] Level 1:colcon.colcon_core.package_identification:_identify(logs) by extension 'colcon_meta'
[0.558s] Level 1:colcon.colcon_core.package_identification:_identify(logs) by extensions ['ros']
[0.558s] Level 1:colcon.colcon_core.package_identification:_identify(logs) by extension 'ros'
[0.558s] Level 1:colcon.colcon_core.package_identification:_identify(logs) by extensions ['cmake', 'python']
[0.558s] Level 1:colcon.colcon_core.package_identification:_identify(logs) by extension 'cmake'
[0.558s] Level 1:colcon.colcon_core.package_identification:_identify(logs) by extension 'python'
[0.558s] Level 1:colcon.colcon_core.package_identification:_identify(logs) by extensions ['python_setup_py']
[0.558s] Level 1:colcon.colcon_core.package_identification:_identify(logs) by extension 'python_setup_py'
[0.558s] Level 1:colcon.colcon_core.package_identification:_identify(src) by extensions ['ignore', 'ignore_ament_install']
[0.558s] Level 1:colcon.colcon_core.package_identification:_identify(src) by extension 'ignore'
[0.558s] Level 1:colcon.colcon_core.package_identification:_identify(src) by extension 'ignore_ament_install'
[0.558s] Level 1:colcon.colcon_core.package_identification:_identify(src) by extensions ['colcon_pkg']
[0.558s] Level 1:colcon.colcon_core.package_identification:_identify(src) by extension 'colcon_pkg'
[0.558s] Level 1:colcon.colcon_core.package_identification:_identify(src) by extensions ['colcon_meta']
[0.558s] Level 1:colcon.colcon_core.package_identification:_identify(src) by extension 'colcon_meta'
[0.558s] Level 1:colcon.colcon_core.package_identification:_identify(src) by extensions ['ros']
[0.558s] Level 1:colcon.colcon_core.package_identification:_identify(src) by extension 'ros'
[0.558s] Level 1:colcon.colcon_core.package_identification:_identify(src) by extensions ['cmake', 'python']
[0.558s] Level 1:colcon.colcon_core.package_identification:_identify(src) by extension 'cmake'
[0.559s] Level 1:colcon.colcon_core.package_identification:_identify(src) by extension 'python'
[0.559s] Level 1:colcon.colcon_core.package_identification:_identify(src) by extensions ['python_setup_py']
[0.559s] Level 1:colcon.colcon_core.package_identification:_identify(src) by extension 'python_setup_py'
[0.559s] Level 1:colcon.colcon_core.package_identification:_identify(src/action_interface) by extensions ['ignore', 'ignore_ament_install']
[0.559s] Level 1:colcon.colcon_core.package_identification:_identify(src/action_interface) by extension 'ignore'
[0.559s] Level 1:colcon.colcon_core.package_identification:_identify(src/action_interface) by extension 'ignore_ament_install'
[0.559s] Level 1:colcon.colcon_core.package_identification:_identify(src/action_interface) by extensions ['colcon_pkg']
[0.559s] Level 1:colcon.colcon_core.package_identification:_identify(src/action_interface) by extension 'colcon_pkg'
[0.559s] Level 1:colcon.colcon_core.package_identification:_identify(src/action_interface) by extensions ['colcon_meta']
[0.559s] Level 1:colcon.colcon_core.package_identification:_identify(src/action_interface) by extension 'colcon_meta'
[0.559s] Level 1:colcon.colcon_core.package_identification:_identify(src/action_interface) by extensions ['ros']
[0.559s] Level 1:colcon.colcon_core.package_identification:_identify(src/action_interface) by extension 'ros'
[0.561s] DEBUG:colcon.colcon_core.package_identification:Package 'src/action_interface' with type 'ros.ament_cmake' and name 'action_interface'
[0.561s] Level 1:colcon.colcon_core.package_identification:_identify(src/cw_serv) by extensions ['ignore', 'ignore_ament_install']
[0.561s] Level 1:colcon.colcon_core.package_identification:_identify(src/cw_serv) by extension 'ignore'
[0.561s] Level 1:colcon.colcon_core.package_identification:_identify(src/cw_serv) by extension 'ignore_ament_install'
[0.561s] Level 1:colcon.colcon_core.package_identification:_identify(src/cw_serv) by extensions ['colcon_pkg']
[0.561s] Level 1:colcon.colcon_core.package_identification:_identify(src/cw_serv) by extension 'colcon_pkg'
[0.561s] Level 1:colcon.colcon_core.package_identification:_identify(src/cw_serv) by extensions ['colcon_meta']
[0.561s] Level 1:colcon.colcon_core.package_identification:_identify(src/cw_serv) by extension 'colcon_meta'
[0.561s] Level 1:colcon.colcon_core.package_identification:_identify(src/cw_serv) by extensions ['ros']
[0.561s] Level 1:colcon.colcon_core.package_identification:_identify(src/cw_serv) by extension 'ros'
[0.562s] DEBUG:colcon.colcon_core.package_identification:Package 'src/cw_serv' with type 'ros.ament_cmake' and name 'cw_serv'
[0.562s] Level 1:colcon.colcon_core.package_discovery:discover_packages(recursive) using defaults
[0.562s] Level 1:colcon.colcon_core.package_discovery:discover_packages(ignore) discover
[0.562s] Level 1:colcon.colcon_core.package_discovery:discover_packages(ignore) using defaults
[0.562s] Level 1:colcon.colcon_core.package_discovery:discover_packages(path) discover
[0.562s] Level 1:colcon.colcon_core.package_discovery:discover_packages(path) using defaults
[0.606s] Level 1:colcon.colcon_core.package_discovery:discover_packages(prefix_path) check parameters
[0.606s] Level 1:colcon.colcon_core.package_discovery:discover_packages(prefix_path) discover
[0.619s] DEBUG:colcon.colcon_installed_package_information.package_discovery:Found 2 installed packages in /home/dlyvern/Projects/Dragonfly/cw_serv_ws/install
[0.626s] DEBUG:colcon.colcon_installed_package_information.package_discovery:Found 270 installed packages in /opt/ros/humble
[0.627s] Level 1:colcon.colcon_core.package_discovery:discover_packages(prefix_path) using defaults
[0.683s] Level 5:colcon.colcon_core.verb:set package 'action_interface' build argument 'cmake_args' from command line to 'None'
[0.683s] Level 5:colcon.colcon_core.verb:set package 'action_interface' build argument 'cmake_target' from command line to 'None'
[0.683s] Level 5:colcon.colcon_core.verb:set package 'action_interface' build argument 'cmake_target_skip_unavailable' from command line to 'False'
[0.683s] Level 5:colcon.colcon_core.verb:set package 'action_interface' build argument 'cmake_clean_cache' from command line to 'False'
[0.683s] Level 5:colcon.colcon_core.verb:set package 'action_interface' build argument 'cmake_clean_first' from command line to 'False'
[0.683s] Level 5:colcon.colcon_core.verb:set package 'action_interface' build argument 'cmake_force_configure' from command line to 'False'
[0.683s] Level 5:colcon.colcon_core.verb:set package 'action_interface' build argument 'ament_cmake_args' from command line to 'None'
[0.683s] Level 5:colcon.colcon_core.verb:set package 'action_interface' build argument 'catkin_cmake_args' from command line to 'None'
[0.683s] Level 5:colcon.colcon_core.verb:set package 'action_interface' build argument 'catkin_skip_building_tests' from command line to 'False'
[0.683s] DEBUG:colcon.colcon_core.verb:Building package 'action_interface' with the following arguments: {'ament_cmake_args': None, 'build_base': '/home/dlyvern/Projects/Dragonfly/cw_serv_ws/build/action_interface', 'catkin_cmake_args': None, 'catkin_skip_building_tests': False, 'cmake_args': None, 'cmake_clean_cache': False, 'cmake_clean_first': False, 'cmake_force_configure': False, 'cmake_target': None, 'cmake_target_skip_unavailable': False, 'install_base': '/home/dlyvern/Projects/Dragonfly/cw_serv_ws/install/action_interface', 'merge_install': False, 'path': '/home/dlyvern/Projects/Dragonfly/cw_serv_ws/src/action_interface', 'symlink_install': False, 'test_result_base': None}
[0.689s] Level 5:colcon.colcon_core.verb:set package 'cw_serv' build argument 'cmake_args' from command line to 'None'
[0.689s] Level 5:colcon.colcon_core.verb:set package 'cw_serv' build argument 'cmake_target' from command line to 'None'
[0.689s] Level 5:colcon.colcon_core.verb:set package 'cw_serv' build argument 'cmake_target_skip_unavailable' from command line to 'False'
[0.689s] Level 5:colcon.colcon_core.verb:set package 'cw_serv' build argument 'cmake_clean_cache' from command line to 'False'
[0.689s] Level 5:colcon.colcon_core.verb:set package 'cw_serv' build argument 'cmake_clean_first' from command line to 'False'
[0.689s] Level 5:colcon.colcon_core.verb:set package 'cw_serv' build argument 'cmake_force_configure' from command line to 'False'
[0.689s] Level 5:colcon.colcon_core.verb:set package 'cw_serv' build argument 'ament_cmake_args' from command line to 'None'
[0.689s] Level 5:colcon.colcon_core.verb:set package 'cw_serv' build argument 'catkin_cmake_args' from command line to 'None'
[0.689s] Level 5:colcon.colcon_core.verb:set package 'cw_serv' build argument 'catkin_skip_building_tests' from command line to 'False'
[0.689s] DEBUG:colcon.colcon_core.verb:Building package 'cw_serv' with the following arguments: {'ament_cmake_args': None, 'build_base': '/home/dlyvern/Projects/Dragonfly/cw_serv_ws/build/cw_serv', 'catkin_cmake_args': None, 'catkin_skip_building_tests': False, 'cmake_args': None, 'cmake_clean_cache': False, 'cmake_clean_first': False, 'cmake_force_configure': False, 'cmake_target': None, 'cmake_target_skip_unavailable': False, 'install_base': '/home/dlyvern/Projects/Dragonfly/cw_serv_ws/install/cw_serv', 'merge_install': False, 'path': '/home/dlyvern/Projects/Dragonfly/cw_serv_ws/src/cw_serv', 'symlink_install': False, 'test_result_base': None}
[0.694s] INFO:colcon.colcon_core.executor:Executing jobs using 'parallel' executor
[0.700s] DEBUG:colcon.colcon_parallel_executor.executor.parallel:run_until_complete
[0.701s] INFO:colcon.colcon_ros.task.ament_cmake.build:Building ROS package in '/home/dlyvern/Projects/Dragonfly/cw_serv_ws/src/action_interface' with build type 'ament_cmake'
[0.701s] INFO:colcon.colcon_cmake.task.cmake.build:Building CMake package in '/home/dlyvern/Projects/Dragonfly/cw_serv_ws/src/action_interface'
[0.709s] INFO:colcon.colcon_core.plugin_system:Skipping extension 'colcon_core.shell.bat': Not used on non-Windows systems
[0.709s] INFO:colcon.colcon_core.shell:Skip shell extension 'powershell' for command environment: Not usable outside of PowerShell
[0.709s] DEBUG:colcon.colcon_core.shell:Skip shell extension 'dsv' for command environment
[0.731s] DEBUG:colcon.colcon_core.event_handler.log_command:Invoking command in '/home/dlyvern/Projects/Dragonfly/cw_serv_ws/build/action_interface': CMAKE_PREFIX_PATH=${CMAKE_PREFIX_PATH}:/opt/ros/humble /usr/bin/cmake --build /home/dlyvern/Projects/Dragonfly/cw_serv_ws/build/action_interface -- -j12 -l12
[0.971s] DEBUG:colcon.colcon_core.event_handler.log_command:Invoked command in '/home/dlyvern/Projects/Dragonfly/cw_serv_ws/build/action_interface' returned '0': CMAKE_PREFIX_PATH=${CMAKE_PREFIX_PATH}:/opt/ros/humble /usr/bin/cmake --build /home/dlyvern/Projects/Dragonfly/cw_serv_ws/build/action_interface -- -j12 -l12
[1.010s] DEBUG:colcon.colcon_core.event_handler.log_command:Invoking command in '/home/dlyvern/Projects/Dragonfly/cw_serv_ws/build/action_interface': CMAKE_PREFIX_PATH=${CMAKE_PREFIX_PATH}:/opt/ros/humble /usr/bin/cmake --install /home/dlyvern/Projects/Dragonfly/cw_serv_ws/build/action_interface
[1.048s] Level 1:colcon.colcon_core.environment:create_environment_scripts_only(action_interface)
[1.048s] DEBUG:colcon.colcon_core.event_handler.log_command:Invoked command in '/home/dlyvern/Projects/Dragonfly/cw_serv_ws/build/action_interface' returned '0': CMAKE_PREFIX_PATH=${CMAKE_PREFIX_PATH}:/opt/ros/humble /usr/bin/cmake --install /home/dlyvern/Projects/Dragonfly/cw_serv_ws/build/action_interface
[1.057s] Level 1:colcon.colcon_core.environment:checking '/home/dlyvern/Projects/Dragonfly/cw_serv_ws/install/action_interface' for CMake module files
[1.058s] Level 1:colcon.colcon_core.environment:checking '/home/dlyvern/Projects/Dragonfly/cw_serv_ws/install/action_interface' for CMake config files
[1.058s] Level 1:colcon.colcon_core.shell:create_environment_hook('action_interface', 'cmake_prefix_path')
[1.064s] INFO:colcon.colcon_core.shell:Creating environment hook '/home/dlyvern/Projects/Dragonfly/cw_serv_ws/install/action_interface/share/action_interface/hook/cmake_prefix_path.ps1'
[1.065s] INFO:colcon.colcon_core.shell:Creating environment descriptor '/home/dlyvern/Projects/Dragonfly/cw_serv_ws/install/action_interface/share/action_interface/hook/cmake_prefix_path.dsv'
[1.065s] INFO:colcon.colcon_core.shell:Creating environment hook '/home/dlyvern/Projects/Dragonfly/cw_serv_ws/install/action_interface/share/action_interface/hook/cmake_prefix_path.sh'
[1.066s] Level 1:colcon.colcon_core.environment:checking '/home/dlyvern/Projects/Dragonfly/cw_serv_ws/install/action_interface/lib'
[1.066s] Level 1:colcon.colcon_core.shell:create_environment_hook('action_interface', 'ld_library_path_lib')
[1.072s] INFO:colcon.colcon_core.shell:Creating environment hook '/home/dlyvern/Projects/Dragonfly/cw_serv_ws/install/action_interface/share/action_interface/hook/ld_library_path_lib.ps1'
[1.072s] INFO:colcon.colcon_core.shell:Creating environment descriptor '/home/dlyvern/Projects/Dragonfly/cw_serv_ws/install/action_interface/share/action_interface/hook/ld_library_path_lib.dsv'
[1.072s] INFO:colcon.colcon_core.shell:Creating environment hook '/home/dlyvern/Projects/Dragonfly/cw_serv_ws/install/action_interface/share/action_interface/hook/ld_library_path_lib.sh'
[1.072s] Level 1:colcon.colcon_core.environment:checking '/home/dlyvern/Projects/Dragonfly/cw_serv_ws/install/action_interface/bin'
[1.072s] Level 1:colcon.colcon_core.environment:checking '/home/dlyvern/Projects/Dragonfly/cw_serv_ws/install/action_interface/lib/pkgconfig/action_interface.pc'
[1.072s] Level 1:colcon.colcon_core.environment:checking '/home/dlyvern/Projects/Dragonfly/cw_serv_ws/install/action_interface/lib/python3.10/site-packages'
[1.072s] Level 1:colcon.colcon_core.environment:checking '/home/dlyvern/Projects/Dragonfly/cw_serv_ws/install/action_interface/bin'
[1.078s] INFO:colcon.colcon_core.shell:Creating package script '/home/dlyvern/Projects/Dragonfly/cw_serv_ws/install/action_interface/share/action_interface/package.ps1'
[1.078s] INFO:colcon.colcon_core.shell:Creating package descriptor '/home/dlyvern/Projects/Dragonfly/cw_serv_ws/install/action_interface/share/action_interface/package.dsv'
[1.079s] INFO:colcon.colcon_core.shell:Creating package script '/home/dlyvern/Projects/Dragonfly/cw_serv_ws/install/action_interface/share/action_interface/package.sh'
[1.079s] INFO:colcon.colcon_core.shell:Creating package script '/home/dlyvern/Projects/Dragonfly/cw_serv_ws/install/action_interface/share/action_interface/package.bash'
[1.080s] INFO:colcon.colcon_core.shell:Creating package script '/home/dlyvern/Projects/Dragonfly/cw_serv_ws/install/action_interface/share/action_interface/package.zsh'
[1.080s] Level 1:colcon.colcon_core.environment:create_file_with_runtime_dependencies(/home/dlyvern/Projects/Dragonfly/cw_serv_ws/install/action_interface/share/colcon-core/packages/action_interface)
[1.122s] Level 1:colcon.colcon_core.environment:create_environment_scripts_only(action_interface)
[1.129s] Level 1:colcon.colcon_core.environment:checking '/home/dlyvern/Projects/Dragonfly/cw_serv_ws/install/action_interface' for CMake module files
[1.129s] Level 1:colcon.colcon_core.environment:checking '/home/dlyvern/Projects/Dragonfly/cw_serv_ws/install/action_interface' for CMake config files
[1.129s] Level 1:colcon.colcon_core.shell:create_environment_hook('action_interface', 'cmake_prefix_path')
[1.135s] INFO:colcon.colcon_core.shell:Creating environment hook '/home/dlyvern/Projects/Dragonfly/cw_serv_ws/install/action_interface/share/action_interface/hook/cmake_prefix_path.ps1'
[1.136s] INFO:colcon.colcon_core.shell:Creating environment descriptor '/home/dlyvern/Projects/Dragonfly/cw_serv_ws/install/action_interface/share/action_interface/hook/cmake_prefix_path.dsv'
[1.136s] INFO:colcon.colcon_core.shell:Creating environment hook '/home/dlyvern/Projects/Dragonfly/cw_serv_ws/install/action_interface/share/action_interface/hook/cmake_prefix_path.sh'
[1.136s] Level 1:colcon.colcon_core.environment:checking '/home/dlyvern/Projects/Dragonfly/cw_serv_ws/install/action_interface/lib'
[1.136s] Level 1:colcon.colcon_core.shell:create_environment_hook('action_interface', 'ld_library_path_lib')
[1.142s] INFO:colcon.colcon_core.shell:Creating environment hook '/home/dlyvern/Projects/Dragonfly/cw_serv_ws/install/action_interface/share/action_interface/hook/ld_library_path_lib.ps1'
[1.142s] INFO:colcon.colcon_core.shell:Creating environment descriptor '/home/dlyvern/Projects/Dragonfly/cw_serv_ws/install/action_interface/share/action_interface/hook/ld_library_path_lib.dsv'
[1.142s] INFO:colcon.colcon_core.shell:Creating environment hook '/home/dlyvern/Projects/Dragonfly/cw_serv_ws/install/action_interface/share/action_interface/hook/ld_library_path_lib.sh'
[1.143s] Level 1:colcon.colcon_core.environment:checking '/home/dlyvern/Projects/Dragonfly/cw_serv_ws/install/action_interface/bin'
[1.143s] Level 1:colcon.colcon_core.environment:checking '/home/dlyvern/Projects/Dragonfly/cw_serv_ws/install/action_interface/lib/pkgconfig/action_interface.pc'
[1.143s] Level 1:colcon.colcon_core.environment:checking '/home/dlyvern/Projects/Dragonfly/cw_serv_ws/install/action_interface/lib/python3.10/site-packages'
[1.143s] Level 1:colcon.colcon_core.environment:checking '/home/dlyvern/Projects/Dragonfly/cw_serv_ws/install/action_interface/bin'
[1.149s] INFO:colcon.colcon_core.shell:Creating package script '/home/dlyvern/Projects/Dragonfly/cw_serv_ws/install/action_interface/share/action_interface/package.ps1'
[1.149s] INFO:colcon.colcon_core.shell:Creating package descriptor '/home/dlyvern/Projects/Dragonfly/cw_serv_ws/install/action_interface/share/action_interface/package.dsv'
[1.149s] INFO:colcon.colcon_core.shell:Creating package script '/home/dlyvern/Projects/Dragonfly/cw_serv_ws/install/action_interface/share/action_interface/package.sh'
[1.149s] INFO:colcon.colcon_core.shell:Creating package script '/home/dlyvern/Projects/Dragonfly/cw_serv_ws/install/action_interface/share/action_interface/package.bash'
[1.149s] INFO:colcon.colcon_core.shell:Creating package script '/home/dlyvern/Projects/Dragonfly/cw_serv_ws/install/action_interface/share/action_interface/package.zsh'
[1.150s] Level 1:colcon.colcon_core.environment:create_file_with_runtime_dependencies(/home/dlyvern/Projects/Dragonfly/cw_serv_ws/install/action_interface/share/colcon-core/packages/action_interface)
[1.150s] INFO:colcon.colcon_ros.task.ament_cmake.build:Building ROS package in '/home/dlyvern/Projects/Dragonfly/cw_serv_ws/src/cw_serv' with build type 'ament_cmake'
[1.150s] INFO:colcon.colcon_cmake.task.cmake.build:Building CMake package in '/home/dlyvern/Projects/Dragonfly/cw_serv_ws/src/cw_serv'
[1.156s] INFO:colcon.colcon_core.shell:Skip shell extension 'powershell' for command environment: Not usable outside of PowerShell
[1.156s] DEBUG:colcon.colcon_core.shell:Skip shell extension 'dsv' for command environment
[1.180s] DEBUG:colcon.colcon_core.event_handler.log_command:Invoking command in '/home/dlyvern/Projects/Dragonfly/cw_serv_ws/build/cw_serv': CMAKE_PREFIX_PATH=/home/dlyvern/Projects/Dragonfly/cw_serv_ws/install/action_interface:/home/dlyvern/Projects/Dragonfly/cw_serv_ws/install/cw_serv:/opt/ros/humble /usr/bin/cmake --build /home/dlyvern/Projects/Dragonfly/cw_serv_ws/build/cw_serv -- -j12 -l12
[22.245s] DEBUG:colcon.colcon_core.event_handler.log_command:Invoked command in '/home/dlyvern/Projects/Dragonfly/cw_serv_ws/build/cw_serv' returned '0': CMAKE_PREFIX_PATH=/home/dlyvern/Projects/Dragonfly/cw_serv_ws/install/action_interface:/home/dlyvern/Projects/Dragonfly/cw_serv_ws/install/cw_serv:/opt/ros/humble /usr/bin/cmake --build /home/dlyvern/Projects/Dragonfly/cw_serv_ws/build/cw_serv -- -j12 -l12
[22.277s] DEBUG:colcon.colcon_core.event_handler.log_command:Invoking command in '/home/dlyvern/Projects/Dragonfly/cw_serv_ws/build/cw_serv': CMAKE_PREFIX_PATH=/home/dlyvern/Projects/Dragonfly/cw_serv_ws/install/action_interface:/home/dlyvern/Projects/Dragonfly/cw_serv_ws/install/cw_serv:/opt/ros/humble /usr/bin/cmake --install /home/dlyvern/Projects/Dragonfly/cw_serv_ws/build/cw_serv
[22.290s] Level 1:colcon.colcon_core.environment:create_environment_scripts_only(cw_serv)
[22.290s] DEBUG:colcon.colcon_core.event_handler.log_command:Invoked command in '/home/dlyvern/Projects/Dragonfly/cw_serv_ws/build/cw_serv' returned '0': CMAKE_PREFIX_PATH=/home/dlyvern/Projects/Dragonfly/cw_serv_ws/install/action_interface:/home/dlyvern/Projects/Dragonfly/cw_serv_ws/install/cw_serv:/opt/ros/humble /usr/bin/cmake --install /home/dlyvern/Projects/Dragonfly/cw_serv_ws/build/cw_serv
[22.348s] Level 1:colcon.colcon_core.environment:checking '/home/dlyvern/Projects/Dragonfly/cw_serv_ws/install/cw_serv' for CMake module files
[22.348s] Level 1:colcon.colcon_core.environment:checking '/home/dlyvern/Projects/Dragonfly/cw_serv_ws/install/cw_serv' for CMake config files
[22.348s] Level 1:colcon.colcon_core.shell:create_environment_hook('cw_serv', 'cmake_prefix_path')
[22.355s] INFO:colcon.colcon_core.shell:Creating environment hook '/home/dlyvern/Projects/Dragonfly/cw_serv_ws/install/cw_serv/share/cw_serv/hook/cmake_prefix_path.ps1'
[22.355s] INFO:colcon.colcon_core.shell:Creating environment descriptor '/home/dlyvern/Projects/Dragonfly/cw_serv_ws/install/cw_serv/share/cw_serv/hook/cmake_prefix_path.dsv'
[22.356s] INFO:colcon.colcon_core.shell:Creating environment hook '/home/dlyvern/Projects/Dragonfly/cw_serv_ws/install/cw_serv/share/cw_serv/hook/cmake_prefix_path.sh'
[22.356s] Level 1:colcon.colcon_core.environment:checking '/home/dlyvern/Projects/Dragonfly/cw_serv_ws/install/cw_serv/lib'
[22.356s] Level 1:colcon.colcon_core.environment:checking '/home/dlyvern/Projects/Dragonfly/cw_serv_ws/install/cw_serv/bin'
[22.356s] Level 1:colcon.colcon_core.environment:checking '/home/dlyvern/Projects/Dragonfly/cw_serv_ws/install/cw_serv/lib/pkgconfig/cw_serv.pc'
[22.356s] Level 1:colcon.colcon_core.environment:checking '/home/dlyvern/Projects/Dragonfly/cw_serv_ws/install/cw_serv/lib/python3.10/site-packages'
[22.356s] Level 1:colcon.colcon_core.environment:checking '/home/dlyvern/Projects/Dragonfly/cw_serv_ws/install/cw_serv/bin'
[22.362s] INFO:colcon.colcon_core.shell:Creating package script '/home/dlyvern/Projects/Dragonfly/cw_serv_ws/install/cw_serv/share/cw_serv/package.ps1'
[22.363s] INFO:colcon.colcon_core.shell:Creating package descriptor '/home/dlyvern/Projects/Dragonfly/cw_serv_ws/install/cw_serv/share/cw_serv/package.dsv'
[22.363s] INFO:colcon.colcon_core.shell:Creating package script '/home/dlyvern/Projects/Dragonfly/cw_serv_ws/install/cw_serv/share/cw_serv/package.sh'
[22.363s] INFO:colcon.colcon_core.shell:Creating package script '/home/dlyvern/Projects/Dragonfly/cw_serv_ws/install/cw_serv/share/cw_serv/package.bash'
[22.364s] INFO:colcon.colcon_core.shell:Creating package script '/home/dlyvern/Projects/Dragonfly/cw_serv_ws/install/cw_serv/share/cw_serv/package.zsh'
[22.364s] Level 1:colcon.colcon_core.environment:create_file_with_runtime_dependencies(/home/dlyvern/Projects/Dragonfly/cw_serv_ws/install/cw_serv/share/colcon-core/packages/cw_serv)
[22.400s] Level 1:colcon.colcon_core.environment:create_environment_scripts_only(cw_serv)
[22.407s] Level 1:colcon.colcon_core.environment:checking '/home/dlyvern/Projects/Dragonfly/cw_serv_ws/install/cw_serv' for CMake module files
[22.407s] Level 1:colcon.colcon_core.environment:checking '/home/dlyvern/Projects/Dragonfly/cw_serv_ws/install/cw_serv' for CMake config files
[22.407s] Level 1:colcon.colcon_core.shell:create_environment_hook('cw_serv', 'cmake_prefix_path')
[22.413s] INFO:colcon.colcon_core.shell:Creating environment hook '/home/dlyvern/Projects/Dragonfly/cw_serv_ws/install/cw_serv/share/cw_serv/hook/cmake_prefix_path.ps1'
[22.413s] INFO:colcon.colcon_core.shell:Creating environment descriptor '/home/dlyvern/Projects/Dragonfly/cw_serv_ws/install/cw_serv/share/cw_serv/hook/cmake_prefix_path.dsv'
[22.414s] INFO:colcon.colcon_core.shell:Creating environment hook '/home/dlyvern/Projects/Dragonfly/cw_serv_ws/install/cw_serv/share/cw_serv/hook/cmake_prefix_path.sh'
[22.414s] Level 1:colcon.colcon_core.environment:checking '/home/dlyvern/Projects/Dragonfly/cw_serv_ws/install/cw_serv/lib'
[22.414s] Level 1:colcon.colcon_core.environment:checking '/home/dlyvern/Projects/Dragonfly/cw_serv_ws/install/cw_serv/bin'
[22.414s] Level 1:colcon.colcon_core.environment:checking '/home/dlyvern/Projects/Dragonfly/cw_serv_ws/install/cw_serv/lib/pkgconfig/cw_serv.pc'
[22.414s] Level 1:colcon.colcon_core.environment:checking '/home/dlyvern/Projects/Dragonfly/cw_serv_ws/install/cw_serv/lib/python3.10/site-packages'
[22.414s] Level 1:colcon.colcon_core.environment:checking '/home/dlyvern/Projects/Dragonfly/cw_serv_ws/install/cw_serv/bin'
[22.420s] INFO:colcon.colcon_core.shell:Creating package script '/home/dlyvern/Projects/Dragonfly/cw_serv_ws/install/cw_serv/share/cw_serv/package.ps1'
[22.421s] INFO:colcon.colcon_core.shell:Creating package descriptor '/home/dlyvern/Projects/Dragonfly/cw_serv_ws/install/cw_serv/share/cw_serv/package.dsv'
[22.421s] INFO:colcon.colcon_core.shell:Creating package script '/home/dlyvern/Projects/Dragonfly/cw_serv_ws/install/cw_serv/share/cw_serv/package.sh'
[22.421s] INFO:colcon.colcon_core.shell:Creating package script '/home/dlyvern/Projects/Dragonfly/cw_serv_ws/install/cw_serv/share/cw_serv/package.bash'
[22.421s] INFO:colcon.colcon_core.shell:Creating package script '/home/dlyvern/Projects/Dragonfly/cw_serv_ws/install/cw_serv/share/cw_serv/package.zsh'
[22.421s] Level 1:colcon.colcon_core.environment:create_file_with_runtime_dependencies(/home/dlyvern/Projects/Dragonfly/cw_serv_ws/install/cw_serv/share/colcon-core/packages/cw_serv)
[22.421s] DEBUG:colcon.colcon_parallel_executor.executor.parallel:closing loop
[22.422s] DEBUG:colcon.colcon_parallel_executor.executor.parallel:loop closed
[22.422s] DEBUG:colcon.colcon_parallel_executor.executor.parallel:run_until_complete finished with '0'
[22.422s] DEBUG:colcon.colcon_core.event_reactor:joining thread
[22.437s] INFO:colcon.colcon_core.plugin_system:Skipping extension 'colcon_notification.desktop_notification.terminal_notifier': Not used on non-Darwin systems
[22.437s] INFO:colcon.colcon_core.plugin_system:Skipping extension 'colcon_notification.desktop_notification.win32': Not used on non-Windows systems
[22.437s] INFO:colcon.colcon_notification.desktop_notification:Sending desktop notification using 'notify2'
[22.454s] DEBUG:colcon.colcon_core.event_reactor:joined thread
[22.461s] INFO:colcon.colcon_core.shell:Creating prefix script '/home/dlyvern/Projects/Dragonfly/cw_serv_ws/install/local_setup.ps1'
[22.462s] INFO:colcon.colcon_core.shell:Creating prefix util module '/home/dlyvern/Projects/Dragonfly/cw_serv_ws/install/_local_setup_util_ps1.py'
[22.462s] INFO:colcon.colcon_core.shell:Creating prefix chain script '/home/dlyvern/Projects/Dragonfly/cw_serv_ws/install/setup.ps1'
[22.469s] INFO:colcon.colcon_core.shell:Creating prefix script '/home/dlyvern/Projects/Dragonfly/cw_serv_ws/install/local_setup.sh'
[22.470s] INFO:colcon.colcon_core.shell:Creating prefix util module '/home/dlyvern/Projects/Dragonfly/cw_serv_ws/install/_local_setup_util_sh.py'
[22.470s] INFO:colcon.colcon_core.shell:Creating prefix chain script '/home/dlyvern/Projects/Dragonfly/cw_serv_ws/install/setup.sh'
[22.476s] INFO:colcon.colcon_core.shell:Creating prefix script '/home/dlyvern/Projects/Dragonfly/cw_serv_ws/install/local_setup.bash'
[22.477s] INFO:colcon.colcon_core.shell:Creating prefix chain script '/home/dlyvern/Projects/Dragonfly/cw_serv_ws/install/setup.bash'
[22.484s] INFO:colcon.colcon_core.shell:Creating prefix script '/home/dlyvern/Projects/Dragonfly/cw_serv_ws/install/local_setup.zsh'
[22.484s] INFO:colcon.colcon_core.shell:Creating prefix chain script '/home/dlyvern/Projects/Dragonfly/cw_serv_ws/install/setup.zsh'
