[0.031s] Invoking command in '/home/dlyvern/Projects/Dragonfly/cw_serv_ws/build/cw_serv': CMAKE_PREFIX_PATH=/home/dlyvern/Projects/Dragonfly/cw_serv_ws/install/action_interface:/home/dlyvern/Projects/Dragonfly/cw_serv_ws/install/cw_serv:/opt/ros/humble /usr/bin/cmake --build /home/dlyvern/Projects/Dragonfly/cw_serv_ws/build/cw_serv -- -j12 -l12
[0.065s] [  4%] [34m[1mAutomatic MOC and UIC for target cw_serv[0m
[0.079s] [  4%] Built target cw_serv_autogen
[0.095s] [35m[1mConsolidate compiler generated dependencies of target cw_serv[0m
[0.136s] [  9%] [32mBuilding CXX object CMakeFiles/cw_serv.dir/src/submodules/Recorder.cpp.o[0m
[0.136s] [ 13%] [32mBuilding CXX object CMakeFiles/cw_serv.dir/src/submodules/Copyist.cpp.o[0m
[2.308s] [01m[K/home/dlyvern/Projects/Dragonfly/cw_serv_ws/src/cw_serv/src/submodules/Copyist.cpp:[m[K In member function ‘[01m[Kstd::pair<std::__cxx11::basic_string<char>, bool> Copyist::CopyFromBagsToFlash(RunParameters&)[m[K’:
[2.308s] [01m[K/home/dlyvern/Projects/Dragonfly/cw_serv_ws/src/cw_serv/src/submodules/Copyist.cpp:34:74:[m[K [01;35m[Kwarning: [m[Kunused parameter ‘[01m[KrunParameters[m[K’ [[01;35m[K]8;;https://gcc.gnu.org/onlinedocs/gcc/Warning-Options.html#index-Wunused-parameter-Wunused-parameter]8;;[m[K]
[2.308s]    34 | std::pair<std::string, bool> Copyist::CopyFromBagsToFlash([01;35m[KRunParameters &runParameters[m[K)
[2.308s]       |                                                           [01;35m[K~~~~~~~~~~~~~~~^~~~~~~~~~~~~[m[K
[2.347s] [01m[K/home/dlyvern/Projects/Dragonfly/cw_serv_ws/src/cw_serv/src/submodules/Recorder.cpp:[m[K In member function ‘[01m[Kstd::pair<std::__cxx11::basic_string<char>, bool> Recorder::Enable(RunParameters&)[m[K’:
[2.347s] [01m[K/home/dlyvern/Projects/Dragonfly/cw_serv_ws/src/cw_serv/src/submodules/Recorder.cpp:30:62:[m[K [01;35m[Kwarning: [m[Kunused parameter ‘[01m[KrunParameters[m[K’ [[01;35m[K]8;;https://gcc.gnu.org/onlinedocs/gcc/Warning-Options.html#index-Wunused-parameter-Wunused-parameter]8;;[m[K]
[2.347s]    30 | std::pair<std::string, bool> Recorder::Enable([01;35m[KRunParameters &runParameters[m[K)
[2.347s]       |                                               [01;35m[K~~~~~~~~~~~~~~~^~~~~~~~~~~~~[m[K
[5.982s] [ 18%] [32m[1mLinking CXX executable cw_serv[0m
[6.925s] [100%] Built target cw_serv
[6.932s] Invoked command in '/home/dlyvern/Projects/Dragonfly/cw_serv_ws/build/cw_serv' returned '0': CMAKE_PREFIX_PATH=/home/dlyvern/Projects/Dragonfly/cw_serv_ws/install/action_interface:/home/dlyvern/Projects/Dragonfly/cw_serv_ws/install/cw_serv:/opt/ros/humble /usr/bin/cmake --build /home/dlyvern/Projects/Dragonfly/cw_serv_ws/build/cw_serv -- -j12 -l12
[6.967s] Invoking command in '/home/dlyvern/Projects/Dragonfly/cw_serv_ws/build/cw_serv': CMAKE_PREFIX_PATH=/home/dlyvern/Projects/Dragonfly/cw_serv_ws/install/action_interface:/home/dlyvern/Projects/Dragonfly/cw_serv_ws/install/cw_serv:/opt/ros/humble /usr/bin/cmake --install /home/dlyvern/Projects/Dragonfly/cw_serv_ws/build/cw_serv
[6.971s] -- Install configuration: ""
[6.971s] -- Installing: /home/dlyvern/Projects/Dragonfly/cw_serv_ws/install/cw_serv/lib/cw_serv/cw_serv
[6.976s] -- Set runtime path of "/home/dlyvern/Projects/Dragonfly/cw_serv_ws/install/cw_serv/lib/cw_serv/cw_serv" to ""
[6.976s] -- Up-to-date: /home/dlyvern/Projects/Dragonfly/cw_serv_ws/install/cw_serv/share/cw_serv/launch
[6.976s] -- Up-to-date: /home/dlyvern/Projects/Dragonfly/cw_serv_ws/install/cw_serv/share/cw_serv/launch/cw_serv_launch.py
[6.976s] -- Up-to-date: /home/dlyvern/Projects/Dragonfly/cw_serv_ws/install/cw_serv/share/cw_serv/launch/settings_for_launch_file
[6.976s] -- Up-to-date: /home/dlyvern/Projects/Dragonfly/cw_serv_ws/install/cw_serv/share/cw_serv/launch/settings_for_launch_file/main_settings.ini
[6.976s] -- Up-to-date: /home/dlyvern/Projects/Dragonfly/cw_serv_ws/install/cw_serv/share/ament_index/resource_index/package_run_dependencies/cw_serv
[6.976s] -- Up-to-date: /home/dlyvern/Projects/Dragonfly/cw_serv_ws/install/cw_serv/share/ament_index/resource_index/parent_prefix_path/cw_serv
[6.976s] -- Up-to-date: /home/dlyvern/Projects/Dragonfly/cw_serv_ws/install/cw_serv/share/cw_serv/environment/ament_prefix_path.sh
[6.976s] -- Up-to-date: /home/dlyvern/Projects/Dragonfly/cw_serv_ws/install/cw_serv/share/cw_serv/environment/ament_prefix_path.dsv
[6.976s] -- Up-to-date: /home/dlyvern/Projects/Dragonfly/cw_serv_ws/install/cw_serv/share/cw_serv/environment/path.sh
[6.976s] -- Up-to-date: /home/dlyvern/Projects/Dragonfly/cw_serv_ws/install/cw_serv/share/cw_serv/environment/path.dsv
[6.976s] -- Up-to-date: /home/dlyvern/Projects/Dragonfly/cw_serv_ws/install/cw_serv/share/cw_serv/local_setup.bash
[6.976s] -- Up-to-date: /home/dlyvern/Projects/Dragonfly/cw_serv_ws/install/cw_serv/share/cw_serv/local_setup.sh
[6.976s] -- Up-to-date: /home/dlyvern/Projects/Dragonfly/cw_serv_ws/install/cw_serv/share/cw_serv/local_setup.zsh
[6.976s] -- Up-to-date: /home/dlyvern/Projects/Dragonfly/cw_serv_ws/install/cw_serv/share/cw_serv/local_setup.dsv
[6.976s] -- Installing: /home/dlyvern/Projects/Dragonfly/cw_serv_ws/install/cw_serv/share/cw_serv/package.dsv
[6.976s] -- Up-to-date: /home/dlyvern/Projects/Dragonfly/cw_serv_ws/install/cw_serv/share/ament_index/resource_index/packages/cw_serv
[6.976s] -- Up-to-date: /home/dlyvern/Projects/Dragonfly/cw_serv_ws/install/cw_serv/share/cw_serv/cmake/CMakeConfix.cmake
[6.976s] -- Up-to-date: /home/dlyvern/Projects/Dragonfly/cw_serv_ws/install/cw_serv/share/cw_serv/cmake/cw_servConfig.cmake
[6.976s] -- Up-to-date: /home/dlyvern/Projects/Dragonfly/cw_serv_ws/install/cw_serv/share/cw_serv/cmake/cw_servConfig-version.cmake
[6.976s] -- Up-to-date: /home/dlyvern/Projects/Dragonfly/cw_serv_ws/install/cw_serv/share/cw_serv/package.xml
[6.977s] Invoked command in '/home/dlyvern/Projects/Dragonfly/cw_serv_ws/build/cw_serv' returned '0': CMAKE_PREFIX_PATH=/home/dlyvern/Projects/Dragonfly/cw_serv_ws/install/action_interface:/home/dlyvern/Projects/Dragonfly/cw_serv_ws/install/cw_serv:/opt/ros/humble /usr/bin/cmake --install /home/dlyvern/Projects/Dragonfly/cw_serv_ws/build/cw_serv
