-- Found ament_cmake: 1.3.5 (/opt/ros/humble/share/ament_cmake/cmake)
-- Found rosidl_default_generators: 1.2.0 (/opt/ros/humble/share/rosidl_default_generators/cmake)
-- Using all available rosidl_typesupport_c: rosidl_typesupport_fastrtps_c;rosidl_typesupport_introspection_c
-- Found rosidl_adapter: 3.1.5 (/opt/ros/humble/share/rosidl_adapter/cmake)
-- Using all available rosidl_typesupport_cpp: rosidl_typesupport_fastrtps_cpp;rosidl_typesupport_introspection_cpp
-- Found ament_cmake_ros: 0.10.0 (/opt/ros/humble/share/ament_cmake_ros/cmake)
-- Using all available rosidl_typesupport_c: rosidl_typesupport_fastrtps_c;rosidl_typesupport_introspection_c
-- Using all available rosidl_typesupport_cpp: rosidl_typesupport_fastrtps_cpp;rosidl_typesupport_introspection_cpp
-- Found python_cmake_module: 0.10.0 (/opt/ros/humble/share/python_cmake_module/cmake)
-- Using PYTHON_EXECUTABLE: /usr/bin/python3
-- Using PYTHON_INCLUDE_DIRS: /usr/include/python3.10
-- Using PYTHON_LIBRARIES: /usr/lib/x86_64-linux-gnu/libpython3.10.so
-- Found ament_lint_auto: 0.12.8 (/opt/ros/humble/share/ament_lint_auto/cmake)
-- Added test 'cppcheck' to perform static code analysis on C / C++ code
-- Configured cppcheck include dirs: 
-- Configured cppcheck exclude dirs and/or files: 
-- Added test 'flake8' to check Python code syntax and style conventions
-- Added test 'lint_cmake' to check CMake code style
-- Added test 'pep257' to check Python code against some of the docstring style conventions in PEP 257
-- Added test 'uncrustify' to check C / C++ code style
-- Configured uncrustify additional arguments: 
-- Added test 'xmllint' to check XML markup files
-- Configuring done
-- Generating done
-- Build files have been written to: /home/dlyvern/Projects/Dragonfly/cw_serv_ws/build/action_interface
[  2%] [34m[1mGenerating C code for ROS interfaces[0m
[  5%] [34m[1mGenerating C++ code for ROS interfaces[0m
[  5%] Built target ament_cmake_python_copy_action_interface
running egg_info
writing action_interface.egg-info/PKG-INFO
writing dependency_links to action_interface.egg-info/dependency_links.txt
writing top-level names to action_interface.egg-info/top_level.txt
reading manifest file 'action_interface.egg-info/SOURCES.txt'
writing manifest file 'action_interface.egg-info/SOURCES.txt'
[  5%] Built target ament_cmake_python_build_action_interface_egg
[  5%] Built target action_interface__cpp
[35m[1mConsolidate compiler generated dependencies of target action_interface__rosidl_generator_c[0m
[ 12%] [34m[1mGenerating C++ type support for eProsima Fast-RTPS[0m
[ 12%] [34m[1mGenerating C++ type support dispatch for ROS interfaces[0m
[ 12%] [34m[1mGenerating C++ introspection for ROS interfaces[0m
[ 15%] [32mBuilding C object CMakeFiles/action_interface__rosidl_generator_c.dir/rosidl_generator_c/action_interface/action/detail/cmd__functions.c.o[0m
[ 17%] [32mBuilding C object CMakeFiles/action_interface__rosidl_generator_c.dir/rosidl_generator_c/action_interface/srv/detail/cmd__functions.c.o[0m
[ 20%] [32m[1mLinking C shared library libaction_interface__rosidl_generator_c.so[0m
[ 20%] Built target action_interface__rosidl_generator_c
[ 28%] [34m[1mGenerating C type support for eProsima Fast-RTPS[0m
[ 28%] [34m[1mGenerating C type support dispatch for ROS interfaces[0m
[ 28%] [34m[1mGenerating C introspection for ROS interfaces[0m
[35m[1mConsolidate compiler generated dependencies of target action_interface__rosidl_typesupport_cpp[0m
[ 30%] [32mBuilding CXX object CMakeFiles/action_interface__rosidl_typesupport_cpp.dir/rosidl_typesupport_cpp/action_interface/action/cmd__type_support.cpp.o[0m
[ 33%] [32mBuilding CXX object CMakeFiles/action_interface__rosidl_typesupport_cpp.dir/rosidl_typesupport_cpp/action_interface/srv/cmd__type_support.cpp.o[0m
[35m[1mConsolidate compiler generated dependencies of target action_interface__rosidl_typesupport_introspection_cpp[0m
[ 35%] [32mBuilding CXX object CMakeFiles/action_interface__rosidl_typesupport_introspection_cpp.dir/rosidl_typesupport_introspection_cpp/action_interface/action/detail/cmd__type_support.cpp.o[0m
[ 38%] [32mBuilding CXX object CMakeFiles/action_interface__rosidl_typesupport_introspection_cpp.dir/rosidl_typesupport_introspection_cpp/action_interface/srv/detail/cmd__type_support.cpp.o[0m
[35m[1mConsolidate compiler generated dependencies of target action_interface__rosidl_typesupport_c[0m
[35m[1mConsolidate compiler generated dependencies of target action_interface__rosidl_typesupport_fastrtps_cpp[0m
[ 43%] [32mBuilding CXX object CMakeFiles/action_interface__rosidl_typesupport_c.dir/rosidl_typesupport_c/action_interface/action/cmd__type_support.cpp.o[0m
[ 43%] [32mBuilding CXX object CMakeFiles/action_interface__rosidl_typesupport_c.dir/rosidl_typesupport_c/action_interface/srv/cmd__type_support.cpp.o[0m
[ 46%] [32mBuilding CXX object CMakeFiles/action_interface__rosidl_typesupport_fastrtps_cpp.dir/rosidl_typesupport_fastrtps_cpp/action_interface/action/detail/dds_fastrtps/cmd__type_support.cpp.o[0m
[ 48%] [32mBuilding CXX object CMakeFiles/action_interface__rosidl_typesupport_fastrtps_cpp.dir/rosidl_typesupport_fastrtps_cpp/action_interface/srv/detail/dds_fastrtps/cmd__type_support.cpp.o[0m
[ 51%] [32m[1mLinking CXX shared library libaction_interface__rosidl_typesupport_c.so[0m
[35m[1mConsolidate compiler generated dependencies of target action_interface__rosidl_typesupport_fastrtps_c[0m
[ 56%] [32mBuilding CXX object CMakeFiles/action_interface__rosidl_typesupport_fastrtps_c.dir/rosidl_typesupport_fastrtps_c/action_interface/srv/detail/cmd__type_support_c.cpp.o[0m
[ 56%] [32mBuilding CXX object CMakeFiles/action_interface__rosidl_typesupport_fastrtps_c.dir/rosidl_typesupport_fastrtps_c/action_interface/action/detail/cmd__type_support_c.cpp.o[0m
[ 56%] Built target action_interface__rosidl_typesupport_c
[35m[1mConsolidate compiler generated dependencies of target action_interface__rosidl_typesupport_introspection_c[0m
[ 58%] [32mBuilding C object CMakeFiles/action_interface__rosidl_typesupport_introspection_c.dir/rosidl_typesupport_introspection_c/action_interface/action/detail/cmd__type_support.c.o[0m
[ 61%] [32mBuilding C object CMakeFiles/action_interface__rosidl_typesupport_introspection_c.dir/rosidl_typesupport_introspection_c/action_interface/srv/detail/cmd__type_support.c.o[0m
[ 64%] [32m[1mLinking CXX shared library libaction_interface__rosidl_typesupport_cpp.so[0m
[ 66%] [32m[1mLinking C shared library libaction_interface__rosidl_typesupport_introspection_c.so[0m
[ 66%] Built target action_interface__rosidl_typesupport_cpp
[ 66%] Built target action_interface__rosidl_typesupport_introspection_c
[ 69%] [32m[1mLinking CXX shared library libaction_interface__rosidl_typesupport_introspection_cpp.so[0m
[ 71%] [32m[1mLinking CXX shared library libaction_interface__rosidl_typesupport_fastrtps_c.so[0m
[ 71%] Built target action_interface__rosidl_typesupport_introspection_cpp
[ 71%] Built target action_interface__rosidl_typesupport_fastrtps_c
[ 74%] [32m[1mLinking CXX shared library libaction_interface__rosidl_typesupport_fastrtps_cpp.so[0m
[ 74%] Built target action_interface__rosidl_typesupport_fastrtps_cpp
[ 74%] Built target action_interface
[ 76%] [34m[1mGenerating Python code for ROS interfaces[0m
[ 76%] Built target action_interface__py
[35m[1mConsolidate compiler generated dependencies of target action_interface__rosidl_generator_py[0m
[ 79%] [32mBuilding C object CMakeFiles/action_interface__rosidl_generator_py.dir/rosidl_generator_py/action_interface/action/_cmd_s.c.o[0m
[ 82%] [32mBuilding C object CMakeFiles/action_interface__rosidl_generator_py.dir/rosidl_generator_py/action_interface/srv/_cmd_s.c.o[0m
[ 84%] [32m[1mLinking C shared library rosidl_generator_py/action_interface/libaction_interface__rosidl_generator_py.so[0m
[ 84%] Built target action_interface__rosidl_generator_py
[35m[1mConsolidate compiler generated dependencies of target action_interface__rosidl_typesupport_c__pyext[0m
[35m[1mConsolidate compiler generated dependencies of target action_interface__rosidl_typesupport_introspection_c__pyext[0m
[35m[1mConsolidate compiler generated dependencies of target action_interface__rosidl_typesupport_fastrtps_c__pyext[0m
[ 92%] [32mBuilding C object CMakeFiles/action_interface__rosidl_typesupport_fastrtps_c__pyext.dir/rosidl_generator_py/action_interface/_action_interface_s.ep.rosidl_typesupport_fastrtps_c.c.o[0m
[ 92%] [32mBuilding C object CMakeFiles/action_interface__rosidl_typesupport_introspection_c__pyext.dir/rosidl_generator_py/action_interface/_action_interface_s.ep.rosidl_typesupport_introspection_c.c.o[0m
[ 92%] [32mBuilding C object CMakeFiles/action_interface__rosidl_typesupport_c__pyext.dir/rosidl_generator_py/action_interface/_action_interface_s.ep.rosidl_typesupport_c.c.o[0m
[100%] [32m[1mLinking C shared library rosidl_generator_py/action_interface/action_interface_s__rosidl_typesupport_introspection_c.cpython-310-x86_64-linux-gnu.so[0m
[100%] [32m[1mLinking C shared library rosidl_generator_py/action_interface/action_interface_s__rosidl_typesupport_fastrtps_c.cpython-310-x86_64-linux-gnu.so[0m
[100%] [32m[1mLinking C shared library rosidl_generator_py/action_interface/action_interface_s__rosidl_typesupport_c.cpython-310-x86_64-linux-gnu.so[0m
[100%] Built target action_interface__rosidl_typesupport_fastrtps_c__pyext
[100%] Built target action_interface__rosidl_typesupport_c__pyext
[100%] Built target action_interface__rosidl_typesupport_introspection_c__pyext
-- Install configuration: ""
-- Installing: /home/dlyvern/Projects/Dragonfly/cw_serv_ws/install/action_interface/share/ament_index/resource_index/rosidl_interfaces/action_interface
-- Up-to-date: /home/dlyvern/Projects/Dragonfly/cw_serv_ws/install/action_interface/include/action_interface/action_interface
-- Up-to-date: /home/dlyvern/Projects/Dragonfly/cw_serv_ws/install/action_interface/include/action_interface/action_interface/action
-- Installing: /home/dlyvern/Projects/Dragonfly/cw_serv_ws/install/action_interface/include/action_interface/action_interface/action/cmd.h
-- Up-to-date: /home/dlyvern/Projects/Dragonfly/cw_serv_ws/install/action_interface/include/action_interface/action_interface/action/detail
-- Installing: /home/dlyvern/Projects/Dragonfly/cw_serv_ws/install/action_interface/include/action_interface/action_interface/action/detail/cmd__functions.h
-- Installing: /home/dlyvern/Projects/Dragonfly/cw_serv_ws/install/action_interface/include/action_interface/action_interface/action/detail/cmd__functions.c
-- Installing: /home/dlyvern/Projects/Dragonfly/cw_serv_ws/install/action_interface/include/action_interface/action_interface/action/detail/cmd__type_support.h
-- Installing: /home/dlyvern/Projects/Dragonfly/cw_serv_ws/install/action_interface/include/action_interface/action_interface/action/detail/cmd__struct.h
-- Up-to-date: /home/dlyvern/Projects/Dragonfly/cw_serv_ws/install/action_interface/include/action_interface/action_interface/msg
-- Up-to-date: /home/dlyvern/Projects/Dragonfly/cw_serv_ws/install/action_interface/include/action_interface/action_interface/msg/rosidl_generator_c__visibility_control.h
-- Installing: /home/dlyvern/Projects/Dragonfly/cw_serv_ws/install/action_interface/include/action_interface/action_interface/srv
-- Installing: /home/dlyvern/Projects/Dragonfly/cw_serv_ws/install/action_interface/include/action_interface/action_interface/srv/cmd.h
-- Installing: /home/dlyvern/Projects/Dragonfly/cw_serv_ws/install/action_interface/include/action_interface/action_interface/srv/detail
-- Installing: /home/dlyvern/Projects/Dragonfly/cw_serv_ws/install/action_interface/include/action_interface/action_interface/srv/detail/cmd__functions.h
-- Installing: /home/dlyvern/Projects/Dragonfly/cw_serv_ws/install/action_interface/include/action_interface/action_interface/srv/detail/cmd__functions.c
-- Installing: /home/dlyvern/Projects/Dragonfly/cw_serv_ws/install/action_interface/include/action_interface/action_interface/srv/detail/cmd__type_support.h
-- Installing: /home/dlyvern/Projects/Dragonfly/cw_serv_ws/install/action_interface/include/action_interface/action_interface/srv/detail/cmd__struct.h
-- Up-to-date: /home/dlyvern/Projects/Dragonfly/cw_serv_ws/install/action_interface/share/action_interface/environment/library_path.sh
-- Installing: /home/dlyvern/Projects/Dragonfly/cw_serv_ws/install/action_interface/share/action_interface/environment/library_path.dsv
-- Installing: /home/dlyvern/Projects/Dragonfly/cw_serv_ws/install/action_interface/lib/libaction_interface__rosidl_generator_c.so
-- Set runtime path of "/home/dlyvern/Projects/Dragonfly/cw_serv_ws/install/action_interface/lib/libaction_interface__rosidl_generator_c.so" to ""
-- Up-to-date: /home/dlyvern/Projects/Dragonfly/cw_serv_ws/install/action_interface/include/action_interface/action_interface
-- Up-to-date: /home/dlyvern/Projects/Dragonfly/cw_serv_ws/install/action_interface/include/action_interface/action_interface/action
-- Up-to-date: /home/dlyvern/Projects/Dragonfly/cw_serv_ws/install/action_interface/include/action_interface/action_interface/action/detail
-- Installing: /home/dlyvern/Projects/Dragonfly/cw_serv_ws/install/action_interface/include/action_interface/action_interface/action/detail/cmd__rosidl_typesupport_fastrtps_c.h
-- Up-to-date: /home/dlyvern/Projects/Dragonfly/cw_serv_ws/install/action_interface/include/action_interface/action_interface/msg
-- Up-to-date: /home/dlyvern/Projects/Dragonfly/cw_serv_ws/install/action_interface/include/action_interface/action_interface/msg/rosidl_typesupport_fastrtps_c__visibility_control.h
-- Up-to-date: /home/dlyvern/Projects/Dragonfly/cw_serv_ws/install/action_interface/include/action_interface/action_interface/srv
-- Up-to-date: /home/dlyvern/Projects/Dragonfly/cw_serv_ws/install/action_interface/include/action_interface/action_interface/srv/detail
-- Installing: /home/dlyvern/Projects/Dragonfly/cw_serv_ws/install/action_interface/include/action_interface/action_interface/srv/detail/cmd__rosidl_typesupport_fastrtps_c.h
-- Installing: /home/dlyvern/Projects/Dragonfly/cw_serv_ws/install/action_interface/lib/libaction_interface__rosidl_typesupport_fastrtps_c.so
-- Set runtime path of "/home/dlyvern/Projects/Dragonfly/cw_serv_ws/install/action_interface/lib/libaction_interface__rosidl_typesupport_fastrtps_c.so" to ""
-- Up-to-date: /home/dlyvern/Projects/Dragonfly/cw_serv_ws/install/action_interface/include/action_interface/action_interface
-- Up-to-date: /home/dlyvern/Projects/Dragonfly/cw_serv_ws/install/action_interface/include/action_interface/action_interface/action
-- Up-to-date: /home/dlyvern/Projects/Dragonfly/cw_serv_ws/install/action_interface/include/action_interface/action_interface/action/detail
-- Installing: /home/dlyvern/Projects/Dragonfly/cw_serv_ws/install/action_interface/include/action_interface/action_interface/action/detail/cmd__rosidl_typesupport_introspection_c.h
-- Installing: /home/dlyvern/Projects/Dragonfly/cw_serv_ws/install/action_interface/include/action_interface/action_interface/action/detail/cmd__type_support.c
-- Up-to-date: /home/dlyvern/Projects/Dragonfly/cw_serv_ws/install/action_interface/include/action_interface/action_interface/msg
-- Up-to-date: /home/dlyvern/Projects/Dragonfly/cw_serv_ws/install/action_interface/include/action_interface/action_interface/msg/rosidl_typesupport_introspection_c__visibility_control.h
-- Up-to-date: /home/dlyvern/Projects/Dragonfly/cw_serv_ws/install/action_interface/include/action_interface/action_interface/srv
-- Up-to-date: /home/dlyvern/Projects/Dragonfly/cw_serv_ws/install/action_interface/include/action_interface/action_interface/srv/detail
-- Installing: /home/dlyvern/Projects/Dragonfly/cw_serv_ws/install/action_interface/include/action_interface/action_interface/srv/detail/cmd__rosidl_typesupport_introspection_c.h
-- Installing: /home/dlyvern/Projects/Dragonfly/cw_serv_ws/install/action_interface/include/action_interface/action_interface/srv/detail/cmd__type_support.c
-- Installing: /home/dlyvern/Projects/Dragonfly/cw_serv_ws/install/action_interface/lib/libaction_interface__rosidl_typesupport_introspection_c.so
-- Set runtime path of "/home/dlyvern/Projects/Dragonfly/cw_serv_ws/install/action_interface/lib/libaction_interface__rosidl_typesupport_introspection_c.so" to ""
-- Installing: /home/dlyvern/Projects/Dragonfly/cw_serv_ws/install/action_interface/lib/libaction_interface__rosidl_typesupport_c.so
-- Set runtime path of "/home/dlyvern/Projects/Dragonfly/cw_serv_ws/install/action_interface/lib/libaction_interface__rosidl_typesupport_c.so" to ""
-- Up-to-date: /home/dlyvern/Projects/Dragonfly/cw_serv_ws/install/action_interface/include/action_interface/action_interface
-- Up-to-date: /home/dlyvern/Projects/Dragonfly/cw_serv_ws/install/action_interface/include/action_interface/action_interface/action
-- Installing: /home/dlyvern/Projects/Dragonfly/cw_serv_ws/install/action_interface/include/action_interface/action_interface/action/cmd.hpp
-- Up-to-date: /home/dlyvern/Projects/Dragonfly/cw_serv_ws/install/action_interface/include/action_interface/action_interface/action/detail
-- Installing: /home/dlyvern/Projects/Dragonfly/cw_serv_ws/install/action_interface/include/action_interface/action_interface/action/detail/cmd__builder.hpp
-- Installing: /home/dlyvern/Projects/Dragonfly/cw_serv_ws/install/action_interface/include/action_interface/action_interface/action/detail/cmd__struct.hpp
-- Installing: /home/dlyvern/Projects/Dragonfly/cw_serv_ws/install/action_interface/include/action_interface/action_interface/action/detail/cmd__traits.hpp
-- Up-to-date: /home/dlyvern/Projects/Dragonfly/cw_serv_ws/install/action_interface/include/action_interface/action_interface/srv
-- Installing: /home/dlyvern/Projects/Dragonfly/cw_serv_ws/install/action_interface/include/action_interface/action_interface/srv/cmd.hpp
-- Up-to-date: /home/dlyvern/Projects/Dragonfly/cw_serv_ws/install/action_interface/include/action_interface/action_interface/srv/detail
-- Installing: /home/dlyvern/Projects/Dragonfly/cw_serv_ws/install/action_interface/include/action_interface/action_interface/srv/detail/cmd__builder.hpp
-- Installing: /home/dlyvern/Projects/Dragonfly/cw_serv_ws/install/action_interface/include/action_interface/action_interface/srv/detail/cmd__struct.hpp
-- Installing: /home/dlyvern/Projects/Dragonfly/cw_serv_ws/install/action_interface/include/action_interface/action_interface/srv/detail/cmd__traits.hpp
-- Up-to-date: /home/dlyvern/Projects/Dragonfly/cw_serv_ws/install/action_interface/include/action_interface/action_interface
-- Up-to-date: /home/dlyvern/Projects/Dragonfly/cw_serv_ws/install/action_interface/include/action_interface/action_interface/action
-- Up-to-date: /home/dlyvern/Projects/Dragonfly/cw_serv_ws/install/action_interface/include/action_interface/action_interface/action/detail
-- Installing: /home/dlyvern/Projects/Dragonfly/cw_serv_ws/install/action_interface/include/action_interface/action_interface/action/detail/cmd__rosidl_typesupport_fastrtps_cpp.hpp
-- Up-to-date: /home/dlyvern/Projects/Dragonfly/cw_serv_ws/install/action_interface/include/action_interface/action_interface/action/detail/dds_fastrtps
-- Up-to-date: /home/dlyvern/Projects/Dragonfly/cw_serv_ws/install/action_interface/include/action_interface/action_interface/msg
-- Up-to-date: /home/dlyvern/Projects/Dragonfly/cw_serv_ws/install/action_interface/include/action_interface/action_interface/msg/rosidl_typesupport_fastrtps_cpp__visibility_control.h
-- Up-to-date: /home/dlyvern/Projects/Dragonfly/cw_serv_ws/install/action_interface/include/action_interface/action_interface/srv
-- Up-to-date: /home/dlyvern/Projects/Dragonfly/cw_serv_ws/install/action_interface/include/action_interface/action_interface/srv/detail
-- Installing: /home/dlyvern/Projects/Dragonfly/cw_serv_ws/install/action_interface/include/action_interface/action_interface/srv/detail/cmd__rosidl_typesupport_fastrtps_cpp.hpp
-- Installing: /home/dlyvern/Projects/Dragonfly/cw_serv_ws/install/action_interface/include/action_interface/action_interface/srv/detail/dds_fastrtps
-- Installing: /home/dlyvern/Projects/Dragonfly/cw_serv_ws/install/action_interface/lib/libaction_interface__rosidl_typesupport_fastrtps_cpp.so
-- Set runtime path of "/home/dlyvern/Projects/Dragonfly/cw_serv_ws/install/action_interface/lib/libaction_interface__rosidl_typesupport_fastrtps_cpp.so" to ""
-- Up-to-date: /home/dlyvern/Projects/Dragonfly/cw_serv_ws/install/action_interface/include/action_interface/action_interface
-- Up-to-date: /home/dlyvern/Projects/Dragonfly/cw_serv_ws/install/action_interface/include/action_interface/action_interface/action
-- Up-to-date: /home/dlyvern/Projects/Dragonfly/cw_serv_ws/install/action_interface/include/action_interface/action_interface/action/detail
-- Installing: /home/dlyvern/Projects/Dragonfly/cw_serv_ws/install/action_interface/include/action_interface/action_interface/action/detail/cmd__type_support.cpp
-- Installing: /home/dlyvern/Projects/Dragonfly/cw_serv_ws/install/action_interface/include/action_interface/action_interface/action/detail/cmd__rosidl_typesupport_introspection_cpp.hpp
-- Up-to-date: /home/dlyvern/Projects/Dragonfly/cw_serv_ws/install/action_interface/include/action_interface/action_interface/srv
-- Up-to-date: /home/dlyvern/Projects/Dragonfly/cw_serv_ws/install/action_interface/include/action_interface/action_interface/srv/detail
-- Installing: /home/dlyvern/Projects/Dragonfly/cw_serv_ws/install/action_interface/include/action_interface/action_interface/srv/detail/cmd__type_support.cpp
-- Installing: /home/dlyvern/Projects/Dragonfly/cw_serv_ws/install/action_interface/include/action_interface/action_interface/srv/detail/cmd__rosidl_typesupport_introspection_cpp.hpp
-- Installing: /home/dlyvern/Projects/Dragonfly/cw_serv_ws/install/action_interface/lib/libaction_interface__rosidl_typesupport_introspection_cpp.so
-- Set runtime path of "/home/dlyvern/Projects/Dragonfly/cw_serv_ws/install/action_interface/lib/libaction_interface__rosidl_typesupport_introspection_cpp.so" to ""
-- Installing: /home/dlyvern/Projects/Dragonfly/cw_serv_ws/install/action_interface/lib/libaction_interface__rosidl_typesupport_cpp.so
-- Set runtime path of "/home/dlyvern/Projects/Dragonfly/cw_serv_ws/install/action_interface/lib/libaction_interface__rosidl_typesupport_cpp.so" to ""
-- Up-to-date: /home/dlyvern/Projects/Dragonfly/cw_serv_ws/install/action_interface/share/action_interface/environment/pythonpath.sh
-- Installing: /home/dlyvern/Projects/Dragonfly/cw_serv_ws/install/action_interface/share/action_interface/environment/pythonpath.dsv
-- Up-to-date: /home/dlyvern/Projects/Dragonfly/cw_serv_ws/install/action_interface/local/lib/python3.10/dist-packages/action_interface-0.0.0-py3.10.egg-info
-- Installing: /home/dlyvern/Projects/Dragonfly/cw_serv_ws/install/action_interface/local/lib/python3.10/dist-packages/action_interface-0.0.0-py3.10.egg-info/PKG-INFO
-- Installing: /home/dlyvern/Projects/Dragonfly/cw_serv_ws/install/action_interface/local/lib/python3.10/dist-packages/action_interface-0.0.0-py3.10.egg-info/SOURCES.txt
-- Installing: /home/dlyvern/Projects/Dragonfly/cw_serv_ws/install/action_interface/local/lib/python3.10/dist-packages/action_interface-0.0.0-py3.10.egg-info/top_level.txt
-- Installing: /home/dlyvern/Projects/Dragonfly/cw_serv_ws/install/action_interface/local/lib/python3.10/dist-packages/action_interface-0.0.0-py3.10.egg-info/dependency_links.txt
-- Up-to-date: /home/dlyvern/Projects/Dragonfly/cw_serv_ws/install/action_interface/local/lib/python3.10/dist-packages/action_interface
-- Installing: /home/dlyvern/Projects/Dragonfly/cw_serv_ws/install/action_interface/local/lib/python3.10/dist-packages/action_interface/action_interface_s__rosidl_typesupport_introspection_c.cpython-310-x86_64-linux-gnu.so
-- Installing: /home/dlyvern/Projects/Dragonfly/cw_serv_ws/install/action_interface/local/lib/python3.10/dist-packages/action_interface/_action_interface_s.ep.rosidl_typesupport_introspection_c.c
-- Installing: /home/dlyvern/Projects/Dragonfly/cw_serv_ws/install/action_interface/local/lib/python3.10/dist-packages/action_interface/action_interface_s__rosidl_typesupport_fastrtps_c.cpython-310-x86_64-linux-gnu.so
-- Installing: /home/dlyvern/Projects/Dragonfly/cw_serv_ws/install/action_interface/local/lib/python3.10/dist-packages/action_interface/action_interface_s__rosidl_typesupport_c.cpython-310-x86_64-linux-gnu.so
-- Up-to-date: /home/dlyvern/Projects/Dragonfly/cw_serv_ws/install/action_interface/local/lib/python3.10/dist-packages/action_interface/action
-- Installing: /home/dlyvern/Projects/Dragonfly/cw_serv_ws/install/action_interface/local/lib/python3.10/dist-packages/action_interface/action/_cmd_s.c
-- Installing: /home/dlyvern/Projects/Dragonfly/cw_serv_ws/install/action_interface/local/lib/python3.10/dist-packages/action_interface/action/_cmd.py
-- Installing: /home/dlyvern/Projects/Dragonfly/cw_serv_ws/install/action_interface/local/lib/python3.10/dist-packages/action_interface/action/__init__.py
-- Installing: /home/dlyvern/Projects/Dragonfly/cw_serv_ws/install/action_interface/local/lib/python3.10/dist-packages/action_interface/_action_interface_s.ep.rosidl_typesupport_fastrtps_c.c
-- Installing: /home/dlyvern/Projects/Dragonfly/cw_serv_ws/install/action_interface/local/lib/python3.10/dist-packages/action_interface/_action_interface_s.ep.rosidl_typesupport_c.c
-- Installing: /home/dlyvern/Projects/Dragonfly/cw_serv_ws/install/action_interface/local/lib/python3.10/dist-packages/action_interface/srv
-- Installing: /home/dlyvern/Projects/Dragonfly/cw_serv_ws/install/action_interface/local/lib/python3.10/dist-packages/action_interface/srv/_cmd_s.c
-- Installing: /home/dlyvern/Projects/Dragonfly/cw_serv_ws/install/action_interface/local/lib/python3.10/dist-packages/action_interface/srv/_cmd.py
-- Installing: /home/dlyvern/Projects/Dragonfly/cw_serv_ws/install/action_interface/local/lib/python3.10/dist-packages/action_interface/srv/__init__.py
-- Installing: /home/dlyvern/Projects/Dragonfly/cw_serv_ws/install/action_interface/local/lib/python3.10/dist-packages/action_interface/libaction_interface__rosidl_generator_py.so
-- Installing: /home/dlyvern/Projects/Dragonfly/cw_serv_ws/install/action_interface/local/lib/python3.10/dist-packages/action_interface/__init__.py
Listing '/home/dlyvern/Projects/Dragonfly/cw_serv_ws/install/action_interface/local/lib/python3.10/dist-packages/action_interface'...
Compiling '/home/dlyvern/Projects/Dragonfly/cw_serv_ws/install/action_interface/local/lib/python3.10/dist-packages/action_interface/__init__.py'...
Listing '/home/dlyvern/Projects/Dragonfly/cw_serv_ws/install/action_interface/local/lib/python3.10/dist-packages/action_interface/action'...
Compiling '/home/dlyvern/Projects/Dragonfly/cw_serv_ws/install/action_interface/local/lib/python3.10/dist-packages/action_interface/action/__init__.py'...
Compiling '/home/dlyvern/Projects/Dragonfly/cw_serv_ws/install/action_interface/local/lib/python3.10/dist-packages/action_interface/action/_cmd.py'...
Listing '/home/dlyvern/Projects/Dragonfly/cw_serv_ws/install/action_interface/local/lib/python3.10/dist-packages/action_interface/srv'...
Compiling '/home/dlyvern/Projects/Dragonfly/cw_serv_ws/install/action_interface/local/lib/python3.10/dist-packages/action_interface/srv/__init__.py'...
Compiling '/home/dlyvern/Projects/Dragonfly/cw_serv_ws/install/action_interface/local/lib/python3.10/dist-packages/action_interface/srv/_cmd.py'...
-- Installing: /home/dlyvern/Projects/Dragonfly/cw_serv_ws/install/action_interface/local/lib/python3.10/dist-packages/action_interface/action_interface_s__rosidl_typesupport_fastrtps_c.cpython-310-x86_64-linux-gnu.so
-- Set runtime path of "/home/dlyvern/Projects/Dragonfly/cw_serv_ws/install/action_interface/local/lib/python3.10/dist-packages/action_interface/action_interface_s__rosidl_typesupport_fastrtps_c.cpython-310-x86_64-linux-gnu.so" to ""
-- Installing: /home/dlyvern/Projects/Dragonfly/cw_serv_ws/install/action_interface/local/lib/python3.10/dist-packages/action_interface/action_interface_s__rosidl_typesupport_introspection_c.cpython-310-x86_64-linux-gnu.so
-- Set runtime path of "/home/dlyvern/Projects/Dragonfly/cw_serv_ws/install/action_interface/local/lib/python3.10/dist-packages/action_interface/action_interface_s__rosidl_typesupport_introspection_c.cpython-310-x86_64-linux-gnu.so" to ""
-- Installing: /home/dlyvern/Projects/Dragonfly/cw_serv_ws/install/action_interface/local/lib/python3.10/dist-packages/action_interface/action_interface_s__rosidl_typesupport_c.cpython-310-x86_64-linux-gnu.so
-- Set runtime path of "/home/dlyvern/Projects/Dragonfly/cw_serv_ws/install/action_interface/local/lib/python3.10/dist-packages/action_interface/action_interface_s__rosidl_typesupport_c.cpython-310-x86_64-linux-gnu.so" to ""
-- Installing: /home/dlyvern/Projects/Dragonfly/cw_serv_ws/install/action_interface/lib/libaction_interface__rosidl_generator_py.so
-- Set runtime path of "/home/dlyvern/Projects/Dragonfly/cw_serv_ws/install/action_interface/lib/libaction_interface__rosidl_generator_py.so" to ""
-- Up-to-date: /home/dlyvern/Projects/Dragonfly/cw_serv_ws/install/action_interface/share/action_interface/action/Cmd.idl
-- Installing: /home/dlyvern/Projects/Dragonfly/cw_serv_ws/install/action_interface/share/action_interface/srv/Cmd.idl
-- Up-to-date: /home/dlyvern/Projects/Dragonfly/cw_serv_ws/install/action_interface/share/action_interface/action/Cmd.action
-- Installing: /home/dlyvern/Projects/Dragonfly/cw_serv_ws/install/action_interface/share/action_interface/srv/Cmd.srv
-- Installing: /home/dlyvern/Projects/Dragonfly/cw_serv_ws/install/action_interface/share/action_interface/srv/Cmd_Request.msg
-- Installing: /home/dlyvern/Projects/Dragonfly/cw_serv_ws/install/action_interface/share/action_interface/srv/Cmd_Response.msg
-- Up-to-date: /home/dlyvern/Projects/Dragonfly/cw_serv_ws/install/action_interface/share/ament_index/resource_index/package_run_dependencies/action_interface
-- Installing: /home/dlyvern/Projects/Dragonfly/cw_serv_ws/install/action_interface/share/ament_index/resource_index/parent_prefix_path/action_interface
-- Up-to-date: /home/dlyvern/Projects/Dragonfly/cw_serv_ws/install/action_interface/share/action_interface/environment/ament_prefix_path.sh
-- Installing: /home/dlyvern/Projects/Dragonfly/cw_serv_ws/install/action_interface/share/action_interface/environment/ament_prefix_path.dsv
-- Up-to-date: /home/dlyvern/Projects/Dragonfly/cw_serv_ws/install/action_interface/share/action_interface/environment/path.sh
-- Installing: /home/dlyvern/Projects/Dragonfly/cw_serv_ws/install/action_interface/share/action_interface/environment/path.dsv
-- Up-to-date: /home/dlyvern/Projects/Dragonfly/cw_serv_ws/install/action_interface/share/action_interface/local_setup.bash
-- Up-to-date: /home/dlyvern/Projects/Dragonfly/cw_serv_ws/install/action_interface/share/action_interface/local_setup.sh
-- Up-to-date: /home/dlyvern/Projects/Dragonfly/cw_serv_ws/install/action_interface/share/action_interface/local_setup.zsh
-- Installing: /home/dlyvern/Projects/Dragonfly/cw_serv_ws/install/action_interface/share/action_interface/local_setup.dsv
-- Installing: /home/dlyvern/Projects/Dragonfly/cw_serv_ws/install/action_interface/share/action_interface/package.dsv
-- Up-to-date: /home/dlyvern/Projects/Dragonfly/cw_serv_ws/install/action_interface/share/ament_index/resource_index/packages/action_interface
-- Up-to-date: /home/dlyvern/Projects/Dragonfly/cw_serv_ws/install/action_interface/share/action_interface/cmake/export_action_interface__rosidl_generator_cExport.cmake
-- Up-to-date: /home/dlyvern/Projects/Dragonfly/cw_serv_ws/install/action_interface/share/action_interface/cmake/export_action_interface__rosidl_generator_cExport-noconfig.cmake
-- Up-to-date: /home/dlyvern/Projects/Dragonfly/cw_serv_ws/install/action_interface/share/action_interface/cmake/export_action_interface__rosidl_typesupport_fastrtps_cExport.cmake
-- Up-to-date: /home/dlyvern/Projects/Dragonfly/cw_serv_ws/install/action_interface/share/action_interface/cmake/export_action_interface__rosidl_typesupport_fastrtps_cExport-noconfig.cmake
-- Up-to-date: /home/dlyvern/Projects/Dragonfly/cw_serv_ws/install/action_interface/share/action_interface/cmake/action_interface__rosidl_typesupport_introspection_cExport.cmake
-- Up-to-date: /home/dlyvern/Projects/Dragonfly/cw_serv_ws/install/action_interface/share/action_interface/cmake/action_interface__rosidl_typesupport_introspection_cExport-noconfig.cmake
-- Up-to-date: /home/dlyvern/Projects/Dragonfly/cw_serv_ws/install/action_interface/share/action_interface/cmake/action_interface__rosidl_typesupport_cExport.cmake
-- Up-to-date: /home/dlyvern/Projects/Dragonfly/cw_serv_ws/install/action_interface/share/action_interface/cmake/action_interface__rosidl_typesupport_cExport-noconfig.cmake
-- Up-to-date: /home/dlyvern/Projects/Dragonfly/cw_serv_ws/install/action_interface/share/action_interface/cmake/export_action_interface__rosidl_generator_cppExport.cmake
-- Up-to-date: /home/dlyvern/Projects/Dragonfly/cw_serv_ws/install/action_interface/share/action_interface/cmake/export_action_interface__rosidl_typesupport_fastrtps_cppExport.cmake
-- Up-to-date: /home/dlyvern/Projects/Dragonfly/cw_serv_ws/install/action_interface/share/action_interface/cmake/export_action_interface__rosidl_typesupport_fastrtps_cppExport-noconfig.cmake
-- Up-to-date: /home/dlyvern/Projects/Dragonfly/cw_serv_ws/install/action_interface/share/action_interface/cmake/action_interface__rosidl_typesupport_introspection_cppExport.cmake
-- Up-to-date: /home/dlyvern/Projects/Dragonfly/cw_serv_ws/install/action_interface/share/action_interface/cmake/action_interface__rosidl_typesupport_introspection_cppExport-noconfig.cmake
-- Up-to-date: /home/dlyvern/Projects/Dragonfly/cw_serv_ws/install/action_interface/share/action_interface/cmake/action_interface__rosidl_typesupport_cppExport.cmake
-- Up-to-date: /home/dlyvern/Projects/Dragonfly/cw_serv_ws/install/action_interface/share/action_interface/cmake/action_interface__rosidl_typesupport_cppExport-noconfig.cmake
-- Up-to-date: /home/dlyvern/Projects/Dragonfly/cw_serv_ws/install/action_interface/share/action_interface/cmake/export_action_interface__rosidl_generator_pyExport.cmake
-- Up-to-date: /home/dlyvern/Projects/Dragonfly/cw_serv_ws/install/action_interface/share/action_interface/cmake/export_action_interface__rosidl_generator_pyExport-noconfig.cmake
-- Installing: /home/dlyvern/Projects/Dragonfly/cw_serv_ws/install/action_interface/share/action_interface/cmake/rosidl_cmake-extras.cmake
-- Up-to-date: /home/dlyvern/Projects/Dragonfly/cw_serv_ws/install/action_interface/share/action_interface/cmake/ament_cmake_export_dependencies-extras.cmake
-- Up-to-date: /home/dlyvern/Projects/Dragonfly/cw_serv_ws/install/action_interface/share/action_interface/cmake/ament_cmake_export_include_directories-extras.cmake
-- Up-to-date: /home/dlyvern/Projects/Dragonfly/cw_serv_ws/install/action_interface/share/action_interface/cmake/ament_cmake_export_libraries-extras.cmake
-- Up-to-date: /home/dlyvern/Projects/Dragonfly/cw_serv_ws/install/action_interface/share/action_interface/cmake/ament_cmake_export_targets-extras.cmake
-- Up-to-date: /home/dlyvern/Projects/Dragonfly/cw_serv_ws/install/action_interface/share/action_interface/cmake/rosidl_cmake_export_typesupport_targets-extras.cmake
-- Up-to-date: /home/dlyvern/Projects/Dragonfly/cw_serv_ws/install/action_interface/share/action_interface/cmake/rosidl_cmake_export_typesupport_libraries-extras.cmake
-- Up-to-date: /home/dlyvern/Projects/Dragonfly/cw_serv_ws/install/action_interface/share/action_interface/cmake/action_interfaceConfig.cmake
-- Up-to-date: /home/dlyvern/Projects/Dragonfly/cw_serv_ws/install/action_interface/share/action_interface/cmake/action_interfaceConfig-version.cmake
-- Up-to-date: /home/dlyvern/Projects/Dragonfly/cw_serv_ws/install/action_interface/share/action_interface/package.xml
