[0.028s] Invoking command in '/home/dlyvern/Projects/Dragonfly/cw_serv_ws/build/action_interface': CMAKE_PREFIX_PATH=${CMAKE_PREFIX_PATH}:/opt/ros/humble /usr/bin/cmake --build /home/dlyvern/Projects/Dragonfly/cw_serv_ws/build/action_interface -- -j12 -l12
[0.047s] -- Found ament_cmake: 1.3.5 (/opt/ros/humble/share/ament_cmake/cmake)
[0.127s] -- Found rosidl_default_generators: 1.2.0 (/opt/ros/humble/share/rosidl_default_generators/cmake)
[0.127s] -- Using all available rosidl_typesupport_c: rosidl_typesupport_fastrtps_c;rosidl_typesupport_introspection_c
[0.129s] -- Found rosidl_adapter: 3.1.5 (/opt/ros/humble/share/rosidl_adapter/cmake)
[0.145s] -- Using all available rosidl_typesupport_cpp: rosidl_typesupport_fastrtps_cpp;rosidl_typesupport_introspection_cpp
[0.343s] -- Found ament_cmake_ros: 0.10.0 (/opt/ros/humble/share/ament_cmake_ros/cmake)
[0.443s] -- Using all available rosidl_typesupport_c: rosidl_typesupport_fastrtps_c;rosidl_typesupport_introspection_c
[0.578s] -- Using all available rosidl_typesupport_cpp: rosidl_typesupport_fastrtps_cpp;rosidl_typesupport_introspection_cpp
[0.590s] -- Found python_cmake_module: 0.10.0 (/opt/ros/humble/share/python_cmake_module/cmake)
[0.603s] -- Using PYTHON_EXECUTABLE: /usr/bin/python3
[0.603s] -- Using PYTHON_INCLUDE_DIRS: /usr/include/python3.10
[0.603s] -- Using PYTHON_LIBRARIES: /usr/lib/x86_64-linux-gnu/libpython3.10.so
[0.612s] -- Found ament_lint_auto: 0.12.8 (/opt/ros/humble/share/ament_lint_auto/cmake)
[0.625s] -- Added test 'cppcheck' to perform static code analysis on C / C++ code
[0.626s] -- Configured cppcheck include dirs: 
[0.626s] -- Configured cppcheck exclude dirs and/or files: 
[0.627s] -- Added test 'flake8' to check Python code syntax and style conventions
[0.629s] -- Added test 'lint_cmake' to check CMake code style
[0.630s] -- Added test 'pep257' to check Python code against some of the docstring style conventions in PEP 257
[0.638s] -- Added test 'uncrustify' to check C / C++ code style
[0.638s] -- Configured uncrustify additional arguments: 
[0.639s] -- Added test 'xmllint' to check XML markup files
[0.641s] -- Configuring done
[0.663s] -- Generating done
[0.665s] -- Build files have been written to: /home/dlyvern/Projects/Dragonfly/cw_serv_ws/build/action_interface
[0.679s] [  2%] [34m[1mGenerating C code for ROS interfaces[0m
[0.684s] [  5%] [34m[1mGenerating C++ code for ROS interfaces[0m
[0.691s] [  5%] Built target ament_cmake_python_copy_action_interface
[0.811s] running egg_info
[0.811s] writing action_interface.egg-info/PKG-INFO
[0.812s] writing dependency_links to action_interface.egg-info/dependency_links.txt
[0.812s] writing top-level names to action_interface.egg-info/top_level.txt
[0.813s] reading manifest file 'action_interface.egg-info/SOURCES.txt'
[0.813s] writing manifest file 'action_interface.egg-info/SOURCES.txt'
[0.830s] [  5%] Built target ament_cmake_python_build_action_interface_egg
[0.955s] [  5%] Built target action_interface__cpp
[0.955s] [35m[1mConsolidate compiler generated dependencies of target action_interface__rosidl_generator_c[0m
[0.960s] [ 12%] [34m[1mGenerating C++ type support for eProsima Fast-RTPS[0m
[0.961s] [ 12%] [34m[1mGenerating C++ type support dispatch for ROS interfaces[0m
[0.961s] [ 12%] [34m[1mGenerating C++ introspection for ROS interfaces[0m
[0.961s] [ 15%] [32mBuilding C object CMakeFiles/action_interface__rosidl_generator_c.dir/rosidl_generator_c/action_interface/action/detail/cmd__functions.c.o[0m
[0.961s] [ 17%] [32mBuilding C object CMakeFiles/action_interface__rosidl_generator_c.dir/rosidl_generator_c/action_interface/srv/detail/cmd__functions.c.o[0m
[1.038s] [ 20%] [32m[1mLinking C shared library libaction_interface__rosidl_generator_c.so[0m
[1.059s] [ 20%] Built target action_interface__rosidl_generator_c
[1.065s] [ 28%] [34m[1mGenerating C type support for eProsima Fast-RTPS[0m
[1.065s] [ 28%] [34m[1mGenerating C type support dispatch for ROS interfaces[0m
[1.065s] [ 28%] [34m[1mGenerating C introspection for ROS interfaces[0m
[1.149s] [35m[1mConsolidate compiler generated dependencies of target action_interface__rosidl_typesupport_cpp[0m
[1.156s] [ 30%] [32mBuilding CXX object CMakeFiles/action_interface__rosidl_typesupport_cpp.dir/rosidl_typesupport_cpp/action_interface/action/cmd__type_support.cpp.o[0m
[1.158s] [ 33%] [32mBuilding CXX object CMakeFiles/action_interface__rosidl_typesupport_cpp.dir/rosidl_typesupport_cpp/action_interface/srv/cmd__type_support.cpp.o[0m
[1.183s] [35m[1mConsolidate compiler generated dependencies of target action_interface__rosidl_typesupport_introspection_cpp[0m
[1.190s] [ 35%] [32mBuilding CXX object CMakeFiles/action_interface__rosidl_typesupport_introspection_cpp.dir/rosidl_typesupport_introspection_cpp/action_interface/action/detail/cmd__type_support.cpp.o[0m
[1.192s] [ 38%] [32mBuilding CXX object CMakeFiles/action_interface__rosidl_typesupport_introspection_cpp.dir/rosidl_typesupport_introspection_cpp/action_interface/srv/detail/cmd__type_support.cpp.o[0m
[1.267s] [35m[1mConsolidate compiler generated dependencies of target action_interface__rosidl_typesupport_c[0m
[1.273s] [35m[1mConsolidate compiler generated dependencies of target action_interface__rosidl_typesupport_fastrtps_cpp[0m
[1.278s] [ 43%] [32mBuilding CXX object CMakeFiles/action_interface__rosidl_typesupport_c.dir/rosidl_typesupport_c/action_interface/action/cmd__type_support.cpp.o[0m
[1.278s] [ 43%] [32mBuilding CXX object CMakeFiles/action_interface__rosidl_typesupport_c.dir/rosidl_typesupport_c/action_interface/srv/cmd__type_support.cpp.o[0m
[1.284s] [ 46%] [32mBuilding CXX object CMakeFiles/action_interface__rosidl_typesupport_fastrtps_cpp.dir/rosidl_typesupport_fastrtps_cpp/action_interface/action/detail/dds_fastrtps/cmd__type_support.cpp.o[0m
[1.285s] [ 48%] [32mBuilding CXX object CMakeFiles/action_interface__rosidl_typesupport_fastrtps_cpp.dir/rosidl_typesupport_fastrtps_cpp/action_interface/srv/detail/dds_fastrtps/cmd__type_support.cpp.o[0m
[1.325s] [ 51%] [32m[1mLinking CXX shared library libaction_interface__rosidl_typesupport_c.so[0m
[1.338s] [35m[1mConsolidate compiler generated dependencies of target action_interface__rosidl_typesupport_fastrtps_c[0m
[1.352s] [ 56%] [32mBuilding CXX object CMakeFiles/action_interface__rosidl_typesupport_fastrtps_c.dir/rosidl_typesupport_fastrtps_c/action_interface/srv/detail/cmd__type_support_c.cpp.o[0m
[1.352s] [ 56%] [32mBuilding CXX object CMakeFiles/action_interface__rosidl_typesupport_fastrtps_c.dir/rosidl_typesupport_fastrtps_c/action_interface/action/detail/cmd__type_support_c.cpp.o[0m
[1.367s] [ 56%] Built target action_interface__rosidl_typesupport_c
[1.434s] [35m[1mConsolidate compiler generated dependencies of target action_interface__rosidl_typesupport_introspection_c[0m
[1.443s] [ 58%] [32mBuilding C object CMakeFiles/action_interface__rosidl_typesupport_introspection_c.dir/rosidl_typesupport_introspection_c/action_interface/action/detail/cmd__type_support.c.o[0m
[1.445s] [ 61%] [32mBuilding C object CMakeFiles/action_interface__rosidl_typesupport_introspection_c.dir/rosidl_typesupport_introspection_c/action_interface/srv/detail/cmd__type_support.c.o[0m
[1.446s] [ 64%] [32m[1mLinking CXX shared library libaction_interface__rosidl_typesupport_cpp.so[0m
[1.480s] [ 66%] [32m[1mLinking C shared library libaction_interface__rosidl_typesupport_introspection_c.so[0m
[1.488s] [ 66%] Built target action_interface__rosidl_typesupport_cpp
[1.502s] [ 66%] Built target action_interface__rosidl_typesupport_introspection_c
[1.646s] [ 69%] [32m[1mLinking CXX shared library libaction_interface__rosidl_typesupport_introspection_cpp.so[0m
[1.661s] [ 71%] [32m[1mLinking CXX shared library libaction_interface__rosidl_typesupport_fastrtps_c.so[0m
[1.693s] [ 71%] Built target action_interface__rosidl_typesupport_introspection_cpp
[1.708s] [ 71%] Built target action_interface__rosidl_typesupport_fastrtps_c
[1.731s] [ 74%] [32m[1mLinking CXX shared library libaction_interface__rosidl_typesupport_fastrtps_cpp.so[0m
[1.772s] [ 74%] Built target action_interface__rosidl_typesupport_fastrtps_cpp
[1.783s] [ 74%] Built target action_interface
[1.793s] [ 76%] [34m[1mGenerating Python code for ROS interfaces[0m
[2.224s] [ 76%] Built target action_interface__py
[2.229s] [35m[1mConsolidate compiler generated dependencies of target action_interface__rosidl_generator_py[0m
[2.236s] [ 79%] [32mBuilding C object CMakeFiles/action_interface__rosidl_generator_py.dir/rosidl_generator_py/action_interface/action/_cmd_s.c.o[0m
[2.236s] [ 82%] [32mBuilding C object CMakeFiles/action_interface__rosidl_generator_py.dir/rosidl_generator_py/action_interface/srv/_cmd_s.c.o[0m
[2.317s] [ 84%] [32m[1mLinking C shared library rosidl_generator_py/action_interface/libaction_interface__rosidl_generator_py.so[0m
[2.341s] [ 84%] Built target action_interface__rosidl_generator_py
[2.347s] [35m[1mConsolidate compiler generated dependencies of target action_interface__rosidl_typesupport_c__pyext[0m
[2.347s] [35m[1mConsolidate compiler generated dependencies of target action_interface__rosidl_typesupport_introspection_c__pyext[0m
[2.347s] [35m[1mConsolidate compiler generated dependencies of target action_interface__rosidl_typesupport_fastrtps_c__pyext[0m
[2.354s] [ 92%] [32mBuilding C object CMakeFiles/action_interface__rosidl_typesupport_fastrtps_c__pyext.dir/rosidl_generator_py/action_interface/_action_interface_s.ep.rosidl_typesupport_fastrtps_c.c.o[0m
[2.354s] [ 92%] [32mBuilding C object CMakeFiles/action_interface__rosidl_typesupport_introspection_c__pyext.dir/rosidl_generator_py/action_interface/_action_interface_s.ep.rosidl_typesupport_introspection_c.c.o[0m
[2.354s] [ 92%] [32mBuilding C object CMakeFiles/action_interface__rosidl_typesupport_c__pyext.dir/rosidl_generator_py/action_interface/_action_interface_s.ep.rosidl_typesupport_c.c.o[0m
[2.424s] [100%] [32m[1mLinking C shared library rosidl_generator_py/action_interface/action_interface_s__rosidl_typesupport_introspection_c.cpython-310-x86_64-linux-gnu.so[0m
[2.424s] [100%] [32m[1mLinking C shared library rosidl_generator_py/action_interface/action_interface_s__rosidl_typesupport_fastrtps_c.cpython-310-x86_64-linux-gnu.so[0m
[2.424s] [100%] [32m[1mLinking C shared library rosidl_generator_py/action_interface/action_interface_s__rosidl_typesupport_c.cpython-310-x86_64-linux-gnu.so[0m
[2.448s] [100%] Built target action_interface__rosidl_typesupport_fastrtps_c__pyext
[2.448s] [100%] Built target action_interface__rosidl_typesupport_c__pyext
[2.448s] [100%] Built target action_interface__rosidl_typesupport_introspection_c__pyext
[2.454s] Invoked command in '/home/dlyvern/Projects/Dragonfly/cw_serv_ws/build/action_interface' returned '0': CMAKE_PREFIX_PATH=${CMAKE_PREFIX_PATH}:/opt/ros/humble /usr/bin/cmake --build /home/dlyvern/Projects/Dragonfly/cw_serv_ws/build/action_interface -- -j12 -l12
[2.493s] Invoking command in '/home/dlyvern/Projects/Dragonfly/cw_serv_ws/build/action_interface': CMAKE_PREFIX_PATH=${CMAKE_PREFIX_PATH}:/opt/ros/humble /usr/bin/cmake --install /home/dlyvern/Projects/Dragonfly/cw_serv_ws/build/action_interface
[2.497s] -- Install configuration: ""
[2.497s] -- Installing: /home/dlyvern/Projects/Dragonfly/cw_serv_ws/install/action_interface/share/ament_index/resource_index/rosidl_interfaces/action_interface
[2.497s] -- Up-to-date: /home/dlyvern/Projects/Dragonfly/cw_serv_ws/install/action_interface/include/action_interface/action_interface
[2.497s] -- Up-to-date: /home/dlyvern/Projects/Dragonfly/cw_serv_ws/install/action_interface/include/action_interface/action_interface/action
[2.498s] -- Installing: /home/dlyvern/Projects/Dragonfly/cw_serv_ws/install/action_interface/include/action_interface/action_interface/action/cmd.h
[2.498s] -- Up-to-date: /home/dlyvern/Projects/Dragonfly/cw_serv_ws/install/action_interface/include/action_interface/action_interface/action/detail
[2.498s] -- Installing: /home/dlyvern/Projects/Dragonfly/cw_serv_ws/install/action_interface/include/action_interface/action_interface/action/detail/cmd__functions.h
[2.498s] -- Installing: /home/dlyvern/Projects/Dragonfly/cw_serv_ws/install/action_interface/include/action_interface/action_interface/action/detail/cmd__functions.c
[2.498s] -- Installing: /home/dlyvern/Projects/Dragonfly/cw_serv_ws/install/action_interface/include/action_interface/action_interface/action/detail/cmd__type_support.h
[2.498s] -- Installing: /home/dlyvern/Projects/Dragonfly/cw_serv_ws/install/action_interface/include/action_interface/action_interface/action/detail/cmd__struct.h
[2.498s] -- Up-to-date: /home/dlyvern/Projects/Dragonfly/cw_serv_ws/install/action_interface/include/action_interface/action_interface/msg
[2.498s] -- Up-to-date: /home/dlyvern/Projects/Dragonfly/cw_serv_ws/install/action_interface/include/action_interface/action_interface/msg/rosidl_generator_c__visibility_control.h
[2.498s] -- Installing: /home/dlyvern/Projects/Dragonfly/cw_serv_ws/install/action_interface/include/action_interface/action_interface/srv
[2.498s] -- Installing: /home/dlyvern/Projects/Dragonfly/cw_serv_ws/install/action_interface/include/action_interface/action_interface/srv/cmd.h
[2.498s] -- Installing: /home/dlyvern/Projects/Dragonfly/cw_serv_ws/install/action_interface/include/action_interface/action_interface/srv/detail
[2.498s] -- Installing: /home/dlyvern/Projects/Dragonfly/cw_serv_ws/install/action_interface/include/action_interface/action_interface/srv/detail/cmd__functions.h
[2.498s] -- Installing: /home/dlyvern/Projects/Dragonfly/cw_serv_ws/install/action_interface/include/action_interface/action_interface/srv/detail/cmd__functions.c
[2.498s] -- Installing: /home/dlyvern/Projects/Dragonfly/cw_serv_ws/install/action_interface/include/action_interface/action_interface/srv/detail/cmd__type_support.h
[2.498s] -- Installing: /home/dlyvern/Projects/Dragonfly/cw_serv_ws/install/action_interface/include/action_interface/action_interface/srv/detail/cmd__struct.h
[2.498s] -- Up-to-date: /home/dlyvern/Projects/Dragonfly/cw_serv_ws/install/action_interface/share/action_interface/environment/library_path.sh
[2.498s] -- Installing: /home/dlyvern/Projects/Dragonfly/cw_serv_ws/install/action_interface/share/action_interface/environment/library_path.dsv
[2.498s] -- Installing: /home/dlyvern/Projects/Dragonfly/cw_serv_ws/install/action_interface/lib/libaction_interface__rosidl_generator_c.so
[2.498s] -- Set runtime path of "/home/dlyvern/Projects/Dragonfly/cw_serv_ws/install/action_interface/lib/libaction_interface__rosidl_generator_c.so" to ""
[2.498s] -- Up-to-date: /home/dlyvern/Projects/Dragonfly/cw_serv_ws/install/action_interface/include/action_interface/action_interface
[2.499s] -- Up-to-date: /home/dlyvern/Projects/Dragonfly/cw_serv_ws/install/action_interface/include/action_interface/action_interface/action
[2.499s] -- Up-to-date: /home/dlyvern/Projects/Dragonfly/cw_serv_ws/install/action_interface/include/action_interface/action_interface/action/detail
[2.499s] -- Installing: /home/dlyvern/Projects/Dragonfly/cw_serv_ws/install/action_interface/include/action_interface/action_interface/action/detail/cmd__rosidl_typesupport_fastrtps_c.h
[2.499s] -- Up-to-date: /home/dlyvern/Projects/Dragonfly/cw_serv_ws/install/action_interface/include/action_interface/action_interface/msg
[2.499s] -- Up-to-date: /home/dlyvern/Projects/Dragonfly/cw_serv_ws/install/action_interface/include/action_interface/action_interface/msg/rosidl_typesupport_fastrtps_c__visibility_control.h
[2.499s] -- Up-to-date: /home/dlyvern/Projects/Dragonfly/cw_serv_ws/install/action_interface/include/action_interface/action_interface/srv
[2.499s] -- Up-to-date: /home/dlyvern/Projects/Dragonfly/cw_serv_ws/install/action_interface/include/action_interface/action_interface/srv/detail
[2.499s] -- Installing: /home/dlyvern/Projects/Dragonfly/cw_serv_ws/install/action_interface/include/action_interface/action_interface/srv/detail/cmd__rosidl_typesupport_fastrtps_c.h
[2.499s] -- Installing: /home/dlyvern/Projects/Dragonfly/cw_serv_ws/install/action_interface/lib/libaction_interface__rosidl_typesupport_fastrtps_c.so
[2.499s] -- Set runtime path of "/home/dlyvern/Projects/Dragonfly/cw_serv_ws/install/action_interface/lib/libaction_interface__rosidl_typesupport_fastrtps_c.so" to ""
[2.499s] -- Up-to-date: /home/dlyvern/Projects/Dragonfly/cw_serv_ws/install/action_interface/include/action_interface/action_interface
[2.499s] -- Up-to-date: /home/dlyvern/Projects/Dragonfly/cw_serv_ws/install/action_interface/include/action_interface/action_interface/action
[2.499s] -- Up-to-date: /home/dlyvern/Projects/Dragonfly/cw_serv_ws/install/action_interface/include/action_interface/action_interface/action/detail
[2.499s] -- Installing: /home/dlyvern/Projects/Dragonfly/cw_serv_ws/install/action_interface/include/action_interface/action_interface/action/detail/cmd__rosidl_typesupport_introspection_c.h
[2.499s] -- Installing: /home/dlyvern/Projects/Dragonfly/cw_serv_ws/install/action_interface/include/action_interface/action_interface/action/detail/cmd__type_support.c
[2.499s] -- Up-to-date: /home/dlyvern/Projects/Dragonfly/cw_serv_ws/install/action_interface/include/action_interface/action_interface/msg
[2.499s] -- Up-to-date: /home/dlyvern/Projects/Dragonfly/cw_serv_ws/install/action_interface/include/action_interface/action_interface/msg/rosidl_typesupport_introspection_c__visibility_control.h
[2.499s] -- Up-to-date: /home/dlyvern/Projects/Dragonfly/cw_serv_ws/install/action_interface/include/action_interface/action_interface/srv
[2.499s] -- Up-to-date: /home/dlyvern/Projects/Dragonfly/cw_serv_ws/install/action_interface/include/action_interface/action_interface/srv/detail
[2.499s] -- Installing: /home/dlyvern/Projects/Dragonfly/cw_serv_ws/install/action_interface/include/action_interface/action_interface/srv/detail/cmd__rosidl_typesupport_introspection_c.h
[2.499s] -- Installing: /home/dlyvern/Projects/Dragonfly/cw_serv_ws/install/action_interface/include/action_interface/action_interface/srv/detail/cmd__type_support.c
[2.499s] -- Installing: /home/dlyvern/Projects/Dragonfly/cw_serv_ws/install/action_interface/lib/libaction_interface__rosidl_typesupport_introspection_c.so
[2.499s] -- Set runtime path of "/home/dlyvern/Projects/Dragonfly/cw_serv_ws/install/action_interface/lib/libaction_interface__rosidl_typesupport_introspection_c.so" to ""
[2.499s] -- Installing: /home/dlyvern/Projects/Dragonfly/cw_serv_ws/install/action_interface/lib/libaction_interface__rosidl_typesupport_c.so
[2.500s] -- Set runtime path of "/home/dlyvern/Projects/Dragonfly/cw_serv_ws/install/action_interface/lib/libaction_interface__rosidl_typesupport_c.so" to ""
[2.500s] -- Up-to-date: /home/dlyvern/Projects/Dragonfly/cw_serv_ws/install/action_interface/include/action_interface/action_interface
[2.500s] -- Up-to-date: /home/dlyvern/Projects/Dragonfly/cw_serv_ws/install/action_interface/include/action_interface/action_interface/action
[2.500s] -- Installing: /home/dlyvern/Projects/Dragonfly/cw_serv_ws/install/action_interface/include/action_interface/action_interface/action/cmd.hpp
[2.500s] -- Up-to-date: /home/dlyvern/Projects/Dragonfly/cw_serv_ws/install/action_interface/include/action_interface/action_interface/action/detail
[2.500s] -- Installing: /home/dlyvern/Projects/Dragonfly/cw_serv_ws/install/action_interface/include/action_interface/action_interface/action/detail/cmd__builder.hpp
[2.500s] -- Installing: /home/dlyvern/Projects/Dragonfly/cw_serv_ws/install/action_interface/include/action_interface/action_interface/action/detail/cmd__struct.hpp
[2.500s] -- Installing: /home/dlyvern/Projects/Dragonfly/cw_serv_ws/install/action_interface/include/action_interface/action_interface/action/detail/cmd__traits.hpp
[2.500s] -- Up-to-date: /home/dlyvern/Projects/Dragonfly/cw_serv_ws/install/action_interface/include/action_interface/action_interface/srv
[2.500s] -- Installing: /home/dlyvern/Projects/Dragonfly/cw_serv_ws/install/action_interface/include/action_interface/action_interface/srv/cmd.hpp
[2.500s] -- Up-to-date: /home/dlyvern/Projects/Dragonfly/cw_serv_ws/install/action_interface/include/action_interface/action_interface/srv/detail
[2.500s] -- Installing: /home/dlyvern/Projects/Dragonfly/cw_serv_ws/install/action_interface/include/action_interface/action_interface/srv/detail/cmd__builder.hpp
[2.500s] -- Installing: /home/dlyvern/Projects/Dragonfly/cw_serv_ws/install/action_interface/include/action_interface/action_interface/srv/detail/cmd__struct.hpp
[2.500s] -- Installing: /home/dlyvern/Projects/Dragonfly/cw_serv_ws/install/action_interface/include/action_interface/action_interface/srv/detail/cmd__traits.hpp
[2.500s] -- Up-to-date: /home/dlyvern/Projects/Dragonfly/cw_serv_ws/install/action_interface/include/action_interface/action_interface
[2.500s] -- Up-to-date: /home/dlyvern/Projects/Dragonfly/cw_serv_ws/install/action_interface/include/action_interface/action_interface/action
[2.500s] -- Up-to-date: /home/dlyvern/Projects/Dragonfly/cw_serv_ws/install/action_interface/include/action_interface/action_interface/action/detail
[2.500s] -- Installing: /home/dlyvern/Projects/Dragonfly/cw_serv_ws/install/action_interface/include/action_interface/action_interface/action/detail/cmd__rosidl_typesupport_fastrtps_cpp.hpp
[2.500s] -- Up-to-date: /home/dlyvern/Projects/Dragonfly/cw_serv_ws/install/action_interface/include/action_interface/action_interface/action/detail/dds_fastrtps
[2.500s] -- Up-to-date: /home/dlyvern/Projects/Dragonfly/cw_serv_ws/install/action_interface/include/action_interface/action_interface/msg
[2.500s] -- Up-to-date: /home/dlyvern/Projects/Dragonfly/cw_serv_ws/install/action_interface/include/action_interface/action_interface/msg/rosidl_typesupport_fastrtps_cpp__visibility_control.h
[2.500s] -- Up-to-date: /home/dlyvern/Projects/Dragonfly/cw_serv_ws/install/action_interface/include/action_interface/action_interface/srv
[2.500s] -- Up-to-date: /home/dlyvern/Projects/Dragonfly/cw_serv_ws/install/action_interface/include/action_interface/action_interface/srv/detail
[2.500s] -- Installing: /home/dlyvern/Projects/Dragonfly/cw_serv_ws/install/action_interface/include/action_interface/action_interface/srv/detail/cmd__rosidl_typesupport_fastrtps_cpp.hpp
[2.500s] -- Installing: /home/dlyvern/Projects/Dragonfly/cw_serv_ws/install/action_interface/include/action_interface/action_interface/srv/detail/dds_fastrtps
[2.500s] -- Installing: /home/dlyvern/Projects/Dragonfly/cw_serv_ws/install/action_interface/lib/libaction_interface__rosidl_typesupport_fastrtps_cpp.so
[2.500s] -- Set runtime path of "/home/dlyvern/Projects/Dragonfly/cw_serv_ws/install/action_interface/lib/libaction_interface__rosidl_typesupport_fastrtps_cpp.so" to ""
[2.500s] -- Up-to-date: /home/dlyvern/Projects/Dragonfly/cw_serv_ws/install/action_interface/include/action_interface/action_interface
[2.501s] -- Up-to-date: /home/dlyvern/Projects/Dragonfly/cw_serv_ws/install/action_interface/include/action_interface/action_interface/action
[2.501s] -- Up-to-date: /home/dlyvern/Projects/Dragonfly/cw_serv_ws/install/action_interface/include/action_interface/action_interface/action/detail
[2.501s] -- Installing: /home/dlyvern/Projects/Dragonfly/cw_serv_ws/install/action_interface/include/action_interface/action_interface/action/detail/cmd__type_support.cpp
[2.501s] -- Installing: /home/dlyvern/Projects/Dragonfly/cw_serv_ws/install/action_interface/include/action_interface/action_interface/action/detail/cmd__rosidl_typesupport_introspection_cpp.hpp
[2.501s] -- Up-to-date: /home/dlyvern/Projects/Dragonfly/cw_serv_ws/install/action_interface/include/action_interface/action_interface/srv
[2.501s] -- Up-to-date: /home/dlyvern/Projects/Dragonfly/cw_serv_ws/install/action_interface/include/action_interface/action_interface/srv/detail
[2.501s] -- Installing: /home/dlyvern/Projects/Dragonfly/cw_serv_ws/install/action_interface/include/action_interface/action_interface/srv/detail/cmd__type_support.cpp
[2.501s] -- Installing: /home/dlyvern/Projects/Dragonfly/cw_serv_ws/install/action_interface/include/action_interface/action_interface/srv/detail/cmd__rosidl_typesupport_introspection_cpp.hpp
[2.501s] -- Installing: /home/dlyvern/Projects/Dragonfly/cw_serv_ws/install/action_interface/lib/libaction_interface__rosidl_typesupport_introspection_cpp.so
[2.501s] -- Set runtime path of "/home/dlyvern/Projects/Dragonfly/cw_serv_ws/install/action_interface/lib/libaction_interface__rosidl_typesupport_introspection_cpp.so" to ""
[2.501s] -- Installing: /home/dlyvern/Projects/Dragonfly/cw_serv_ws/install/action_interface/lib/libaction_interface__rosidl_typesupport_cpp.so
[2.501s] -- Set runtime path of "/home/dlyvern/Projects/Dragonfly/cw_serv_ws/install/action_interface/lib/libaction_interface__rosidl_typesupport_cpp.so" to ""
[2.501s] -- Up-to-date: /home/dlyvern/Projects/Dragonfly/cw_serv_ws/install/action_interface/share/action_interface/environment/pythonpath.sh
[2.501s] -- Installing: /home/dlyvern/Projects/Dragonfly/cw_serv_ws/install/action_interface/share/action_interface/environment/pythonpath.dsv
[2.501s] -- Up-to-date: /home/dlyvern/Projects/Dragonfly/cw_serv_ws/install/action_interface/local/lib/python3.10/dist-packages/action_interface-0.0.0-py3.10.egg-info
[2.501s] -- Installing: /home/dlyvern/Projects/Dragonfly/cw_serv_ws/install/action_interface/local/lib/python3.10/dist-packages/action_interface-0.0.0-py3.10.egg-info/PKG-INFO
[2.501s] -- Installing: /home/dlyvern/Projects/Dragonfly/cw_serv_ws/install/action_interface/local/lib/python3.10/dist-packages/action_interface-0.0.0-py3.10.egg-info/SOURCES.txt
[2.501s] -- Installing: /home/dlyvern/Projects/Dragonfly/cw_serv_ws/install/action_interface/local/lib/python3.10/dist-packages/action_interface-0.0.0-py3.10.egg-info/top_level.txt
[2.501s] -- Installing: /home/dlyvern/Projects/Dragonfly/cw_serv_ws/install/action_interface/local/lib/python3.10/dist-packages/action_interface-0.0.0-py3.10.egg-info/dependency_links.txt
[2.501s] -- Up-to-date: /home/dlyvern/Projects/Dragonfly/cw_serv_ws/install/action_interface/local/lib/python3.10/dist-packages/action_interface
[2.501s] -- Installing: /home/dlyvern/Projects/Dragonfly/cw_serv_ws/install/action_interface/local/lib/python3.10/dist-packages/action_interface/action_interface_s__rosidl_typesupport_introspection_c.cpython-310-x86_64-linux-gnu.so
[2.501s] -- Installing: /home/dlyvern/Projects/Dragonfly/cw_serv_ws/install/action_interface/local/lib/python3.10/dist-packages/action_interface/_action_interface_s.ep.rosidl_typesupport_introspection_c.c
[2.502s] -- Installing: /home/dlyvern/Projects/Dragonfly/cw_serv_ws/install/action_interface/local/lib/python3.10/dist-packages/action_interface/action_interface_s__rosidl_typesupport_fastrtps_c.cpython-310-x86_64-linux-gnu.so
[2.502s] -- Installing: /home/dlyvern/Projects/Dragonfly/cw_serv_ws/install/action_interface/local/lib/python3.10/dist-packages/action_interface/action_interface_s__rosidl_typesupport_c.cpython-310-x86_64-linux-gnu.so
[2.502s] -- Up-to-date: /home/dlyvern/Projects/Dragonfly/cw_serv_ws/install/action_interface/local/lib/python3.10/dist-packages/action_interface/action
[2.502s] -- Installing: /home/dlyvern/Projects/Dragonfly/cw_serv_ws/install/action_interface/local/lib/python3.10/dist-packages/action_interface/action/_cmd_s.c
[2.502s] -- Installing: /home/dlyvern/Projects/Dragonfly/cw_serv_ws/install/action_interface/local/lib/python3.10/dist-packages/action_interface/action/_cmd.py
[2.502s] -- Installing: /home/dlyvern/Projects/Dragonfly/cw_serv_ws/install/action_interface/local/lib/python3.10/dist-packages/action_interface/action/__init__.py
[2.502s] -- Installing: /home/dlyvern/Projects/Dragonfly/cw_serv_ws/install/action_interface/local/lib/python3.10/dist-packages/action_interface/_action_interface_s.ep.rosidl_typesupport_fastrtps_c.c
[2.502s] -- Installing: /home/dlyvern/Projects/Dragonfly/cw_serv_ws/install/action_interface/local/lib/python3.10/dist-packages/action_interface/_action_interface_s.ep.rosidl_typesupport_c.c
[2.502s] -- Installing: /home/dlyvern/Projects/Dragonfly/cw_serv_ws/install/action_interface/local/lib/python3.10/dist-packages/action_interface/srv
[2.502s] -- Installing: /home/dlyvern/Projects/Dragonfly/cw_serv_ws/install/action_interface/local/lib/python3.10/dist-packages/action_interface/srv/_cmd_s.c
[2.502s] -- Installing: /home/dlyvern/Projects/Dragonfly/cw_serv_ws/install/action_interface/local/lib/python3.10/dist-packages/action_interface/srv/_cmd.py
[2.502s] -- Installing: /home/dlyvern/Projects/Dragonfly/cw_serv_ws/install/action_interface/local/lib/python3.10/dist-packages/action_interface/srv/__init__.py
[2.502s] -- Installing: /home/dlyvern/Projects/Dragonfly/cw_serv_ws/install/action_interface/local/lib/python3.10/dist-packages/action_interface/libaction_interface__rosidl_generator_py.so
[2.502s] -- Installing: /home/dlyvern/Projects/Dragonfly/cw_serv_ws/install/action_interface/local/lib/python3.10/dist-packages/action_interface/__init__.py
[2.525s] Listing '/home/dlyvern/Projects/Dragonfly/cw_serv_ws/install/action_interface/local/lib/python3.10/dist-packages/action_interface'...
[2.526s] Compiling '/home/dlyvern/Projects/Dragonfly/cw_serv_ws/install/action_interface/local/lib/python3.10/dist-packages/action_interface/__init__.py'...
[2.526s] Listing '/home/dlyvern/Projects/Dragonfly/cw_serv_ws/install/action_interface/local/lib/python3.10/dist-packages/action_interface/action'...
[2.526s] Compiling '/home/dlyvern/Projects/Dragonfly/cw_serv_ws/install/action_interface/local/lib/python3.10/dist-packages/action_interface/action/__init__.py'...
[2.526s] Compiling '/home/dlyvern/Projects/Dragonfly/cw_serv_ws/install/action_interface/local/lib/python3.10/dist-packages/action_interface/action/_cmd.py'...
[2.526s] Listing '/home/dlyvern/Projects/Dragonfly/cw_serv_ws/install/action_interface/local/lib/python3.10/dist-packages/action_interface/srv'...
[2.526s] Compiling '/home/dlyvern/Projects/Dragonfly/cw_serv_ws/install/action_interface/local/lib/python3.10/dist-packages/action_interface/srv/__init__.py'...
[2.526s] Compiling '/home/dlyvern/Projects/Dragonfly/cw_serv_ws/install/action_interface/local/lib/python3.10/dist-packages/action_interface/srv/_cmd.py'...
[2.528s] -- Installing: /home/dlyvern/Projects/Dragonfly/cw_serv_ws/install/action_interface/local/lib/python3.10/dist-packages/action_interface/action_interface_s__rosidl_typesupport_fastrtps_c.cpython-310-x86_64-linux-gnu.so
[2.528s] -- Set runtime path of "/home/dlyvern/Projects/Dragonfly/cw_serv_ws/install/action_interface/local/lib/python3.10/dist-packages/action_interface/action_interface_s__rosidl_typesupport_fastrtps_c.cpython-310-x86_64-linux-gnu.so" to ""
[2.528s] -- Installing: /home/dlyvern/Projects/Dragonfly/cw_serv_ws/install/action_interface/local/lib/python3.10/dist-packages/action_interface/action_interface_s__rosidl_typesupport_introspection_c.cpython-310-x86_64-linux-gnu.so
[2.529s] -- Set runtime path of "/home/dlyvern/Projects/Dragonfly/cw_serv_ws/install/action_interface/local/lib/python3.10/dist-packages/action_interface/action_interface_s__rosidl_typesupport_introspection_c.cpython-310-x86_64-linux-gnu.so" to ""
[2.529s] -- Installing: /home/dlyvern/Projects/Dragonfly/cw_serv_ws/install/action_interface/local/lib/python3.10/dist-packages/action_interface/action_interface_s__rosidl_typesupport_c.cpython-310-x86_64-linux-gnu.so
[2.529s] -- Set runtime path of "/home/dlyvern/Projects/Dragonfly/cw_serv_ws/install/action_interface/local/lib/python3.10/dist-packages/action_interface/action_interface_s__rosidl_typesupport_c.cpython-310-x86_64-linux-gnu.so" to ""
[2.529s] -- Installing: /home/dlyvern/Projects/Dragonfly/cw_serv_ws/install/action_interface/lib/libaction_interface__rosidl_generator_py.so
[2.529s] -- Set runtime path of "/home/dlyvern/Projects/Dragonfly/cw_serv_ws/install/action_interface/lib/libaction_interface__rosidl_generator_py.so" to ""
[2.529s] -- Up-to-date: /home/dlyvern/Projects/Dragonfly/cw_serv_ws/install/action_interface/share/action_interface/action/Cmd.idl
[2.529s] -- Installing: /home/dlyvern/Projects/Dragonfly/cw_serv_ws/install/action_interface/share/action_interface/srv/Cmd.idl
[2.529s] -- Up-to-date: /home/dlyvern/Projects/Dragonfly/cw_serv_ws/install/action_interface/share/action_interface/action/Cmd.action
[2.529s] -- Installing: /home/dlyvern/Projects/Dragonfly/cw_serv_ws/install/action_interface/share/action_interface/srv/Cmd.srv
[2.529s] -- Installing: /home/dlyvern/Projects/Dragonfly/cw_serv_ws/install/action_interface/share/action_interface/srv/Cmd_Request.msg
[2.529s] -- Installing: /home/dlyvern/Projects/Dragonfly/cw_serv_ws/install/action_interface/share/action_interface/srv/Cmd_Response.msg
[2.529s] -- Up-to-date: /home/dlyvern/Projects/Dragonfly/cw_serv_ws/install/action_interface/share/ament_index/resource_index/package_run_dependencies/action_interface
[2.529s] -- Installing: /home/dlyvern/Projects/Dragonfly/cw_serv_ws/install/action_interface/share/ament_index/resource_index/parent_prefix_path/action_interface
[2.529s] -- Up-to-date: /home/dlyvern/Projects/Dragonfly/cw_serv_ws/install/action_interface/share/action_interface/environment/ament_prefix_path.sh
[2.529s] -- Installing: /home/dlyvern/Projects/Dragonfly/cw_serv_ws/install/action_interface/share/action_interface/environment/ament_prefix_path.dsv
[2.529s] -- Up-to-date: /home/dlyvern/Projects/Dragonfly/cw_serv_ws/install/action_interface/share/action_interface/environment/path.sh
[2.529s] -- Installing: /home/dlyvern/Projects/Dragonfly/cw_serv_ws/install/action_interface/share/action_interface/environment/path.dsv
[2.529s] -- Up-to-date: /home/dlyvern/Projects/Dragonfly/cw_serv_ws/install/action_interface/share/action_interface/local_setup.bash
[2.530s] -- Up-to-date: /home/dlyvern/Projects/Dragonfly/cw_serv_ws/install/action_interface/share/action_interface/local_setup.sh
[2.530s] -- Up-to-date: /home/dlyvern/Projects/Dragonfly/cw_serv_ws/install/action_interface/share/action_interface/local_setup.zsh
[2.530s] -- Installing: /home/dlyvern/Projects/Dragonfly/cw_serv_ws/install/action_interface/share/action_interface/local_setup.dsv
[2.530s] -- Installing: /home/dlyvern/Projects/Dragonfly/cw_serv_ws/install/action_interface/share/action_interface/package.dsv
[2.530s] -- Up-to-date: /home/dlyvern/Projects/Dragonfly/cw_serv_ws/install/action_interface/share/ament_index/resource_index/packages/action_interface
[2.530s] -- Up-to-date: /home/dlyvern/Projects/Dragonfly/cw_serv_ws/install/action_interface/share/action_interface/cmake/export_action_interface__rosidl_generator_cExport.cmake
[2.530s] -- Up-to-date: /home/dlyvern/Projects/Dragonfly/cw_serv_ws/install/action_interface/share/action_interface/cmake/export_action_interface__rosidl_generator_cExport-noconfig.cmake
[2.530s] -- Up-to-date: /home/dlyvern/Projects/Dragonfly/cw_serv_ws/install/action_interface/share/action_interface/cmake/export_action_interface__rosidl_typesupport_fastrtps_cExport.cmake
[2.530s] -- Up-to-date: /home/dlyvern/Projects/Dragonfly/cw_serv_ws/install/action_interface/share/action_interface/cmake/export_action_interface__rosidl_typesupport_fastrtps_cExport-noconfig.cmake
[2.530s] -- Up-to-date: /home/dlyvern/Projects/Dragonfly/cw_serv_ws/install/action_interface/share/action_interface/cmake/action_interface__rosidl_typesupport_introspection_cExport.cmake
[2.530s] -- Up-to-date: /home/dlyvern/Projects/Dragonfly/cw_serv_ws/install/action_interface/share/action_interface/cmake/action_interface__rosidl_typesupport_introspection_cExport-noconfig.cmake
[2.530s] -- Up-to-date: /home/dlyvern/Projects/Dragonfly/cw_serv_ws/install/action_interface/share/action_interface/cmake/action_interface__rosidl_typesupport_cExport.cmake
[2.530s] -- Up-to-date: /home/dlyvern/Projects/Dragonfly/cw_serv_ws/install/action_interface/share/action_interface/cmake/action_interface__rosidl_typesupport_cExport-noconfig.cmake
[2.530s] -- Up-to-date: /home/dlyvern/Projects/Dragonfly/cw_serv_ws/install/action_interface/share/action_interface/cmake/export_action_interface__rosidl_generator_cppExport.cmake
[2.530s] -- Up-to-date: /home/dlyvern/Projects/Dragonfly/cw_serv_ws/install/action_interface/share/action_interface/cmake/export_action_interface__rosidl_typesupport_fastrtps_cppExport.cmake
[2.530s] -- Up-to-date: /home/dlyvern/Projects/Dragonfly/cw_serv_ws/install/action_interface/share/action_interface/cmake/export_action_interface__rosidl_typesupport_fastrtps_cppExport-noconfig.cmake
[2.530s] -- Up-to-date: /home/dlyvern/Projects/Dragonfly/cw_serv_ws/install/action_interface/share/action_interface/cmake/action_interface__rosidl_typesupport_introspection_cppExport.cmake
[2.530s] -- Up-to-date: /home/dlyvern/Projects/Dragonfly/cw_serv_ws/install/action_interface/share/action_interface/cmake/action_interface__rosidl_typesupport_introspection_cppExport-noconfig.cmake
[2.530s] -- Up-to-date: /home/dlyvern/Projects/Dragonfly/cw_serv_ws/install/action_interface/share/action_interface/cmake/action_interface__rosidl_typesupport_cppExport.cmake
[2.530s] -- Up-to-date: /home/dlyvern/Projects/Dragonfly/cw_serv_ws/install/action_interface/share/action_interface/cmake/action_interface__rosidl_typesupport_cppExport-noconfig.cmake
[2.530s] -- Up-to-date: /home/dlyvern/Projects/Dragonfly/cw_serv_ws/install/action_interface/share/action_interface/cmake/export_action_interface__rosidl_generator_pyExport.cmake
[2.530s] -- Up-to-date: /home/dlyvern/Projects/Dragonfly/cw_serv_ws/install/action_interface/share/action_interface/cmake/export_action_interface__rosidl_generator_pyExport-noconfig.cmake
[2.530s] -- Installing: /home/dlyvern/Projects/Dragonfly/cw_serv_ws/install/action_interface/share/action_interface/cmake/rosidl_cmake-extras.cmake
[2.530s] -- Up-to-date: /home/dlyvern/Projects/Dragonfly/cw_serv_ws/install/action_interface/share/action_interface/cmake/ament_cmake_export_dependencies-extras.cmake
[2.530s] -- Up-to-date: /home/dlyvern/Projects/Dragonfly/cw_serv_ws/install/action_interface/share/action_interface/cmake/ament_cmake_export_include_directories-extras.cmake
[2.531s] -- Up-to-date: /home/dlyvern/Projects/Dragonfly/cw_serv_ws/install/action_interface/share/action_interface/cmake/ament_cmake_export_libraries-extras.cmake
[2.531s] -- Up-to-date: /home/dlyvern/Projects/Dragonfly/cw_serv_ws/install/action_interface/share/action_interface/cmake/ament_cmake_export_targets-extras.cmake
[2.531s] -- Up-to-date: /home/dlyvern/Projects/Dragonfly/cw_serv_ws/install/action_interface/share/action_interface/cmake/rosidl_cmake_export_typesupport_targets-extras.cmake
[2.531s] -- Up-to-date: /home/dlyvern/Projects/Dragonfly/cw_serv_ws/install/action_interface/share/action_interface/cmake/rosidl_cmake_export_typesupport_libraries-extras.cmake
[2.531s] -- Up-to-date: /home/dlyvern/Projects/Dragonfly/cw_serv_ws/install/action_interface/share/action_interface/cmake/action_interfaceConfig.cmake
[2.531s] -- Up-to-date: /home/dlyvern/Projects/Dragonfly/cw_serv_ws/install/action_interface/share/action_interface/cmake/action_interfaceConfig-version.cmake
[2.531s] -- Up-to-date: /home/dlyvern/Projects/Dragonfly/cw_serv_ws/install/action_interface/share/action_interface/package.xml
[2.532s] Invoked command in '/home/dlyvern/Projects/Dragonfly/cw_serv_ws/build/action_interface' returned '0': CMAKE_PREFIX_PATH=${CMAKE_PREFIX_PATH}:/opt/ros/humble /usr/bin/cmake --install /home/dlyvern/Projects/Dragonfly/cw_serv_ws/build/action_interface
