[0.029s] Invoking command in '/home/dlyvern/Projects/Dragonfly/cw_serv_ws/build/cw_serv': CMAKE_PREFIX_PATH=/home/dlyvern/Projects/Dragonfly/cw_serv_ws/install/action_interface:/home/dlyvern/Projects/Dragonfly/cw_serv_ws/install/cw_serv:/opt/ros/humble /usr/bin/cmake --build /home/dlyvern/Projects/Dragonfly/cw_serv_ws/build/cw_serv -- -j12 -l12
[0.062s] [  7%] [34m[1mAutomatic MOC and UIC for target cw_serv[0m
[0.258s] [  7%] Built target cw_serv_autogen
[0.279s] [ 15%] [32mBuilding CXX object CMakeFiles/cw_serv.dir/cw_serv_autogen/mocs_compilation.cpp.o[0m
[0.288s] [ 23%] [32mBuilding CXX object CMakeFiles/cw_serv.dir/src/main.cpp.o[0m
[0.288s] [ 30%] [32mBuilding CXX object CMakeFiles/cw_serv.dir/src/actions/ActionServer.cpp.o[0m
[0.288s] [ 38%] [32mBuilding CXX object CMakeFiles/cw_serv.dir/src/modules/Logger.cpp.o[0m
[0.289s] [ 46%] [32mBuilding CXX object CMakeFiles/cw_serv.dir/src/modules/Module.cpp.o[0m
[0.290s] [ 53%] [32mBuilding CXX object CMakeFiles/cw_serv.dir/src/modules/TCPServer.cpp.o[0m
[0.440s] In file included from [01m[K/home/dlyvern/Projects/Dragonfly/cw_serv_ws/src/cw_serv/src/modules/Module.cpp:1[m[K:
[0.441s] [01m[K/home/dlyvern/Projects/Dragonfly/cw_serv_ws/src/cw_serv/include/cw_serv/modules/Module.hpp:24:10:[m[K [01;31m[Kfatal error: [m[KqDebug: No such file or directory
[0.441s]    24 | #include [01;31m[K"qDebug"[m[K
[0.441s]       |          [01;31m[K^~~~~~~~[m[K
[0.441s] compilation terminated.
[0.442s] gmake[2]: *** [CMakeFiles/cw_serv.dir/build.make:160: CMakeFiles/cw_serv.dir/src/modules/Module.cpp.o] Error 1
[0.442s] gmake[2]: *** Waiting for unfinished jobs....
[0.454s] In file included from [01m[K/home/dlyvern/Projects/Dragonfly/cw_serv_ws/src/cw_serv/include/cw_serv/modules/TCPServer.hpp:7[m[K,
[0.454s]                  from [01m[K/home/dlyvern/Projects/Dragonfly/cw_serv_ws/src/cw_serv/src/modules/TCPServer.cpp:1[m[K:
[0.454s] [01m[K/home/dlyvern/Projects/Dragonfly/cw_serv_ws/src/cw_serv/include/cw_serv/modules/Module.hpp:24:10:[m[K [01;31m[Kfatal error: [m[KqDebug: No such file or directory
[0.454s]    24 | #include [01;31m[K"qDebug"[m[K
[0.454s]       |          [01;31m[K^~~~~~~~[m[K
[0.454s] compilation terminated.
[0.456s] gmake[2]: *** [CMakeFiles/cw_serv.dir/build.make:174: CMakeFiles/cw_serv.dir/src/modules/TCPServer.cpp.o] Error 1
[0.463s] In file included from [01m[K/home/dlyvern/Projects/Dragonfly/cw_serv_ws/src/cw_serv/include/cw_serv/modules/TCPServer.hpp:7[m[K,
[0.463s]                  from [01m[K/home/dlyvern/Projects/Dragonfly/cw_serv_ws/src/cw_serv/src/main.cpp:3[m[K:
[0.463s] [01m[K/home/dlyvern/Projects/Dragonfly/cw_serv_ws/src/cw_serv/include/cw_serv/modules/Module.hpp:24:10:[m[K [01;31m[Kfatal error: [m[KqDebug: No such file or directory
[0.463s]    24 | #include [01;31m[K"qDebug"[m[K
[0.463s]       |          [01;31m[K^~~~~~~~[m[K
[0.463s] compilation terminated.
[0.465s] gmake[2]: *** [CMakeFiles/cw_serv.dir/build.make:90: CMakeFiles/cw_serv.dir/src/main.cpp.o] Error 1
[0.473s] In file included from [01m[K/home/dlyvern/Projects/Dragonfly/cw_serv_ws/src/cw_serv/include/cw_serv/modules/Logger.hpp:5[m[K,
[0.473s]                  from [01m[K/home/dlyvern/Projects/Dragonfly/cw_serv_ws/src/cw_serv/src/modules/Logger.cpp:1[m[K:
[0.473s] [01m[K/home/dlyvern/Projects/Dragonfly/cw_serv_ws/src/cw_serv/include/cw_serv/modules/Module.hpp:24:10:[m[K [01;31m[Kfatal error: [m[KqDebug: No such file or directory
[0.473s]    24 | #include [01;31m[K"qDebug"[m[K
[0.473s]       |          [01;31m[K^~~~~~~~[m[K
[0.473s] compilation terminated.
[0.474s] gmake[2]: *** [CMakeFiles/cw_serv.dir/build.make:146: CMakeFiles/cw_serv.dir/src/modules/Logger.cpp.o] Error 1
[0.474s] In file included from [01m[K/home/dlyvern/Projects/Dragonfly/cw_serv_ws/build/cw_serv/cw_serv_autogen/4XGV5CRBCI/../../../../src/cw_serv/include/cw_serv/modules/TCPServer.hpp:7[m[K,
[0.474s]                  from [01m[K/home/dlyvern/Projects/Dragonfly/cw_serv_ws/build/cw_serv/cw_serv_autogen/4XGV5CRBCI/moc_TCPServer.cpp:10[m[K,
[0.475s]                  from [01m[K/home/dlyvern/Projects/Dragonfly/cw_serv_ws/build/cw_serv/cw_serv_autogen/mocs_compilation.cpp:4[m[K:
[0.475s] [01m[K/home/dlyvern/Projects/Dragonfly/cw_serv_ws/build/cw_serv/cw_serv_autogen/4XGV5CRBCI/../../../../src/cw_serv/include/cw_serv/modules/Module.hpp:24:10:[m[K [01;31m[Kfatal error: [m[KqDebug: No such file or directory
[0.475s]    24 | #include [01;31m[K"qDebug"[m[K
[0.475s]       |          [01;31m[K^~~~~~~~[m[K
[0.475s] compilation terminated.
[0.476s] gmake[2]: *** [CMakeFiles/cw_serv.dir/build.make:76: CMakeFiles/cw_serv.dir/cw_serv_autogen/mocs_compilation.cpp.o] Error 1
[1.622s] [01m[K/home/dlyvern/Projects/Dragonfly/cw_serv_ws/src/cw_serv/src/actions/ActionServer.cpp:[m[K In member function ‘[01m[Kvoid ActionServer::HandleAcceptedGoal(std::shared_ptr<rclcpp_action::ServerGoalHandle<action_interface::action::Cmd> >)[m[K’:
[1.622s] [01m[K/home/dlyvern/Projects/Dragonfly/cw_serv_ws/src/cw_serv/src/actions/ActionServer.cpp:89:126:[m[K [01;35m[Kwarning: [m[Kunused parameter ‘[01m[Kgoal_handle[m[K’ [[01;35m[K]8;;https://gcc.gnu.org/onlinedocs/gcc/Warning-Options.html#index-Wunused-parameter-Wunused-parameter]8;;[m[K]
[1.622s]    89 | void ActionServer::HandleAcceptedGoal([01;35m[Kconst std::shared_ptr< rclcpp_action::ServerGoalHandle<action_interface::action::Cmd>> goal_handle[m[K)
[1.622s]       |                                       [01;35m[K~~~~~~~~~~~~~~~~~~~~~~~~~~~~~~~~~~~~~~~~~~~~~~~~~~~~~~~~~~~~~~~~~~~~~~~~~~~~~~~~~~~~~~~^~~~~~~~~~~[m[K
[3.205s] gmake[1]: *** [CMakeFiles/Makefile2:138: CMakeFiles/cw_serv.dir/all] Error 2
[3.205s] gmake: *** [Makefile:146: all] Error 2
[3.207s] Invoked command in '/home/dlyvern/Projects/Dragonfly/cw_serv_ws/build/cw_serv' returned '2': CMAKE_PREFIX_PATH=/home/dlyvern/Projects/Dragonfly/cw_serv_ws/install/action_interface:/home/dlyvern/Projects/Dragonfly/cw_serv_ws/install/cw_serv:/opt/ros/humble /usr/bin/cmake --build /home/dlyvern/Projects/Dragonfly/cw_serv_ws/build/cw_serv -- -j12 -l12
