[0.050s] Invoking command in '/home/dlyvern/Projects/Dragonfly/cw_serv_ws/build/cw_serv': CMAKE_PREFIX_PATH=/home/dlyvern/Projects/Dragonfly/cw_serv_ws/install/action_interface:/home/dlyvern/Projects/Dragonfly/cw_serv_ws/install/cw_serv:/opt/ros/humble /usr/bin/cmake --build /home/dlyvern/Projects/Dragonfly/cw_serv_ws/build/cw_serv -- -j12 -l12
[0.082s] [  4%] [34m[1mAutomatic MOC and UIC for target cw_serv[0m
[0.103s] [  4%] Built target cw_serv_autogen
[0.124s] [35m[1mConsolidate compiler generated dependencies of target cw_serv[0m
[0.175s] [  8%] [32mBuilding CXX object CMakeFiles/cw_serv.dir/src/devices/RtspCamera.cpp.o[0m
[3.377s] [ 12%] [32m[1mLinking CXX executable cw_serv[0m
[5.692s] [100%] Built target cw_serv
[5.700s] Invoked command in '/home/dlyvern/Projects/Dragonfly/cw_serv_ws/build/cw_serv' returned '0': CMAKE_PREFIX_PATH=/home/dlyvern/Projects/Dragonfly/cw_serv_ws/install/action_interface:/home/dlyvern/Projects/Dragonfly/cw_serv_ws/install/cw_serv:/opt/ros/humble /usr/bin/cmake --build /home/dlyvern/Projects/Dragonfly/cw_serv_ws/build/cw_serv -- -j12 -l12
[5.746s] Invoking command in '/home/dlyvern/Projects/Dragonfly/cw_serv_ws/build/cw_serv': CMAKE_PREFIX_PATH=/home/dlyvern/Projects/Dragonfly/cw_serv_ws/install/action_interface:/home/dlyvern/Projects/Dragonfly/cw_serv_ws/install/cw_serv:/opt/ros/humble /usr/bin/cmake --install /home/dlyvern/Projects/Dragonfly/cw_serv_ws/build/cw_serv
[5.751s] -- Install configuration: ""
[5.751s] -- Installing: /home/dlyvern/Projects/Dragonfly/cw_serv_ws/install/cw_serv/lib/cw_serv/cw_serv
[5.756s] -- Set runtime path of "/home/dlyvern/Projects/Dragonfly/cw_serv_ws/install/cw_serv/lib/cw_serv/cw_serv" to ""
[5.756s] -- Up-to-date: /home/dlyvern/Projects/Dragonfly/cw_serv_ws/install/cw_serv/share/cw_serv/launch
[5.756s] -- Up-to-date: /home/dlyvern/Projects/Dragonfly/cw_serv_ws/install/cw_serv/share/cw_serv/launch/settings_for_launch_file
[5.756s] -- Up-to-date: /home/dlyvern/Projects/Dragonfly/cw_serv_ws/install/cw_serv/share/cw_serv/launch/settings_for_launch_file/main_settings.ini
[5.756s] -- Up-to-date: /home/dlyvern/Projects/Dragonfly/cw_serv_ws/install/cw_serv/share/cw_serv/launch/cwserv.launch.py
[5.756s] -- Up-to-date: /home/dlyvern/Projects/Dragonfly/cw_serv_ws/install/cw_serv/share/ament_index/resource_index/package_run_dependencies/cw_serv
[5.756s] -- Up-to-date: /home/dlyvern/Projects/Dragonfly/cw_serv_ws/install/cw_serv/share/ament_index/resource_index/parent_prefix_path/cw_serv
[5.756s] -- Up-to-date: /home/dlyvern/Projects/Dragonfly/cw_serv_ws/install/cw_serv/share/cw_serv/environment/ament_prefix_path.sh
[5.756s] -- Up-to-date: /home/dlyvern/Projects/Dragonfly/cw_serv_ws/install/cw_serv/share/cw_serv/environment/ament_prefix_path.dsv
[5.756s] -- Up-to-date: /home/dlyvern/Projects/Dragonfly/cw_serv_ws/install/cw_serv/share/cw_serv/environment/path.sh
[5.756s] -- Up-to-date: /home/dlyvern/Projects/Dragonfly/cw_serv_ws/install/cw_serv/share/cw_serv/environment/path.dsv
[5.756s] -- Up-to-date: /home/dlyvern/Projects/Dragonfly/cw_serv_ws/install/cw_serv/share/cw_serv/local_setup.bash
[5.756s] -- Up-to-date: /home/dlyvern/Projects/Dragonfly/cw_serv_ws/install/cw_serv/share/cw_serv/local_setup.sh
[5.756s] -- Up-to-date: /home/dlyvern/Projects/Dragonfly/cw_serv_ws/install/cw_serv/share/cw_serv/local_setup.zsh
[5.756s] -- Up-to-date: /home/dlyvern/Projects/Dragonfly/cw_serv_ws/install/cw_serv/share/cw_serv/local_setup.dsv
[5.756s] -- Installing: /home/dlyvern/Projects/Dragonfly/cw_serv_ws/install/cw_serv/share/cw_serv/package.dsv
[5.757s] -- Up-to-date: /home/dlyvern/Projects/Dragonfly/cw_serv_ws/install/cw_serv/share/ament_index/resource_index/packages/cw_serv
[5.757s] -- Up-to-date: /home/dlyvern/Projects/Dragonfly/cw_serv_ws/install/cw_serv/share/cw_serv/cmake/CMakeConfix.cmake
[5.757s] -- Up-to-date: /home/dlyvern/Projects/Dragonfly/cw_serv_ws/install/cw_serv/share/cw_serv/cmake/cw_servConfig.cmake
[5.757s] -- Up-to-date: /home/dlyvern/Projects/Dragonfly/cw_serv_ws/install/cw_serv/share/cw_serv/cmake/cw_servConfig-version.cmake
[5.757s] -- Up-to-date: /home/dlyvern/Projects/Dragonfly/cw_serv_ws/install/cw_serv/share/cw_serv/package.xml
[5.758s] Invoked command in '/home/dlyvern/Projects/Dragonfly/cw_serv_ws/build/cw_serv' returned '0': CMAKE_PREFIX_PATH=/home/dlyvern/Projects/Dragonfly/cw_serv_ws/install/action_interface:/home/dlyvern/Projects/Dragonfly/cw_serv_ws/install/cw_serv:/opt/ros/humble /usr/bin/cmake --install /home/dlyvern/Projects/Dragonfly/cw_serv_ws/build/cw_serv
