[0.058s] Invoking command in '/home/dlyvern/Projects/Dragonfly/cw_serv_ws/build/action_interface': CMAKE_PREFIX_PATH=${CMAKE_PREFIX_PATH}:/opt/ros/humble /usr/bin/cmake --build /home/dlyvern/Projects/Dragonfly/cw_serv_ws/build/action_interface -- -j12 -l12
[0.177s] [ 10%] Built target action_interface__cpp
[0.177s] [ 12%] Built target action_interface__rosidl_generator_c
[0.189s] [ 12%] Built target ament_cmake_python_copy_action_interface
[0.194s] [ 25%] Built target action_interface__rosidl_typesupport_introspection_cpp
[0.194s] [ 33%] Built target action_interface__rosidl_typesupport_fastrtps_cpp
[0.194s] [ 43%] Built target action_interface__rosidl_typesupport_cpp
[0.206s] [ 64%] Built target action_interface__rosidl_typesupport_fastrtps_c
[0.206s] [ 64%] Built target action_interface__rosidl_typesupport_introspection_c
[0.206s] [ 74%] Built target action_interface__rosidl_typesupport_c
[0.221s] [ 74%] Built target action_interface
[0.237s] [ 76%] Built target action_interface__py
[0.255s] [ 84%] Built target action_interface__rosidl_generator_py
[0.271s] [100%] Built target action_interface__rosidl_typesupport_c__pyext
[0.271s] [100%] Built target action_interface__rosidl_typesupport_introspection_c__pyext
[0.271s] [100%] Built target action_interface__rosidl_typesupport_fastrtps_c__pyext
[0.342s] running egg_info
[0.354s] writing action_interface.egg-info/PKG-INFO
[0.354s] writing dependency_links to action_interface.egg-info/dependency_links.txt
[0.355s] writing top-level names to action_interface.egg-info/top_level.txt
[0.392s] reading manifest file 'action_interface.egg-info/SOURCES.txt'
[0.392s] writing manifest file 'action_interface.egg-info/SOURCES.txt'
[0.410s] [100%] Built target ament_cmake_python_build_action_interface_egg
[0.418s] Invoked command in '/home/dlyvern/Projects/Dragonfly/cw_serv_ws/build/action_interface' returned '0': CMAKE_PREFIX_PATH=${CMAKE_PREFIX_PATH}:/opt/ros/humble /usr/bin/cmake --build /home/dlyvern/Projects/Dragonfly/cw_serv_ws/build/action_interface -- -j12 -l12
[0.470s] Invoking command in '/home/dlyvern/Projects/Dragonfly/cw_serv_ws/build/action_interface': CMAKE_PREFIX_PATH=${CMAKE_PREFIX_PATH}:/opt/ros/humble /usr/bin/cmake --install /home/dlyvern/Projects/Dragonfly/cw_serv_ws/build/action_interface
[0.476s] -- Install configuration: ""
[0.476s] -- Up-to-date: /home/dlyvern/Projects/Dragonfly/cw_serv_ws/install/action_interface/share/ament_index/resource_index/rosidl_interfaces/action_interface
[0.476s] -- Up-to-date: /home/dlyvern/Projects/Dragonfly/cw_serv_ws/install/action_interface/include/action_interface/action_interface
[0.476s] -- Up-to-date: /home/dlyvern/Projects/Dragonfly/cw_serv_ws/install/action_interface/include/action_interface/action_interface/action
[0.476s] -- Up-to-date: /home/dlyvern/Projects/Dragonfly/cw_serv_ws/install/action_interface/include/action_interface/action_interface/action/detail
[0.476s] -- Up-to-date: /home/dlyvern/Projects/Dragonfly/cw_serv_ws/install/action_interface/include/action_interface/action_interface/action/detail/cmd__struct.h
[0.476s] -- Up-to-date: /home/dlyvern/Projects/Dragonfly/cw_serv_ws/install/action_interface/include/action_interface/action_interface/action/detail/cmd__functions.h
[0.476s] -- Up-to-date: /home/dlyvern/Projects/Dragonfly/cw_serv_ws/install/action_interface/include/action_interface/action_interface/action/detail/cmd__functions.c
[0.476s] -- Up-to-date: /home/dlyvern/Projects/Dragonfly/cw_serv_ws/install/action_interface/include/action_interface/action_interface/action/detail/cmd__type_support.h
[0.476s] -- Up-to-date: /home/dlyvern/Projects/Dragonfly/cw_serv_ws/install/action_interface/include/action_interface/action_interface/action/cmd.h
[0.476s] -- Up-to-date: /home/dlyvern/Projects/Dragonfly/cw_serv_ws/install/action_interface/include/action_interface/action_interface/msg
[0.476s] -- Up-to-date: /home/dlyvern/Projects/Dragonfly/cw_serv_ws/install/action_interface/include/action_interface/action_interface/msg/rosidl_generator_c__visibility_control.h
[0.476s] -- Up-to-date: /home/dlyvern/Projects/Dragonfly/cw_serv_ws/install/action_interface/include/action_interface/action_interface/srv
[0.477s] -- Up-to-date: /home/dlyvern/Projects/Dragonfly/cw_serv_ws/install/action_interface/include/action_interface/action_interface/srv/detail
[0.477s] -- Up-to-date: /home/dlyvern/Projects/Dragonfly/cw_serv_ws/install/action_interface/include/action_interface/action_interface/srv/detail/cmd__struct.h
[0.477s] -- Up-to-date: /home/dlyvern/Projects/Dragonfly/cw_serv_ws/install/action_interface/include/action_interface/action_interface/srv/detail/cmd__functions.h
[0.477s] -- Up-to-date: /home/dlyvern/Projects/Dragonfly/cw_serv_ws/install/action_interface/include/action_interface/action_interface/srv/detail/cmd__functions.c
[0.477s] -- Up-to-date: /home/dlyvern/Projects/Dragonfly/cw_serv_ws/install/action_interface/include/action_interface/action_interface/srv/detail/cmd__type_support.h
[0.477s] -- Up-to-date: /home/dlyvern/Projects/Dragonfly/cw_serv_ws/install/action_interface/include/action_interface/action_interface/srv/cmd.h
[0.477s] -- Up-to-date: /home/dlyvern/Projects/Dragonfly/cw_serv_ws/install/action_interface/share/action_interface/environment/library_path.sh
[0.477s] -- Up-to-date: /home/dlyvern/Projects/Dragonfly/cw_serv_ws/install/action_interface/share/action_interface/environment/library_path.dsv
[0.477s] -- Up-to-date: /home/dlyvern/Projects/Dragonfly/cw_serv_ws/install/action_interface/lib/libaction_interface__rosidl_generator_c.so
[0.477s] -- Up-to-date: /home/dlyvern/Projects/Dragonfly/cw_serv_ws/install/action_interface/include/action_interface/action_interface
[0.477s] -- Up-to-date: /home/dlyvern/Projects/Dragonfly/cw_serv_ws/install/action_interface/include/action_interface/action_interface/action
[0.478s] -- Up-to-date: /home/dlyvern/Projects/Dragonfly/cw_serv_ws/install/action_interface/include/action_interface/action_interface/action/detail
[0.478s] -- Up-to-date: /home/dlyvern/Projects/Dragonfly/cw_serv_ws/install/action_interface/include/action_interface/action_interface/action/detail/cmd__rosidl_typesupport_fastrtps_c.h
[0.478s] -- Up-to-date: /home/dlyvern/Projects/Dragonfly/cw_serv_ws/install/action_interface/include/action_interface/action_interface/msg
[0.478s] -- Up-to-date: /home/dlyvern/Projects/Dragonfly/cw_serv_ws/install/action_interface/include/action_interface/action_interface/msg/rosidl_typesupport_fastrtps_c__visibility_control.h
[0.478s] -- Up-to-date: /home/dlyvern/Projects/Dragonfly/cw_serv_ws/install/action_interface/include/action_interface/action_interface/srv
[0.478s] -- Up-to-date: /home/dlyvern/Projects/Dragonfly/cw_serv_ws/install/action_interface/include/action_interface/action_interface/srv/detail
[0.478s] -- Up-to-date: /home/dlyvern/Projects/Dragonfly/cw_serv_ws/install/action_interface/include/action_interface/action_interface/srv/detail/cmd__rosidl_typesupport_fastrtps_c.h
[0.478s] -- Up-to-date: /home/dlyvern/Projects/Dragonfly/cw_serv_ws/install/action_interface/lib/libaction_interface__rosidl_typesupport_fastrtps_c.so
[0.478s] -- Up-to-date: /home/dlyvern/Projects/Dragonfly/cw_serv_ws/install/action_interface/include/action_interface/action_interface
[0.478s] -- Up-to-date: /home/dlyvern/Projects/Dragonfly/cw_serv_ws/install/action_interface/include/action_interface/action_interface/action
[0.478s] -- Up-to-date: /home/dlyvern/Projects/Dragonfly/cw_serv_ws/install/action_interface/include/action_interface/action_interface/action/detail
[0.478s] -- Up-to-date: /home/dlyvern/Projects/Dragonfly/cw_serv_ws/install/action_interface/include/action_interface/action_interface/action/detail/cmd__rosidl_typesupport_introspection_c.h
[0.479s] -- Up-to-date: /home/dlyvern/Projects/Dragonfly/cw_serv_ws/install/action_interface/include/action_interface/action_interface/action/detail/cmd__type_support.c
[0.479s] -- Up-to-date: /home/dlyvern/Projects/Dragonfly/cw_serv_ws/install/action_interface/include/action_interface/action_interface/msg
[0.479s] -- Up-to-date: /home/dlyvern/Projects/Dragonfly/cw_serv_ws/install/action_interface/include/action_interface/action_interface/msg/rosidl_typesupport_introspection_c__visibility_control.h
[0.479s] -- Up-to-date: /home/dlyvern/Projects/Dragonfly/cw_serv_ws/install/action_interface/include/action_interface/action_interface/srv
[0.479s] -- Up-to-date: /home/dlyvern/Projects/Dragonfly/cw_serv_ws/install/action_interface/include/action_interface/action_interface/srv/detail
[0.479s] -- Up-to-date: /home/dlyvern/Projects/Dragonfly/cw_serv_ws/install/action_interface/include/action_interface/action_interface/srv/detail/cmd__rosidl_typesupport_introspection_c.h
[0.479s] -- Up-to-date: /home/dlyvern/Projects/Dragonfly/cw_serv_ws/install/action_interface/include/action_interface/action_interface/srv/detail/cmd__type_support.c
[0.479s] -- Up-to-date: /home/dlyvern/Projects/Dragonfly/cw_serv_ws/install/action_interface/lib/libaction_interface__rosidl_typesupport_introspection_c.so
[0.480s] -- Up-to-date: /home/dlyvern/Projects/Dragonfly/cw_serv_ws/install/action_interface/lib/libaction_interface__rosidl_typesupport_c.so
[0.480s] -- Up-to-date: /home/dlyvern/Projects/Dragonfly/cw_serv_ws/install/action_interface/include/action_interface/action_interface
[0.480s] -- Up-to-date: /home/dlyvern/Projects/Dragonfly/cw_serv_ws/install/action_interface/include/action_interface/action_interface/action
[0.480s] -- Up-to-date: /home/dlyvern/Projects/Dragonfly/cw_serv_ws/install/action_interface/include/action_interface/action_interface/action/cmd.hpp
[0.480s] -- Up-to-date: /home/dlyvern/Projects/Dragonfly/cw_serv_ws/install/action_interface/include/action_interface/action_interface/action/detail
[0.480s] -- Up-to-date: /home/dlyvern/Projects/Dragonfly/cw_serv_ws/install/action_interface/include/action_interface/action_interface/action/detail/cmd__struct.hpp
[0.481s] -- Up-to-date: /home/dlyvern/Projects/Dragonfly/cw_serv_ws/install/action_interface/include/action_interface/action_interface/action/detail/cmd__traits.hpp
[0.481s] -- Up-to-date: /home/dlyvern/Projects/Dragonfly/cw_serv_ws/install/action_interface/include/action_interface/action_interface/action/detail/cmd__builder.hpp
[0.481s] -- Up-to-date: /home/dlyvern/Projects/Dragonfly/cw_serv_ws/install/action_interface/include/action_interface/action_interface/srv
[0.481s] -- Up-to-date: /home/dlyvern/Projects/Dragonfly/cw_serv_ws/install/action_interface/include/action_interface/action_interface/srv/cmd.hpp
[0.481s] -- Up-to-date: /home/dlyvern/Projects/Dragonfly/cw_serv_ws/install/action_interface/include/action_interface/action_interface/srv/detail
[0.481s] -- Up-to-date: /home/dlyvern/Projects/Dragonfly/cw_serv_ws/install/action_interface/include/action_interface/action_interface/srv/detail/cmd__struct.hpp
[0.481s] -- Up-to-date: /home/dlyvern/Projects/Dragonfly/cw_serv_ws/install/action_interface/include/action_interface/action_interface/srv/detail/cmd__traits.hpp
[0.481s] -- Up-to-date: /home/dlyvern/Projects/Dragonfly/cw_serv_ws/install/action_interface/include/action_interface/action_interface/srv/detail/cmd__builder.hpp
[0.481s] -- Up-to-date: /home/dlyvern/Projects/Dragonfly/cw_serv_ws/install/action_interface/include/action_interface/action_interface
[0.481s] -- Up-to-date: /home/dlyvern/Projects/Dragonfly/cw_serv_ws/install/action_interface/include/action_interface/action_interface/action
[0.481s] -- Up-to-date: /home/dlyvern/Projects/Dragonfly/cw_serv_ws/install/action_interface/include/action_interface/action_interface/action/detail
[0.481s] -- Up-to-date: /home/dlyvern/Projects/Dragonfly/cw_serv_ws/install/action_interface/include/action_interface/action_interface/action/detail/cmd__rosidl_typesupport_fastrtps_cpp.hpp
[0.481s] -- Up-to-date: /home/dlyvern/Projects/Dragonfly/cw_serv_ws/install/action_interface/include/action_interface/action_interface/action/detail/dds_fastrtps
[0.481s] -- Up-to-date: /home/dlyvern/Projects/Dragonfly/cw_serv_ws/install/action_interface/include/action_interface/action_interface/msg
[0.481s] -- Up-to-date: /home/dlyvern/Projects/Dragonfly/cw_serv_ws/install/action_interface/include/action_interface/action_interface/msg/rosidl_typesupport_fastrtps_cpp__visibility_control.h
[0.481s] -- Up-to-date: /home/dlyvern/Projects/Dragonfly/cw_serv_ws/install/action_interface/include/action_interface/action_interface/srv
[0.481s] -- Up-to-date: /home/dlyvern/Projects/Dragonfly/cw_serv_ws/install/action_interface/include/action_interface/action_interface/srv/detail
[0.481s] -- Up-to-date: /home/dlyvern/Projects/Dragonfly/cw_serv_ws/install/action_interface/include/action_interface/action_interface/srv/detail/cmd__rosidl_typesupport_fastrtps_cpp.hpp
[0.481s] -- Up-to-date: /home/dlyvern/Projects/Dragonfly/cw_serv_ws/install/action_interface/include/action_interface/action_interface/srv/detail/dds_fastrtps
[0.481s] -- Up-to-date: /home/dlyvern/Projects/Dragonfly/cw_serv_ws/install/action_interface/lib/libaction_interface__rosidl_typesupport_fastrtps_cpp.so
[0.482s] -- Up-to-date: /home/dlyvern/Projects/Dragonfly/cw_serv_ws/install/action_interface/include/action_interface/action_interface
[0.482s] -- Up-to-date: /home/dlyvern/Projects/Dragonfly/cw_serv_ws/install/action_interface/include/action_interface/action_interface/action
[0.482s] -- Up-to-date: /home/dlyvern/Projects/Dragonfly/cw_serv_ws/install/action_interface/include/action_interface/action_interface/action/detail
[0.482s] -- Up-to-date: /home/dlyvern/Projects/Dragonfly/cw_serv_ws/install/action_interface/include/action_interface/action_interface/action/detail/cmd__type_support.cpp
[0.482s] -- Up-to-date: /home/dlyvern/Projects/Dragonfly/cw_serv_ws/install/action_interface/include/action_interface/action_interface/action/detail/cmd__rosidl_typesupport_introspection_cpp.hpp
[0.482s] -- Up-to-date: /home/dlyvern/Projects/Dragonfly/cw_serv_ws/install/action_interface/include/action_interface/action_interface/srv
[0.482s] -- Up-to-date: /home/dlyvern/Projects/Dragonfly/cw_serv_ws/install/action_interface/include/action_interface/action_interface/srv/detail
[0.482s] -- Up-to-date: /home/dlyvern/Projects/Dragonfly/cw_serv_ws/install/action_interface/include/action_interface/action_interface/srv/detail/cmd__type_support.cpp
[0.482s] -- Up-to-date: /home/dlyvern/Projects/Dragonfly/cw_serv_ws/install/action_interface/include/action_interface/action_interface/srv/detail/cmd__rosidl_typesupport_introspection_cpp.hpp
[0.482s] -- Up-to-date: /home/dlyvern/Projects/Dragonfly/cw_serv_ws/install/action_interface/lib/libaction_interface__rosidl_typesupport_introspection_cpp.so
[0.483s] -- Up-to-date: /home/dlyvern/Projects/Dragonfly/cw_serv_ws/install/action_interface/lib/libaction_interface__rosidl_typesupport_cpp.so
[0.483s] -- Up-to-date: /home/dlyvern/Projects/Dragonfly/cw_serv_ws/install/action_interface/share/action_interface/environment/pythonpath.sh
[0.483s] -- Up-to-date: /home/dlyvern/Projects/Dragonfly/cw_serv_ws/install/action_interface/share/action_interface/environment/pythonpath.dsv
[0.483s] -- Up-to-date: /home/dlyvern/Projects/Dragonfly/cw_serv_ws/install/action_interface/local/lib/python3.10/dist-packages/action_interface-0.0.0-py3.10.egg-info
[0.483s] -- Installing: /home/dlyvern/Projects/Dragonfly/cw_serv_ws/install/action_interface/local/lib/python3.10/dist-packages/action_interface-0.0.0-py3.10.egg-info/PKG-INFO
[0.484s] -- Installing: /home/dlyvern/Projects/Dragonfly/cw_serv_ws/install/action_interface/local/lib/python3.10/dist-packages/action_interface-0.0.0-py3.10.egg-info/top_level.txt
[0.484s] -- Installing: /home/dlyvern/Projects/Dragonfly/cw_serv_ws/install/action_interface/local/lib/python3.10/dist-packages/action_interface-0.0.0-py3.10.egg-info/SOURCES.txt
[0.484s] -- Installing: /home/dlyvern/Projects/Dragonfly/cw_serv_ws/install/action_interface/local/lib/python3.10/dist-packages/action_interface-0.0.0-py3.10.egg-info/dependency_links.txt
[0.484s] -- Up-to-date: /home/dlyvern/Projects/Dragonfly/cw_serv_ws/install/action_interface/local/lib/python3.10/dist-packages/action_interface
[0.484s] -- Up-to-date: /home/dlyvern/Projects/Dragonfly/cw_serv_ws/install/action_interface/local/lib/python3.10/dist-packages/action_interface/libaction_interface__rosidl_generator_py.so
[0.484s] -- Up-to-date: /home/dlyvern/Projects/Dragonfly/cw_serv_ws/install/action_interface/local/lib/python3.10/dist-packages/action_interface/action_interface_s__rosidl_typesupport_introspection_c.cpython-310-x86_64-linux-gnu.so
[0.484s] -- Up-to-date: /home/dlyvern/Projects/Dragonfly/cw_serv_ws/install/action_interface/local/lib/python3.10/dist-packages/action_interface/_action_interface_s.ep.rosidl_typesupport_c.c
[0.484s] -- Up-to-date: /home/dlyvern/Projects/Dragonfly/cw_serv_ws/install/action_interface/local/lib/python3.10/dist-packages/action_interface/action
[0.484s] -- Up-to-date: /home/dlyvern/Projects/Dragonfly/cw_serv_ws/install/action_interface/local/lib/python3.10/dist-packages/action_interface/action/_cmd_s.c
[0.484s] -- Up-to-date: /home/dlyvern/Projects/Dragonfly/cw_serv_ws/install/action_interface/local/lib/python3.10/dist-packages/action_interface/action/__init__.py
[0.484s] -- Up-to-date: /home/dlyvern/Projects/Dragonfly/cw_serv_ws/install/action_interface/local/lib/python3.10/dist-packages/action_interface/action/_cmd.py
[0.484s] -- Up-to-date: /home/dlyvern/Projects/Dragonfly/cw_serv_ws/install/action_interface/local/lib/python3.10/dist-packages/action_interface/action_interface_s__rosidl_typesupport_c.cpython-310-x86_64-linux-gnu.so
[0.484s] -- Up-to-date: /home/dlyvern/Projects/Dragonfly/cw_serv_ws/install/action_interface/local/lib/python3.10/dist-packages/action_interface/action_interface_s__rosidl_typesupport_fastrtps_c.cpython-310-x86_64-linux-gnu.so
[0.484s] -- Up-to-date: /home/dlyvern/Projects/Dragonfly/cw_serv_ws/install/action_interface/local/lib/python3.10/dist-packages/action_interface/_action_interface_s.ep.rosidl_typesupport_introspection_c.c
[0.484s] -- Up-to-date: /home/dlyvern/Projects/Dragonfly/cw_serv_ws/install/action_interface/local/lib/python3.10/dist-packages/action_interface/__init__.py
[0.484s] -- Up-to-date: /home/dlyvern/Projects/Dragonfly/cw_serv_ws/install/action_interface/local/lib/python3.10/dist-packages/action_interface/srv
[0.484s] -- Up-to-date: /home/dlyvern/Projects/Dragonfly/cw_serv_ws/install/action_interface/local/lib/python3.10/dist-packages/action_interface/srv/_cmd_s.c
[0.484s] -- Up-to-date: /home/dlyvern/Projects/Dragonfly/cw_serv_ws/install/action_interface/local/lib/python3.10/dist-packages/action_interface/srv/__init__.py
[0.484s] -- Up-to-date: /home/dlyvern/Projects/Dragonfly/cw_serv_ws/install/action_interface/local/lib/python3.10/dist-packages/action_interface/srv/_cmd.py
[0.484s] -- Up-to-date: /home/dlyvern/Projects/Dragonfly/cw_serv_ws/install/action_interface/local/lib/python3.10/dist-packages/action_interface/_action_interface_s.ep.rosidl_typesupport_fastrtps_c.c
[0.507s] Listing '/home/dlyvern/Projects/Dragonfly/cw_serv_ws/install/action_interface/local/lib/python3.10/dist-packages/action_interface'...
[0.507s] Listing '/home/dlyvern/Projects/Dragonfly/cw_serv_ws/install/action_interface/local/lib/python3.10/dist-packages/action_interface/action'...
[0.507s] Listing '/home/dlyvern/Projects/Dragonfly/cw_serv_ws/install/action_interface/local/lib/python3.10/dist-packages/action_interface/srv'...
[0.511s] -- Up-to-date: /home/dlyvern/Projects/Dragonfly/cw_serv_ws/install/action_interface/local/lib/python3.10/dist-packages/action_interface/action_interface_s__rosidl_typesupport_fastrtps_c.cpython-310-x86_64-linux-gnu.so
[0.511s] -- Up-to-date: /home/dlyvern/Projects/Dragonfly/cw_serv_ws/install/action_interface/local/lib/python3.10/dist-packages/action_interface/action_interface_s__rosidl_typesupport_introspection_c.cpython-310-x86_64-linux-gnu.so
[0.512s] -- Up-to-date: /home/dlyvern/Projects/Dragonfly/cw_serv_ws/install/action_interface/local/lib/python3.10/dist-packages/action_interface/action_interface_s__rosidl_typesupport_c.cpython-310-x86_64-linux-gnu.so
[0.513s] -- Up-to-date: /home/dlyvern/Projects/Dragonfly/cw_serv_ws/install/action_interface/lib/libaction_interface__rosidl_generator_py.so
[0.513s] -- Up-to-date: /home/dlyvern/Projects/Dragonfly/cw_serv_ws/install/action_interface/share/action_interface/action/Cmd.idl
[0.513s] -- Up-to-date: /home/dlyvern/Projects/Dragonfly/cw_serv_ws/install/action_interface/share/action_interface/srv/Cmd.idl
[0.513s] -- Up-to-date: /home/dlyvern/Projects/Dragonfly/cw_serv_ws/install/action_interface/share/action_interface/action/Cmd.action
[0.513s] -- Up-to-date: /home/dlyvern/Projects/Dragonfly/cw_serv_ws/install/action_interface/share/action_interface/srv/Cmd.srv
[0.513s] -- Up-to-date: /home/dlyvern/Projects/Dragonfly/cw_serv_ws/install/action_interface/share/action_interface/srv/Cmd_Request.msg
[0.513s] -- Up-to-date: /home/dlyvern/Projects/Dragonfly/cw_serv_ws/install/action_interface/share/action_interface/srv/Cmd_Response.msg
[0.513s] -- Up-to-date: /home/dlyvern/Projects/Dragonfly/cw_serv_ws/install/action_interface/share/ament_index/resource_index/package_run_dependencies/action_interface
[0.513s] -- Up-to-date: /home/dlyvern/Projects/Dragonfly/cw_serv_ws/install/action_interface/share/ament_index/resource_index/parent_prefix_path/action_interface
[0.513s] -- Up-to-date: /home/dlyvern/Projects/Dragonfly/cw_serv_ws/install/action_interface/share/action_interface/environment/ament_prefix_path.sh
[0.513s] -- Up-to-date: /home/dlyvern/Projects/Dragonfly/cw_serv_ws/install/action_interface/share/action_interface/environment/ament_prefix_path.dsv
[0.513s] -- Up-to-date: /home/dlyvern/Projects/Dragonfly/cw_serv_ws/install/action_interface/share/action_interface/environment/path.sh
[0.513s] -- Up-to-date: /home/dlyvern/Projects/Dragonfly/cw_serv_ws/install/action_interface/share/action_interface/environment/path.dsv
[0.513s] -- Up-to-date: /home/dlyvern/Projects/Dragonfly/cw_serv_ws/install/action_interface/share/action_interface/local_setup.bash
[0.513s] -- Up-to-date: /home/dlyvern/Projects/Dragonfly/cw_serv_ws/install/action_interface/share/action_interface/local_setup.sh
[0.513s] -- Up-to-date: /home/dlyvern/Projects/Dragonfly/cw_serv_ws/install/action_interface/share/action_interface/local_setup.zsh
[0.513s] -- Up-to-date: /home/dlyvern/Projects/Dragonfly/cw_serv_ws/install/action_interface/share/action_interface/local_setup.dsv
[0.513s] -- Installing: /home/dlyvern/Projects/Dragonfly/cw_serv_ws/install/action_interface/share/action_interface/package.dsv
[0.513s] -- Up-to-date: /home/dlyvern/Projects/Dragonfly/cw_serv_ws/install/action_interface/share/ament_index/resource_index/packages/action_interface
[0.514s] -- Up-to-date: /home/dlyvern/Projects/Dragonfly/cw_serv_ws/install/action_interface/share/action_interface/cmake/export_action_interface__rosidl_generator_cExport.cmake
[0.514s] -- Up-to-date: /home/dlyvern/Projects/Dragonfly/cw_serv_ws/install/action_interface/share/action_interface/cmake/export_action_interface__rosidl_generator_cExport-noconfig.cmake
[0.514s] -- Up-to-date: /home/dlyvern/Projects/Dragonfly/cw_serv_ws/install/action_interface/share/action_interface/cmake/export_action_interface__rosidl_typesupport_fastrtps_cExport.cmake
[0.514s] -- Up-to-date: /home/dlyvern/Projects/Dragonfly/cw_serv_ws/install/action_interface/share/action_interface/cmake/export_action_interface__rosidl_typesupport_fastrtps_cExport-noconfig.cmake
[0.515s] -- Up-to-date: /home/dlyvern/Projects/Dragonfly/cw_serv_ws/install/action_interface/share/action_interface/cmake/action_interface__rosidl_typesupport_introspection_cExport.cmake
[0.515s] -- Up-to-date: /home/dlyvern/Projects/Dragonfly/cw_serv_ws/install/action_interface/share/action_interface/cmake/action_interface__rosidl_typesupport_introspection_cExport-noconfig.cmake
[0.515s] -- Up-to-date: /home/dlyvern/Projects/Dragonfly/cw_serv_ws/install/action_interface/share/action_interface/cmake/action_interface__rosidl_typesupport_cExport.cmake
[0.515s] -- Up-to-date: /home/dlyvern/Projects/Dragonfly/cw_serv_ws/install/action_interface/share/action_interface/cmake/action_interface__rosidl_typesupport_cExport-noconfig.cmake
[0.515s] -- Up-to-date: /home/dlyvern/Projects/Dragonfly/cw_serv_ws/install/action_interface/share/action_interface/cmake/export_action_interface__rosidl_generator_cppExport.cmake
[0.516s] -- Up-to-date: /home/dlyvern/Projects/Dragonfly/cw_serv_ws/install/action_interface/share/action_interface/cmake/export_action_interface__rosidl_typesupport_fastrtps_cppExport.cmake
[0.516s] -- Up-to-date: /home/dlyvern/Projects/Dragonfly/cw_serv_ws/install/action_interface/share/action_interface/cmake/export_action_interface__rosidl_typesupport_fastrtps_cppExport-noconfig.cmake
[0.516s] -- Up-to-date: /home/dlyvern/Projects/Dragonfly/cw_serv_ws/install/action_interface/share/action_interface/cmake/action_interface__rosidl_typesupport_introspection_cppExport.cmake
[0.516s] -- Up-to-date: /home/dlyvern/Projects/Dragonfly/cw_serv_ws/install/action_interface/share/action_interface/cmake/action_interface__rosidl_typesupport_introspection_cppExport-noconfig.cmake
[0.517s] -- Up-to-date: /home/dlyvern/Projects/Dragonfly/cw_serv_ws/install/action_interface/share/action_interface/cmake/action_interface__rosidl_typesupport_cppExport.cmake
[0.517s] -- Up-to-date: /home/dlyvern/Projects/Dragonfly/cw_serv_ws/install/action_interface/share/action_interface/cmake/action_interface__rosidl_typesupport_cppExport-noconfig.cmake
[0.517s] -- Up-to-date: /home/dlyvern/Projects/Dragonfly/cw_serv_ws/install/action_interface/share/action_interface/cmake/export_action_interface__rosidl_generator_pyExport.cmake
[0.517s] -- Up-to-date: /home/dlyvern/Projects/Dragonfly/cw_serv_ws/install/action_interface/share/action_interface/cmake/export_action_interface__rosidl_generator_pyExport-noconfig.cmake
[0.517s] -- Up-to-date: /home/dlyvern/Projects/Dragonfly/cw_serv_ws/install/action_interface/share/action_interface/cmake/rosidl_cmake-extras.cmake
[0.517s] -- Up-to-date: /home/dlyvern/Projects/Dragonfly/cw_serv_ws/install/action_interface/share/action_interface/cmake/ament_cmake_export_dependencies-extras.cmake
[0.517s] -- Up-to-date: /home/dlyvern/Projects/Dragonfly/cw_serv_ws/install/action_interface/share/action_interface/cmake/ament_cmake_export_include_directories-extras.cmake
[0.517s] -- Up-to-date: /home/dlyvern/Projects/Dragonfly/cw_serv_ws/install/action_interface/share/action_interface/cmake/ament_cmake_export_libraries-extras.cmake
[0.517s] -- Up-to-date: /home/dlyvern/Projects/Dragonfly/cw_serv_ws/install/action_interface/share/action_interface/cmake/ament_cmake_export_targets-extras.cmake
[0.517s] -- Up-to-date: /home/dlyvern/Projects/Dragonfly/cw_serv_ws/install/action_interface/share/action_interface/cmake/rosidl_cmake_export_typesupport_targets-extras.cmake
[0.518s] -- Up-to-date: /home/dlyvern/Projects/Dragonfly/cw_serv_ws/install/action_interface/share/action_interface/cmake/rosidl_cmake_export_typesupport_libraries-extras.cmake
[0.518s] -- Up-to-date: /home/dlyvern/Projects/Dragonfly/cw_serv_ws/install/action_interface/share/action_interface/cmake/action_interfaceConfig.cmake
[0.518s] -- Up-to-date: /home/dlyvern/Projects/Dragonfly/cw_serv_ws/install/action_interface/share/action_interface/cmake/action_interfaceConfig-version.cmake
[0.518s] -- Up-to-date: /home/dlyvern/Projects/Dragonfly/cw_serv_ws/install/action_interface/share/action_interface/package.xml
[0.519s] Invoked command in '/home/dlyvern/Projects/Dragonfly/cw_serv_ws/build/action_interface' returned '0': CMAKE_PREFIX_PATH=${CMAKE_PREFIX_PATH}:/opt/ros/humble /usr/bin/cmake --install /home/dlyvern/Projects/Dragonfly/cw_serv_ws/build/action_interface
