[0.408s] DEBUG:colcon:Command line arguments: ['/usr/bin/colcon', 'build']
[0.409s] DEBUG:colcon:Parsed command line arguments: Namespace(log_base=None, log_level=None, verb_name='build', build_base='build', install_base='install', merge_install=False, symlink_install=False, test_result_base=None, continue_on_error=False, executor='parallel', parallel_workers=12, event_handlers=None, ignore_user_meta=False, metas=['./colcon.meta'], base_paths=['.'], packages_ignore=None, packages_ignore_regex=None, paths=None, packages_up_to=None, packages_up_to_regex=None, packages_above=None, packages_above_and_dependencies=None, packages_above_depth=None, packages_select_by_dep=None, packages_skip_by_dep=None, packages_skip_up_to=None, packages_select_build_failed=False, packages_skip_build_finished=False, packages_select_test_failures=False, packages_skip_test_passed=False, packages_select=None, packages_skip=None, packages_select_regex=None, packages_skip_regex=None, packages_start=None, packages_end=None, allow_overriding=[], cmake_args=None, cmake_target=None, cmake_target_skip_unavailable=False, cmake_clean_cache=False, cmake_clean_first=False, cmake_force_configure=False, ament_cmake_args=None, catkin_cmake_args=None, catkin_skip_building_tests=False, verb_parser=<colcon_defaults.argument_parser.defaults.DefaultArgumentsDecorator object at 0x7f68ccae2440>, verb_extension=<colcon_core.verb.build.BuildVerb object at 0x7f68ccae3010>, main=<bound method BuildVerb.main of <colcon_core.verb.build.BuildVerb object at 0x7f68ccae3010>>)
[0.430s] Level 1:colcon.colcon_core.package_discovery:discover_packages(colcon_meta) check parameters
[0.430s] Level 1:colcon.colcon_core.package_discovery:discover_packages(recursive) check parameters
[0.430s] Level 1:colcon.colcon_core.package_discovery:discover_packages(ignore) check parameters
[0.430s] Level 1:colcon.colcon_core.package_discovery:discover_packages(path) check parameters
[0.430s] Level 1:colcon.colcon_core.package_discovery:discover_packages(colcon_meta) discover
[0.430s] Level 1:colcon.colcon_core.package_discovery:discover_packages(recursive) discover
[0.430s] INFO:colcon.colcon_core.package_discovery:Crawling recursively for packages in '/home/dlyvern/Projects/Dragonfly/cw_serv_ws'
[0.430s] Level 1:colcon.colcon_core.package_identification:_identify(.) by extensions ['ignore', 'ignore_ament_install']
[0.430s] Level 1:colcon.colcon_core.package_identification:_identify(.) by extension 'ignore'
[0.430s] Level 1:colcon.colcon_core.package_identification:_identify(.) by extension 'ignore_ament_install'
[0.430s] Level 1:colcon.colcon_core.package_identification:_identify(.) by extensions ['colcon_pkg']
[0.430s] Level 1:colcon.colcon_core.package_identification:_identify(.) by extension 'colcon_pkg'
[0.430s] Level 1:colcon.colcon_core.package_identification:_identify(.) by extensions ['colcon_meta']
[0.430s] Level 1:colcon.colcon_core.package_identification:_identify(.) by extension 'colcon_meta'
[0.430s] Level 1:colcon.colcon_core.package_identification:_identify(.) by extensions ['ros']
[0.430s] Level 1:colcon.colcon_core.package_identification:_identify(.) by extension 'ros'
[0.436s] Level 1:colcon.colcon_core.package_identification:_identify(.) by extensions ['cmake', 'python']
[0.436s] Level 1:colcon.colcon_core.package_identification:_identify(.) by extension 'cmake'
[0.436s] Level 1:colcon.colcon_core.package_identification:_identify(.) by extension 'python'
[0.436s] Level 1:colcon.colcon_core.package_identification:_identify(.) by extensions ['python_setup_py']
[0.436s] Level 1:colcon.colcon_core.package_identification:_identify(.) by extension 'python_setup_py'
[0.436s] Level 1:colcon.colcon_core.package_identification:_identify(bags) by extensions ['ignore', 'ignore_ament_install']
[0.436s] Level 1:colcon.colcon_core.package_identification:_identify(bags) by extension 'ignore'
[0.436s] Level 1:colcon.colcon_core.package_identification:_identify(bags) by extension 'ignore_ament_install'
[0.436s] Level 1:colcon.colcon_core.package_identification:_identify(bags) by extensions ['colcon_pkg']
[0.436s] Level 1:colcon.colcon_core.package_identification:_identify(bags) by extension 'colcon_pkg'
[0.436s] Level 1:colcon.colcon_core.package_identification:_identify(bags) by extensions ['colcon_meta']
[0.436s] Level 1:colcon.colcon_core.package_identification:_identify(bags) by extension 'colcon_meta'
[0.436s] Level 1:colcon.colcon_core.package_identification:_identify(bags) by extensions ['ros']
[0.436s] Level 1:colcon.colcon_core.package_identification:_identify(bags) by extension 'ros'
[0.437s] Level 1:colcon.colcon_core.package_identification:_identify(bags) by extensions ['cmake', 'python']
[0.437s] Level 1:colcon.colcon_core.package_identification:_identify(bags) by extension 'cmake'
[0.437s] Level 1:colcon.colcon_core.package_identification:_identify(bags) by extension 'python'
[0.437s] Level 1:colcon.colcon_core.package_identification:_identify(bags) by extensions ['python_setup_py']
[0.437s] Level 1:colcon.colcon_core.package_identification:_identify(bags) by extension 'python_setup_py'
[0.437s] Level 1:colcon.colcon_core.package_identification:_identify(build) by extensions ['ignore', 'ignore_ament_install']
[0.437s] Level 1:colcon.colcon_core.package_identification:_identify(build) by extension 'ignore'
[0.437s] Level 1:colcon.colcon_core.package_identification:_identify(build) ignored
[0.437s] Level 1:colcon.colcon_core.package_identification:_identify(install) by extensions ['ignore', 'ignore_ament_install']
[0.437s] Level 1:colcon.colcon_core.package_identification:_identify(install) by extension 'ignore'
[0.437s] Level 1:colcon.colcon_core.package_identification:_identify(install) ignored
[0.437s] Level 1:colcon.colcon_core.package_identification:_identify(log) by extensions ['ignore', 'ignore_ament_install']
[0.437s] Level 1:colcon.colcon_core.package_identification:_identify(log) by extension 'ignore'
[0.437s] Level 1:colcon.colcon_core.package_identification:_identify(log) ignored
[0.437s] Level 1:colcon.colcon_core.package_identification:_identify(logs) by extensions ['ignore', 'ignore_ament_install']
[0.437s] Level 1:colcon.colcon_core.package_identification:_identify(logs) by extension 'ignore'
[0.437s] Level 1:colcon.colcon_core.package_identification:_identify(logs) by extension 'ignore_ament_install'
[0.437s] Level 1:colcon.colcon_core.package_identification:_identify(logs) by extensions ['colcon_pkg']
[0.437s] Level 1:colcon.colcon_core.package_identification:_identify(logs) by extension 'colcon_pkg'
[0.437s] Level 1:colcon.colcon_core.package_identification:_identify(logs) by extensions ['colcon_meta']
[0.437s] Level 1:colcon.colcon_core.package_identification:_identify(logs) by extension 'colcon_meta'
[0.437s] Level 1:colcon.colcon_core.package_identification:_identify(logs) by extensions ['ros']
[0.437s] Level 1:colcon.colcon_core.package_identification:_identify(logs) by extension 'ros'
[0.437s] Level 1:colcon.colcon_core.package_identification:_identify(logs) by extensions ['cmake', 'python']
[0.437s] Level 1:colcon.colcon_core.package_identification:_identify(logs) by extension 'cmake'
[0.437s] Level 1:colcon.colcon_core.package_identification:_identify(logs) by extension 'python'
[0.437s] Level 1:colcon.colcon_core.package_identification:_identify(logs) by extensions ['python_setup_py']
[0.437s] Level 1:colcon.colcon_core.package_identification:_identify(logs) by extension 'python_setup_py'
[0.437s] Level 1:colcon.colcon_core.package_identification:_identify(src) by extensions ['ignore', 'ignore_ament_install']
[0.437s] Level 1:colcon.colcon_core.package_identification:_identify(src) by extension 'ignore'
[0.437s] Level 1:colcon.colcon_core.package_identification:_identify(src) by extension 'ignore_ament_install'
[0.437s] Level 1:colcon.colcon_core.package_identification:_identify(src) by extensions ['colcon_pkg']
[0.437s] Level 1:colcon.colcon_core.package_identification:_identify(src) by extension 'colcon_pkg'
[0.437s] Level 1:colcon.colcon_core.package_identification:_identify(src) by extensions ['colcon_meta']
[0.437s] Level 1:colcon.colcon_core.package_identification:_identify(src) by extension 'colcon_meta'
[0.437s] Level 1:colcon.colcon_core.package_identification:_identify(src) by extensions ['ros']
[0.437s] Level 1:colcon.colcon_core.package_identification:_identify(src) by extension 'ros'
[0.437s] Level 1:colcon.colcon_core.package_identification:_identify(src) by extensions ['cmake', 'python']
[0.438s] Level 1:colcon.colcon_core.package_identification:_identify(src) by extension 'cmake'
[0.438s] Level 1:colcon.colcon_core.package_identification:_identify(src) by extension 'python'
[0.438s] Level 1:colcon.colcon_core.package_identification:_identify(src) by extensions ['python_setup_py']
[0.438s] Level 1:colcon.colcon_core.package_identification:_identify(src) by extension 'python_setup_py'
[0.438s] Level 1:colcon.colcon_core.package_identification:_identify(src/action_interface) by extensions ['ignore', 'ignore_ament_install']
[0.438s] Level 1:colcon.colcon_core.package_identification:_identify(src/action_interface) by extension 'ignore'
[0.438s] Level 1:colcon.colcon_core.package_identification:_identify(src/action_interface) by extension 'ignore_ament_install'
[0.438s] Level 1:colcon.colcon_core.package_identification:_identify(src/action_interface) by extensions ['colcon_pkg']
[0.438s] Level 1:colcon.colcon_core.package_identification:_identify(src/action_interface) by extension 'colcon_pkg'
[0.438s] Level 1:colcon.colcon_core.package_identification:_identify(src/action_interface) by extensions ['colcon_meta']
[0.438s] Level 1:colcon.colcon_core.package_identification:_identify(src/action_interface) by extension 'colcon_meta'
[0.438s] Level 1:colcon.colcon_core.package_identification:_identify(src/action_interface) by extensions ['ros']
[0.438s] Level 1:colcon.colcon_core.package_identification:_identify(src/action_interface) by extension 'ros'
[0.439s] DEBUG:colcon.colcon_core.package_identification:Package 'src/action_interface' with type 'ros.ament_cmake' and name 'action_interface'
[0.439s] Level 1:colcon.colcon_core.package_identification:_identify(src/cw_serv) by extensions ['ignore', 'ignore_ament_install']
[0.440s] Level 1:colcon.colcon_core.package_identification:_identify(src/cw_serv) by extension 'ignore'
[0.440s] Level 1:colcon.colcon_core.package_identification:_identify(src/cw_serv) by extension 'ignore_ament_install'
[0.440s] Level 1:colcon.colcon_core.package_identification:_identify(src/cw_serv) by extensions ['colcon_pkg']
[0.440s] Level 1:colcon.colcon_core.package_identification:_identify(src/cw_serv) by extension 'colcon_pkg'
[0.440s] Level 1:colcon.colcon_core.package_identification:_identify(src/cw_serv) by extensions ['colcon_meta']
[0.440s] Level 1:colcon.colcon_core.package_identification:_identify(src/cw_serv) by extension 'colcon_meta'
[0.440s] Level 1:colcon.colcon_core.package_identification:_identify(src/cw_serv) by extensions ['ros']
[0.440s] Level 1:colcon.colcon_core.package_identification:_identify(src/cw_serv) by extension 'ros'
[0.440s] DEBUG:colcon.colcon_core.package_identification:Package 'src/cw_serv' with type 'ros.ament_cmake' and name 'cw_serv'
[0.440s] Level 1:colcon.colcon_core.package_discovery:discover_packages(recursive) using defaults
[0.440s] Level 1:colcon.colcon_core.package_discovery:discover_packages(ignore) discover
[0.440s] Level 1:colcon.colcon_core.package_discovery:discover_packages(ignore) using defaults
[0.440s] Level 1:colcon.colcon_core.package_discovery:discover_packages(path) discover
[0.440s] Level 1:colcon.colcon_core.package_discovery:discover_packages(path) using defaults
[0.478s] Level 1:colcon.colcon_core.package_discovery:discover_packages(prefix_path) check parameters
[0.478s] Level 1:colcon.colcon_core.package_discovery:discover_packages(prefix_path) discover
[0.489s] DEBUG:colcon.colcon_installed_package_information.package_discovery:Found 2 installed packages in /home/dlyvern/Projects/Dragonfly/cw_serv_ws/install
[0.495s] DEBUG:colcon.colcon_installed_package_information.package_discovery:Found 270 installed packages in /opt/ros/humble
[0.496s] Level 1:colcon.colcon_core.package_discovery:discover_packages(prefix_path) using defaults
[0.537s] Level 5:colcon.colcon_core.verb:set package 'action_interface' build argument 'cmake_args' from command line to 'None'
[0.537s] Level 5:colcon.colcon_core.verb:set package 'action_interface' build argument 'cmake_target' from command line to 'None'
[0.537s] Level 5:colcon.colcon_core.verb:set package 'action_interface' build argument 'cmake_target_skip_unavailable' from command line to 'False'
[0.537s] Level 5:colcon.colcon_core.verb:set package 'action_interface' build argument 'cmake_clean_cache' from command line to 'False'
[0.537s] Level 5:colcon.colcon_core.verb:set package 'action_interface' build argument 'cmake_clean_first' from command line to 'False'
[0.537s] Level 5:colcon.colcon_core.verb:set package 'action_interface' build argument 'cmake_force_configure' from command line to 'False'
[0.537s] Level 5:colcon.colcon_core.verb:set package 'action_interface' build argument 'ament_cmake_args' from command line to 'None'
[0.537s] Level 5:colcon.colcon_core.verb:set package 'action_interface' build argument 'catkin_cmake_args' from command line to 'None'
[0.537s] Level 5:colcon.colcon_core.verb:set package 'action_interface' build argument 'catkin_skip_building_tests' from command line to 'False'
[0.537s] DEBUG:colcon.colcon_core.verb:Building package 'action_interface' with the following arguments: {'ament_cmake_args': None, 'build_base': '/home/dlyvern/Projects/Dragonfly/cw_serv_ws/build/action_interface', 'catkin_cmake_args': None, 'catkin_skip_building_tests': False, 'cmake_args': None, 'cmake_clean_cache': False, 'cmake_clean_first': False, 'cmake_force_configure': False, 'cmake_target': None, 'cmake_target_skip_unavailable': False, 'install_base': '/home/dlyvern/Projects/Dragonfly/cw_serv_ws/install/action_interface', 'merge_install': False, 'path': '/home/dlyvern/Projects/Dragonfly/cw_serv_ws/src/action_interface', 'symlink_install': False, 'test_result_base': None}
[0.543s] Level 5:colcon.colcon_core.verb:set package 'cw_serv' build argument 'cmake_args' from command line to 'None'
[0.543s] Level 5:colcon.colcon_core.verb:set package 'cw_serv' build argument 'cmake_target' from command line to 'None'
[0.543s] Level 5:colcon.colcon_core.verb:set package 'cw_serv' build argument 'cmake_target_skip_unavailable' from command line to 'False'
[0.543s] Level 5:colcon.colcon_core.verb:set package 'cw_serv' build argument 'cmake_clean_cache' from command line to 'False'
[0.543s] Level 5:colcon.colcon_core.verb:set package 'cw_serv' build argument 'cmake_clean_first' from command line to 'False'
[0.543s] Level 5:colcon.colcon_core.verb:set package 'cw_serv' build argument 'cmake_force_configure' from command line to 'False'
[0.543s] Level 5:colcon.colcon_core.verb:set package 'cw_serv' build argument 'ament_cmake_args' from command line to 'None'
[0.543s] Level 5:colcon.colcon_core.verb:set package 'cw_serv' build argument 'catkin_cmake_args' from command line to 'None'
[0.543s] Level 5:colcon.colcon_core.verb:set package 'cw_serv' build argument 'catkin_skip_building_tests' from command line to 'False'
[0.543s] DEBUG:colcon.colcon_core.verb:Building package 'cw_serv' with the following arguments: {'ament_cmake_args': None, 'build_base': '/home/dlyvern/Projects/Dragonfly/cw_serv_ws/build/cw_serv', 'catkin_cmake_args': None, 'catkin_skip_building_tests': False, 'cmake_args': None, 'cmake_clean_cache': False, 'cmake_clean_first': False, 'cmake_force_configure': False, 'cmake_target': None, 'cmake_target_skip_unavailable': False, 'install_base': '/home/dlyvern/Projects/Dragonfly/cw_serv_ws/install/cw_serv', 'merge_install': False, 'path': '/home/dlyvern/Projects/Dragonfly/cw_serv_ws/src/cw_serv', 'symlink_install': False, 'test_result_base': None}
[0.549s] INFO:colcon.colcon_core.executor:Executing jobs using 'parallel' executor
[0.555s] DEBUG:colcon.colcon_parallel_executor.executor.parallel:run_until_complete
[0.555s] INFO:colcon.colcon_ros.task.ament_cmake.build:Building ROS package in '/home/dlyvern/Projects/Dragonfly/cw_serv_ws/src/action_interface' with build type 'ament_cmake'
[0.555s] INFO:colcon.colcon_cmake.task.cmake.build:Building CMake package in '/home/dlyvern/Projects/Dragonfly/cw_serv_ws/src/action_interface'
[0.561s] INFO:colcon.colcon_core.plugin_system:Skipping extension 'colcon_core.shell.bat': Not used on non-Windows systems
[0.561s] INFO:colcon.colcon_core.shell:Skip shell extension 'powershell' for command environment: Not usable outside of PowerShell
[0.562s] DEBUG:colcon.colcon_core.shell:Skip shell extension 'dsv' for command environment
[0.583s] DEBUG:colcon.colcon_core.event_handler.log_command:Invoking command in '/home/dlyvern/Projects/Dragonfly/cw_serv_ws/build/action_interface': CMAKE_PREFIX_PATH=${CMAKE_PREFIX_PATH}:/opt/ros/humble /usr/bin/cmake --build /home/dlyvern/Projects/Dragonfly/cw_serv_ws/build/action_interface -- -j12 -l12
[0.763s] DEBUG:colcon.colcon_core.event_handler.log_command:Invoked command in '/home/dlyvern/Projects/Dragonfly/cw_serv_ws/build/action_interface' returned '0': CMAKE_PREFIX_PATH=${CMAKE_PREFIX_PATH}:/opt/ros/humble /usr/bin/cmake --build /home/dlyvern/Projects/Dragonfly/cw_serv_ws/build/action_interface -- -j12 -l12
[0.804s] DEBUG:colcon.colcon_core.event_handler.log_command:Invoking command in '/home/dlyvern/Projects/Dragonfly/cw_serv_ws/build/action_interface': CMAKE_PREFIX_PATH=${CMAKE_PREFIX_PATH}:/opt/ros/humble /usr/bin/cmake --install /home/dlyvern/Projects/Dragonfly/cw_serv_ws/build/action_interface
[0.835s] Level 1:colcon.colcon_core.environment:create_environment_scripts_only(action_interface)
[0.835s] DEBUG:colcon.colcon_core.event_handler.log_command:Invoked command in '/home/dlyvern/Projects/Dragonfly/cw_serv_ws/build/action_interface' returned '0': CMAKE_PREFIX_PATH=${CMAKE_PREFIX_PATH}:/opt/ros/humble /usr/bin/cmake --install /home/dlyvern/Projects/Dragonfly/cw_serv_ws/build/action_interface
[0.842s] Level 1:colcon.colcon_core.environment:checking '/home/dlyvern/Projects/Dragonfly/cw_serv_ws/install/action_interface' for CMake module files
[0.843s] Level 1:colcon.colcon_core.environment:checking '/home/dlyvern/Projects/Dragonfly/cw_serv_ws/install/action_interface' for CMake config files
[0.843s] Level 1:colcon.colcon_core.shell:create_environment_hook('action_interface', 'cmake_prefix_path')
[0.849s] INFO:colcon.colcon_core.shell:Creating environment hook '/home/dlyvern/Projects/Dragonfly/cw_serv_ws/install/action_interface/share/action_interface/hook/cmake_prefix_path.ps1'
[0.850s] INFO:colcon.colcon_core.shell:Creating environment descriptor '/home/dlyvern/Projects/Dragonfly/cw_serv_ws/install/action_interface/share/action_interface/hook/cmake_prefix_path.dsv'
[0.850s] INFO:colcon.colcon_core.shell:Creating environment hook '/home/dlyvern/Projects/Dragonfly/cw_serv_ws/install/action_interface/share/action_interface/hook/cmake_prefix_path.sh'
[0.850s] Level 1:colcon.colcon_core.environment:checking '/home/dlyvern/Projects/Dragonfly/cw_serv_ws/install/action_interface/lib'
[0.850s] Level 1:colcon.colcon_core.shell:create_environment_hook('action_interface', 'ld_library_path_lib')
[0.856s] INFO:colcon.colcon_core.shell:Creating environment hook '/home/dlyvern/Projects/Dragonfly/cw_serv_ws/install/action_interface/share/action_interface/hook/ld_library_path_lib.ps1'
[0.856s] INFO:colcon.colcon_core.shell:Creating environment descriptor '/home/dlyvern/Projects/Dragonfly/cw_serv_ws/install/action_interface/share/action_interface/hook/ld_library_path_lib.dsv'
[0.857s] INFO:colcon.colcon_core.shell:Creating environment hook '/home/dlyvern/Projects/Dragonfly/cw_serv_ws/install/action_interface/share/action_interface/hook/ld_library_path_lib.sh'
[0.857s] Level 1:colcon.colcon_core.environment:checking '/home/dlyvern/Projects/Dragonfly/cw_serv_ws/install/action_interface/bin'
[0.857s] Level 1:colcon.colcon_core.environment:checking '/home/dlyvern/Projects/Dragonfly/cw_serv_ws/install/action_interface/lib/pkgconfig/action_interface.pc'
[0.857s] Level 1:colcon.colcon_core.environment:checking '/home/dlyvern/Projects/Dragonfly/cw_serv_ws/install/action_interface/lib/python3.10/site-packages'
[0.857s] Level 1:colcon.colcon_core.environment:checking '/home/dlyvern/Projects/Dragonfly/cw_serv_ws/install/action_interface/bin'
[0.863s] INFO:colcon.colcon_core.shell:Creating package script '/home/dlyvern/Projects/Dragonfly/cw_serv_ws/install/action_interface/share/action_interface/package.ps1'
[0.863s] INFO:colcon.colcon_core.shell:Creating package descriptor '/home/dlyvern/Projects/Dragonfly/cw_serv_ws/install/action_interface/share/action_interface/package.dsv'
[0.863s] INFO:colcon.colcon_core.shell:Creating package script '/home/dlyvern/Projects/Dragonfly/cw_serv_ws/install/action_interface/share/action_interface/package.sh'
[0.864s] INFO:colcon.colcon_core.shell:Creating package script '/home/dlyvern/Projects/Dragonfly/cw_serv_ws/install/action_interface/share/action_interface/package.bash'
[0.864s] INFO:colcon.colcon_core.shell:Creating package script '/home/dlyvern/Projects/Dragonfly/cw_serv_ws/install/action_interface/share/action_interface/package.zsh'
[0.864s] Level 1:colcon.colcon_core.environment:create_file_with_runtime_dependencies(/home/dlyvern/Projects/Dragonfly/cw_serv_ws/install/action_interface/share/colcon-core/packages/action_interface)
[0.907s] Level 1:colcon.colcon_core.environment:create_environment_scripts_only(action_interface)
[0.913s] Level 1:colcon.colcon_core.environment:checking '/home/dlyvern/Projects/Dragonfly/cw_serv_ws/install/action_interface' for CMake module files
[0.914s] Level 1:colcon.colcon_core.environment:checking '/home/dlyvern/Projects/Dragonfly/cw_serv_ws/install/action_interface' for CMake config files
[0.914s] Level 1:colcon.colcon_core.shell:create_environment_hook('action_interface', 'cmake_prefix_path')
[0.920s] INFO:colcon.colcon_core.shell:Creating environment hook '/home/dlyvern/Projects/Dragonfly/cw_serv_ws/install/action_interface/share/action_interface/hook/cmake_prefix_path.ps1'
[0.920s] INFO:colcon.colcon_core.shell:Creating environment descriptor '/home/dlyvern/Projects/Dragonfly/cw_serv_ws/install/action_interface/share/action_interface/hook/cmake_prefix_path.dsv'
[0.920s] INFO:colcon.colcon_core.shell:Creating environment hook '/home/dlyvern/Projects/Dragonfly/cw_serv_ws/install/action_interface/share/action_interface/hook/cmake_prefix_path.sh'
[0.920s] Level 1:colcon.colcon_core.environment:checking '/home/dlyvern/Projects/Dragonfly/cw_serv_ws/install/action_interface/lib'
[0.921s] Level 1:colcon.colcon_core.shell:create_environment_hook('action_interface', 'ld_library_path_lib')
[0.926s] INFO:colcon.colcon_core.shell:Creating environment hook '/home/dlyvern/Projects/Dragonfly/cw_serv_ws/install/action_interface/share/action_interface/hook/ld_library_path_lib.ps1'
[0.926s] INFO:colcon.colcon_core.shell:Creating environment descriptor '/home/dlyvern/Projects/Dragonfly/cw_serv_ws/install/action_interface/share/action_interface/hook/ld_library_path_lib.dsv'
[0.927s] INFO:colcon.colcon_core.shell:Creating environment hook '/home/dlyvern/Projects/Dragonfly/cw_serv_ws/install/action_interface/share/action_interface/hook/ld_library_path_lib.sh'
[0.927s] Level 1:colcon.colcon_core.environment:checking '/home/dlyvern/Projects/Dragonfly/cw_serv_ws/install/action_interface/bin'
[0.927s] Level 1:colcon.colcon_core.environment:checking '/home/dlyvern/Projects/Dragonfly/cw_serv_ws/install/action_interface/lib/pkgconfig/action_interface.pc'
[0.927s] Level 1:colcon.colcon_core.environment:checking '/home/dlyvern/Projects/Dragonfly/cw_serv_ws/install/action_interface/lib/python3.10/site-packages'
[0.927s] Level 1:colcon.colcon_core.environment:checking '/home/dlyvern/Projects/Dragonfly/cw_serv_ws/install/action_interface/bin'
[0.933s] INFO:colcon.colcon_core.shell:Creating package script '/home/dlyvern/Projects/Dragonfly/cw_serv_ws/install/action_interface/share/action_interface/package.ps1'
[0.933s] INFO:colcon.colcon_core.shell:Creating package descriptor '/home/dlyvern/Projects/Dragonfly/cw_serv_ws/install/action_interface/share/action_interface/package.dsv'
[0.933s] INFO:colcon.colcon_core.shell:Creating package script '/home/dlyvern/Projects/Dragonfly/cw_serv_ws/install/action_interface/share/action_interface/package.sh'
[0.933s] INFO:colcon.colcon_core.shell:Creating package script '/home/dlyvern/Projects/Dragonfly/cw_serv_ws/install/action_interface/share/action_interface/package.bash'
[0.933s] INFO:colcon.colcon_core.shell:Creating package script '/home/dlyvern/Projects/Dragonfly/cw_serv_ws/install/action_interface/share/action_interface/package.zsh'
[0.934s] Level 1:colcon.colcon_core.environment:create_file_with_runtime_dependencies(/home/dlyvern/Projects/Dragonfly/cw_serv_ws/install/action_interface/share/colcon-core/packages/action_interface)
[0.934s] INFO:colcon.colcon_ros.task.ament_cmake.build:Building ROS package in '/home/dlyvern/Projects/Dragonfly/cw_serv_ws/src/cw_serv' with build type 'ament_cmake'
[0.934s] INFO:colcon.colcon_cmake.task.cmake.build:Building CMake package in '/home/dlyvern/Projects/Dragonfly/cw_serv_ws/src/cw_serv'
[0.940s] INFO:colcon.colcon_core.shell:Skip shell extension 'powershell' for command environment: Not usable outside of PowerShell
[0.940s] DEBUG:colcon.colcon_core.shell:Skip shell extension 'dsv' for command environment
[0.962s] DEBUG:colcon.colcon_core.event_handler.log_command:Invoking command in '/home/dlyvern/Projects/Dragonfly/cw_serv_ws/build/cw_serv': CMAKE_PREFIX_PATH=/home/dlyvern/Projects/Dragonfly/cw_serv_ws/install/action_interface:/home/dlyvern/Projects/Dragonfly/cw_serv_ws/install/cw_serv:/opt/ros/humble /usr/bin/cmake --build /home/dlyvern/Projects/Dragonfly/cw_serv_ws/build/cw_serv -- -j12 -l12
[7.648s] DEBUG:colcon.colcon_core.event_handler.log_command:Invoked command in '/home/dlyvern/Projects/Dragonfly/cw_serv_ws/build/cw_serv' returned '0': CMAKE_PREFIX_PATH=/home/dlyvern/Projects/Dragonfly/cw_serv_ws/install/action_interface:/home/dlyvern/Projects/Dragonfly/cw_serv_ws/install/cw_serv:/opt/ros/humble /usr/bin/cmake --build /home/dlyvern/Projects/Dragonfly/cw_serv_ws/build/cw_serv -- -j12 -l12
[7.681s] DEBUG:colcon.colcon_core.event_handler.log_command:Invoking command in '/home/dlyvern/Projects/Dragonfly/cw_serv_ws/build/cw_serv': CMAKE_PREFIX_PATH=/home/dlyvern/Projects/Dragonfly/cw_serv_ws/install/action_interface:/home/dlyvern/Projects/Dragonfly/cw_serv_ws/install/cw_serv:/opt/ros/humble /usr/bin/cmake --install /home/dlyvern/Projects/Dragonfly/cw_serv_ws/build/cw_serv
[7.691s] Level 1:colcon.colcon_core.environment:create_environment_scripts_only(cw_serv)
[7.691s] DEBUG:colcon.colcon_core.event_handler.log_command:Invoked command in '/home/dlyvern/Projects/Dragonfly/cw_serv_ws/build/cw_serv' returned '0': CMAKE_PREFIX_PATH=/home/dlyvern/Projects/Dragonfly/cw_serv_ws/install/action_interface:/home/dlyvern/Projects/Dragonfly/cw_serv_ws/install/cw_serv:/opt/ros/humble /usr/bin/cmake --install /home/dlyvern/Projects/Dragonfly/cw_serv_ws/build/cw_serv
[7.713s] Level 1:colcon.colcon_core.environment:checking '/home/dlyvern/Projects/Dragonfly/cw_serv_ws/install/cw_serv' for CMake module files
[7.714s] Level 1:colcon.colcon_core.environment:checking '/home/dlyvern/Projects/Dragonfly/cw_serv_ws/install/cw_serv' for CMake config files
[7.715s] Level 1:colcon.colcon_core.shell:create_environment_hook('cw_serv', 'cmake_prefix_path')
[7.721s] INFO:colcon.colcon_core.shell:Creating environment hook '/home/dlyvern/Projects/Dragonfly/cw_serv_ws/install/cw_serv/share/cw_serv/hook/cmake_prefix_path.ps1'
[7.722s] INFO:colcon.colcon_core.shell:Creating environment descriptor '/home/dlyvern/Projects/Dragonfly/cw_serv_ws/install/cw_serv/share/cw_serv/hook/cmake_prefix_path.dsv'
[7.722s] INFO:colcon.colcon_core.shell:Creating environment hook '/home/dlyvern/Projects/Dragonfly/cw_serv_ws/install/cw_serv/share/cw_serv/hook/cmake_prefix_path.sh'
[7.722s] Level 1:colcon.colcon_core.environment:checking '/home/dlyvern/Projects/Dragonfly/cw_serv_ws/install/cw_serv/lib'
[7.722s] Level 1:colcon.colcon_core.environment:checking '/home/dlyvern/Projects/Dragonfly/cw_serv_ws/install/cw_serv/bin'
[7.723s] Level 1:colcon.colcon_core.environment:checking '/home/dlyvern/Projects/Dragonfly/cw_serv_ws/install/cw_serv/lib/pkgconfig/cw_serv.pc'
[7.723s] Level 1:colcon.colcon_core.environment:checking '/home/dlyvern/Projects/Dragonfly/cw_serv_ws/install/cw_serv/lib/python3.10/site-packages'
[7.723s] Level 1:colcon.colcon_core.environment:checking '/home/dlyvern/Projects/Dragonfly/cw_serv_ws/install/cw_serv/bin'
[7.729s] INFO:colcon.colcon_core.shell:Creating package script '/home/dlyvern/Projects/Dragonfly/cw_serv_ws/install/cw_serv/share/cw_serv/package.ps1'
[7.729s] INFO:colcon.colcon_core.shell:Creating package descriptor '/home/dlyvern/Projects/Dragonfly/cw_serv_ws/install/cw_serv/share/cw_serv/package.dsv'
[7.729s] INFO:colcon.colcon_core.shell:Creating package script '/home/dlyvern/Projects/Dragonfly/cw_serv_ws/install/cw_serv/share/cw_serv/package.sh'
[7.730s] INFO:colcon.colcon_core.shell:Creating package script '/home/dlyvern/Projects/Dragonfly/cw_serv_ws/install/cw_serv/share/cw_serv/package.bash'
[7.730s] INFO:colcon.colcon_core.shell:Creating package script '/home/dlyvern/Projects/Dragonfly/cw_serv_ws/install/cw_serv/share/cw_serv/package.zsh'
[7.730s] Level 1:colcon.colcon_core.environment:create_file_with_runtime_dependencies(/home/dlyvern/Projects/Dragonfly/cw_serv_ws/install/cw_serv/share/colcon-core/packages/cw_serv)
[7.767s] Level 1:colcon.colcon_core.environment:create_environment_scripts_only(cw_serv)
[7.773s] Level 1:colcon.colcon_core.environment:checking '/home/dlyvern/Projects/Dragonfly/cw_serv_ws/install/cw_serv' for CMake module files
[7.773s] Level 1:colcon.colcon_core.environment:checking '/home/dlyvern/Projects/Dragonfly/cw_serv_ws/install/cw_serv' for CMake config files
[7.773s] Level 1:colcon.colcon_core.shell:create_environment_hook('cw_serv', 'cmake_prefix_path')
[7.779s] INFO:colcon.colcon_core.shell:Creating environment hook '/home/dlyvern/Projects/Dragonfly/cw_serv_ws/install/cw_serv/share/cw_serv/hook/cmake_prefix_path.ps1'
[7.780s] INFO:colcon.colcon_core.shell:Creating environment descriptor '/home/dlyvern/Projects/Dragonfly/cw_serv_ws/install/cw_serv/share/cw_serv/hook/cmake_prefix_path.dsv'
[7.780s] INFO:colcon.colcon_core.shell:Creating environment hook '/home/dlyvern/Projects/Dragonfly/cw_serv_ws/install/cw_serv/share/cw_serv/hook/cmake_prefix_path.sh'
[7.780s] Level 1:colcon.colcon_core.environment:checking '/home/dlyvern/Projects/Dragonfly/cw_serv_ws/install/cw_serv/lib'
[7.780s] Level 1:colcon.colcon_core.environment:checking '/home/dlyvern/Projects/Dragonfly/cw_serv_ws/install/cw_serv/bin'
[7.780s] Level 1:colcon.colcon_core.environment:checking '/home/dlyvern/Projects/Dragonfly/cw_serv_ws/install/cw_serv/lib/pkgconfig/cw_serv.pc'
[7.780s] Level 1:colcon.colcon_core.environment:checking '/home/dlyvern/Projects/Dragonfly/cw_serv_ws/install/cw_serv/lib/python3.10/site-packages'
[7.780s] Level 1:colcon.colcon_core.environment:checking '/home/dlyvern/Projects/Dragonfly/cw_serv_ws/install/cw_serv/bin'
[7.786s] INFO:colcon.colcon_core.shell:Creating package script '/home/dlyvern/Projects/Dragonfly/cw_serv_ws/install/cw_serv/share/cw_serv/package.ps1'
[7.787s] INFO:colcon.colcon_core.shell:Creating package descriptor '/home/dlyvern/Projects/Dragonfly/cw_serv_ws/install/cw_serv/share/cw_serv/package.dsv'
[7.787s] INFO:colcon.colcon_core.shell:Creating package script '/home/dlyvern/Projects/Dragonfly/cw_serv_ws/install/cw_serv/share/cw_serv/package.sh'
[7.787s] INFO:colcon.colcon_core.shell:Creating package script '/home/dlyvern/Projects/Dragonfly/cw_serv_ws/install/cw_serv/share/cw_serv/package.bash'
[7.787s] INFO:colcon.colcon_core.shell:Creating package script '/home/dlyvern/Projects/Dragonfly/cw_serv_ws/install/cw_serv/share/cw_serv/package.zsh'
[7.787s] Level 1:colcon.colcon_core.environment:create_file_with_runtime_dependencies(/home/dlyvern/Projects/Dragonfly/cw_serv_ws/install/cw_serv/share/colcon-core/packages/cw_serv)
[7.787s] DEBUG:colcon.colcon_parallel_executor.executor.parallel:closing loop
[7.788s] DEBUG:colcon.colcon_parallel_executor.executor.parallel:loop closed
[7.788s] DEBUG:colcon.colcon_parallel_executor.executor.parallel:run_until_complete finished with '0'
[7.788s] DEBUG:colcon.colcon_core.event_reactor:joining thread
[7.799s] INFO:colcon.colcon_core.plugin_system:Skipping extension 'colcon_notification.desktop_notification.terminal_notifier': Not used on non-Darwin systems
[7.799s] INFO:colcon.colcon_core.plugin_system:Skipping extension 'colcon_notification.desktop_notification.win32': Not used on non-Windows systems
[7.799s] INFO:colcon.colcon_notification.desktop_notification:Sending desktop notification using 'notify2'
[7.808s] DEBUG:colcon.colcon_core.event_reactor:joined thread
[7.815s] INFO:colcon.colcon_core.shell:Creating prefix script '/home/dlyvern/Projects/Dragonfly/cw_serv_ws/install/local_setup.ps1'
[7.816s] INFO:colcon.colcon_core.shell:Creating prefix util module '/home/dlyvern/Projects/Dragonfly/cw_serv_ws/install/_local_setup_util_ps1.py'
[7.816s] INFO:colcon.colcon_core.shell:Creating prefix chain script '/home/dlyvern/Projects/Dragonfly/cw_serv_ws/install/setup.ps1'
[7.823s] INFO:colcon.colcon_core.shell:Creating prefix script '/home/dlyvern/Projects/Dragonfly/cw_serv_ws/install/local_setup.sh'
[7.823s] INFO:colcon.colcon_core.shell:Creating prefix util module '/home/dlyvern/Projects/Dragonfly/cw_serv_ws/install/_local_setup_util_sh.py'
[7.824s] INFO:colcon.colcon_core.shell:Creating prefix chain script '/home/dlyvern/Projects/Dragonfly/cw_serv_ws/install/setup.sh'
[7.830s] INFO:colcon.colcon_core.shell:Creating prefix script '/home/dlyvern/Projects/Dragonfly/cw_serv_ws/install/local_setup.bash'
[7.830s] INFO:colcon.colcon_core.shell:Creating prefix chain script '/home/dlyvern/Projects/Dragonfly/cw_serv_ws/install/setup.bash'
[7.837s] INFO:colcon.colcon_core.shell:Creating prefix script '/home/dlyvern/Projects/Dragonfly/cw_serv_ws/install/local_setup.zsh'
[7.837s] INFO:colcon.colcon_core.shell:Creating prefix chain script '/home/dlyvern/Projects/Dragonfly/cw_serv_ws/install/setup.zsh'
