[0.027s] Invoking command in '/home/dlyvern/Projects/Dragonfly/cw_serv_ws/build/cw_serv': CMAKE_PREFIX_PATH=/home/dlyvern/Projects/Dragonfly/cw_serv_ws/install/action_interface:/home/dlyvern/Projects/Dragonfly/cw_serv_ws/install/cw_serv:/opt/ros/humble /usr/bin/cmake --build /home/dlyvern/Projects/Dragonfly/cw_serv_ws/build/cw_serv -- -j12 -l12
[0.052s] -- Found ament_cmake: 1.3.5 (/opt/ros/humble/share/ament_cmake/cmake)
[0.132s] -- Found rclcpp: 16.0.6 (/opt/ros/humble/share/rclcpp/cmake)
[0.148s] -- Found rosidl_generator_c: 3.1.5 (/opt/ros/humble/share/rosidl_generator_c/cmake)
[0.149s] -- Found rosidl_adapter: 3.1.5 (/opt/ros/humble/share/rosidl_adapter/cmake)
[0.152s] -- Found rosidl_generator_cpp: 3.1.5 (/opt/ros/humble/share/rosidl_generator_cpp/cmake)
[0.159s] -- Using all available rosidl_typesupport_c: rosidl_typesupport_fastrtps_c;rosidl_typesupport_introspection_c
[0.167s] -- Using all available rosidl_typesupport_cpp: rosidl_typesupport_fastrtps_cpp;rosidl_typesupport_introspection_cpp
[0.198s] -- Found rmw_implementation_cmake: 6.1.1 (/opt/ros/humble/share/rmw_implementation_cmake/cmake)
[0.199s] -- Found rmw_fastrtps_cpp: 6.2.4 (/opt/ros/humble/share/rmw_fastrtps_cpp/cmake)
[0.261s] -- Using RMW implementation 'rmw_fastrtps_cpp' as default
[0.347s] -- Found rclcpp_action: 16.0.6 (/opt/ros/humble/share/rclcpp_action/cmake)
[0.396s] -- Found rclcpp_components: 16.0.6 (/opt/ros/humble/share/rclcpp_components/cmake)
[0.428s] -- Found action_interface: 0.0.0 (/home/dlyvern/Projects/Dragonfly/cw_serv_ws/install/action_interface/share/action_interface/cmake)
[0.462s] -- Found ament_lint_auto: 0.12.8 (/opt/ros/humble/share/ament_lint_auto/cmake)
[0.508s] -- Added test 'cppcheck' to perform static code analysis on C / C++ code
[0.508s] -- Configured cppcheck include dirs: $<BUILD_INTERFACE:/home/dlyvern/Projects/Dragonfly/cw_serv_ws/src/cw_serv/include/cw_serv>
[0.508s] -- Configured cppcheck exclude dirs and/or files: 
[0.509s] -- Added test 'flake8' to check Python code syntax and style conventions
[0.511s] -- Added test 'lint_cmake' to check CMake code style
[0.512s] -- Added test 'pep257' to check Python code against some of the docstring style conventions in PEP 257
[0.520s] -- Added test 'uncrustify' to check C / C++ code style
[0.520s] -- Configured uncrustify additional arguments: 
[0.521s] -- Added test 'xmllint' to check XML markup files
[0.522s] -- Configuring done
[0.544s] -- Generating done
[0.545s] -- Build files have been written to: /home/dlyvern/Projects/Dragonfly/cw_serv_ws/build/cw_serv
[0.566s] [  6%] [34m[1mAutomatic MOC and UIC for target cw_serv[0m
[0.808s] [  6%] Built target cw_serv_autogen
[0.821s] [35m[1mConsolidate compiler generated dependencies of target cw_serv[0m
[0.845s] [ 13%] [32mBuilding CXX object CMakeFiles/cw_serv.dir/cw_serv_autogen/mocs_compilation.cpp.o[0m
[0.846s] [ 26%] [32mBuilding CXX object CMakeFiles/cw_serv.dir/src/main.cpp.o[0m
[0.846s] [ 26%] [32mBuilding CXX object CMakeFiles/cw_serv.dir/src/modules/Robot.cpp.o[0m
[3.737s] [ 33%] [32m[1mLinking CXX executable cw_serv[0m
[4.446s] /usr/bin/ld: CMakeFiles/cw_serv.dir/cw_serv_autogen/mocs_compilation.cpp.o:(.data.rel.ro._ZTV5Robot[_ZTV5Robot]+0x10): undefined reference to `Robot::~Robot()'
[4.446s] /usr/bin/ld: CMakeFiles/cw_serv.dir/cw_serv_autogen/mocs_compilation.cpp.o:(.data.rel.ro._ZTV5Robot[_ZTV5Robot]+0x18): undefined reference to `Robot::~Robot()'
[4.446s] /usr/bin/ld: CMakeFiles/cw_serv.dir/cw_serv_autogen/mocs_compilation.cpp.o:(.data.rel.ro._ZTV5Robot[_ZTV5Robot]+0x70): undefined reference to `non-virtual thunk to Robot::~Robot()'
[4.446s] /usr/bin/ld: CMakeFiles/cw_serv.dir/cw_serv_autogen/mocs_compilation.cpp.o:(.data.rel.ro._ZTV5Robot[_ZTV5Robot]+0x78): undefined reference to `non-virtual thunk to Robot::~Robot()'
[4.446s] /usr/bin/ld: CMakeFiles/cw_serv.dir/cw_serv_autogen/mocs_compilation.cpp.o:(.data.rel.ro._ZTV5Robot[_ZTV5Robot]+0x208): undefined reference to `non-virtual thunk to Robot::~Robot()'
[4.446s] /usr/bin/ld: CMakeFiles/cw_serv.dir/cw_serv_autogen/mocs_compilation.cpp.o:(.data.rel.ro._ZTV5Robot[_ZTV5Robot]+0x210): undefined reference to `non-virtual thunk to Robot::~Robot()'
[4.492s] collect2: error: ld returned 1 exit status
[4.493s] gmake[2]: *** [CMakeFiles/cw_serv.dir/build.make:393: cw_serv] Error 1
[4.493s] gmake[1]: *** [CMakeFiles/Makefile2:138: CMakeFiles/cw_serv.dir/all] Error 2
[4.493s] gmake: *** [Makefile:146: all] Error 2
[4.495s] Invoked command in '/home/dlyvern/Projects/Dragonfly/cw_serv_ws/build/cw_serv' returned '2': CMAKE_PREFIX_PATH=/home/dlyvern/Projects/Dragonfly/cw_serv_ws/install/action_interface:/home/dlyvern/Projects/Dragonfly/cw_serv_ws/install/cw_serv:/opt/ros/humble /usr/bin/cmake --build /home/dlyvern/Projects/Dragonfly/cw_serv_ws/build/cw_serv -- -j12 -l12
