[0.023s] Invoking command in '/home/dlyvern/Projects/Dragonfly/cw_serv_ws/build/cw_serv': AMENT_PREFIX_PATH=/home/dlyvern/Projects/Dragonfly/cw_serv_ws/install/action_interface:${AMENT_PREFIX_PATH} CMAKE_PREFIX_PATH=/home/dlyvern/Projects/Dragonfly/cw_serv_ws/install/action_interface:/opt/ros/humble LD_LIBRARY_PATH=/home/dlyvern/Projects/Dragonfly/cw_serv_ws/install/action_interface/lib:${LD_LIBRARY_PATH} PYTHONPATH=/home/dlyvern/Projects/Dragonfly/cw_serv_ws/install/action_interface/local/lib/python3.10/dist-packages:${PYTHONPATH} /usr/bin/cmake --build /home/dlyvern/Projects/Dragonfly/cw_serv_ws/build/cw_serv -- -j12 -l12
[0.055s] [  7%] [34m[1mAutomatic MOC and UIC for target cw_serv[0m
[0.386s] [  7%] Built target cw_serv_autogen
[0.399s] [35m[1mConsolidate compiler generated dependencies of target cw_serv[0m
[0.424s] [ 15%] [32mBuilding CXX object CMakeFiles/cw_serv.dir/cw_serv_autogen/mocs_compilation.cpp.o[0m
[0.424s] [ 23%] [32mBuilding CXX object CMakeFiles/cw_serv.dir/src/main.cpp.o[0m
[0.425s] [ 30%] [32mBuilding CXX object CMakeFiles/cw_serv.dir/src/modules/TCPServer.cpp.o[0m
[0.425s] [ 38%] [32mBuilding CXX object CMakeFiles/cw_serv.dir/src/modules/ServerParts/ClientManager.cpp.o[0m
[0.425s] [ 46%] [32mBuilding CXX object CMakeFiles/cw_serv.dir/src/modules/ServerParts/TCPClient.cpp.o[0m
[2.498s] [01m[K/home/dlyvern/Projects/Dragonfly/cw_serv_ws/src/cw_serv/src/modules/ServerParts/TCPClient.cpp:[m[K In member function ‘[01m[Kvoid TCPClient::SendMessageToClient(const QJsonObject&)[m[K’:
[2.499s] [01m[K/home/dlyvern/Projects/Dragonfly/cw_serv_ws/src/cw_serv/src/modules/ServerParts/TCPClient.cpp:156:19:[m[K [01;35m[Kwarning: [m[Koverflow in conversion from ‘[01m[Kint[m[K’ to ‘[01m[Kqint16[m[K’ {aka ‘[01m[Kshort int[m[K’} changes value from ‘[01m[K43605[m[K’ to ‘[01m[K-21931[m[K’ [[01;35m[K]8;;https://gcc.gnu.org/onlinedocs/gcc/Warning-Options.html#index-Woverflow-Woverflow]8;;[m[K]
[2.499s]   156 |     Packet packet([01;35m[K0xAA55[m[K, 0x01, 0x1234, 0, std::move(msg), 0xFFFF);
[2.499s]       |                   [01;35m[K^~~~~~[m[K
[2.932s] [01m[K/home/dlyvern/Projects/Dragonfly/cw_serv_ws/src/cw_serv/src/modules/ServerParts/ClientManager.cpp:[m[K In member function ‘[01m[Kvoid ClientManager::MessageFromClient(const QJsonObject&)[m[K’:
[2.932s] [01m[K/home/dlyvern/Projects/Dragonfly/cw_serv_ws/src/cw_serv/src/modules/ServerParts/ClientManager.cpp:8:58:[m[K [01;35m[Kwarning: [m[Kunused parameter ‘[01m[Kmessage[m[K’ [[01;35m[K]8;;https://gcc.gnu.org/onlinedocs/gcc/Warning-Options.html#index-Wunused-parameter-Wunused-parameter]8;;[m[K]
[2.932s]     8 | void ClientManager::MessageFromClient([01;35m[Kconst QJsonObject &message[m[K)
[2.932s]       |                                       [01;35m[K~~~~~~~~~~~~~~~~~~~^~~~~~~[m[K
[3.910s] [ 53%] [32m[1mLinking CXX executable cw_serv[0m
[4.831s] [100%] Built target cw_serv
[4.890s] Invoked command in '/home/dlyvern/Projects/Dragonfly/cw_serv_ws/build/cw_serv' returned '0': AMENT_PREFIX_PATH=/home/dlyvern/Projects/Dragonfly/cw_serv_ws/install/action_interface:${AMENT_PREFIX_PATH} CMAKE_PREFIX_PATH=/home/dlyvern/Projects/Dragonfly/cw_serv_ws/install/action_interface:/opt/ros/humble LD_LIBRARY_PATH=/home/dlyvern/Projects/Dragonfly/cw_serv_ws/install/action_interface/lib:${LD_LIBRARY_PATH} PYTHONPATH=/home/dlyvern/Projects/Dragonfly/cw_serv_ws/install/action_interface/local/lib/python3.10/dist-packages:${PYTHONPATH} /usr/bin/cmake --build /home/dlyvern/Projects/Dragonfly/cw_serv_ws/build/cw_serv -- -j12 -l12
[4.921s] Invoking command in '/home/dlyvern/Projects/Dragonfly/cw_serv_ws/build/cw_serv': AMENT_PREFIX_PATH=/home/dlyvern/Projects/Dragonfly/cw_serv_ws/install/action_interface:${AMENT_PREFIX_PATH} CMAKE_PREFIX_PATH=/home/dlyvern/Projects/Dragonfly/cw_serv_ws/install/action_interface:/opt/ros/humble LD_LIBRARY_PATH=/home/dlyvern/Projects/Dragonfly/cw_serv_ws/install/action_interface/lib:${LD_LIBRARY_PATH} PYTHONPATH=/home/dlyvern/Projects/Dragonfly/cw_serv_ws/install/action_interface/local/lib/python3.10/dist-packages:${PYTHONPATH} /usr/bin/cmake --install /home/dlyvern/Projects/Dragonfly/cw_serv_ws/build/cw_serv
[4.926s] -- Install configuration: ""
[4.927s] -- Installing: /home/dlyvern/Projects/Dragonfly/cw_serv_ws/install/cw_serv/lib/cw_serv/cw_serv
[4.931s] -- Set runtime path of "/home/dlyvern/Projects/Dragonfly/cw_serv_ws/install/cw_serv/lib/cw_serv/cw_serv" to ""
[4.931s] -- Up-to-date: /home/dlyvern/Projects/Dragonfly/cw_serv_ws/install/cw_serv/share/cw_serv/launch
[4.931s] -- Up-to-date: /home/dlyvern/Projects/Dragonfly/cw_serv_ws/install/cw_serv/share/cw_serv/launch/cw_serv_launch.py
[4.931s] -- Up-to-date: /home/dlyvern/Projects/Dragonfly/cw_serv_ws/install/cw_serv/share/cw_serv/launch/settings_for_launch_file
[4.931s] -- Up-to-date: /home/dlyvern/Projects/Dragonfly/cw_serv_ws/install/cw_serv/share/cw_serv/launch/settings_for_launch_file/main_settings.ini
[4.932s] -- Up-to-date: /home/dlyvern/Projects/Dragonfly/cw_serv_ws/install/cw_serv/share/ament_index/resource_index/package_run_dependencies/cw_serv
[4.932s] -- Up-to-date: /home/dlyvern/Projects/Dragonfly/cw_serv_ws/install/cw_serv/share/ament_index/resource_index/parent_prefix_path/cw_serv
[4.933s] -- Up-to-date: /home/dlyvern/Projects/Dragonfly/cw_serv_ws/install/cw_serv/share/cw_serv/environment/ament_prefix_path.sh
[4.933s] -- Up-to-date: /home/dlyvern/Projects/Dragonfly/cw_serv_ws/install/cw_serv/share/cw_serv/environment/ament_prefix_path.dsv
[4.933s] -- Up-to-date: /home/dlyvern/Projects/Dragonfly/cw_serv_ws/install/cw_serv/share/cw_serv/environment/path.sh
[4.933s] -- Up-to-date: /home/dlyvern/Projects/Dragonfly/cw_serv_ws/install/cw_serv/share/cw_serv/environment/path.dsv
[4.933s] -- Up-to-date: /home/dlyvern/Projects/Dragonfly/cw_serv_ws/install/cw_serv/share/cw_serv/local_setup.bash
[4.933s] -- Up-to-date: /home/dlyvern/Projects/Dragonfly/cw_serv_ws/install/cw_serv/share/cw_serv/local_setup.sh
[4.933s] -- Up-to-date: /home/dlyvern/Projects/Dragonfly/cw_serv_ws/install/cw_serv/share/cw_serv/local_setup.zsh
[4.933s] -- Up-to-date: /home/dlyvern/Projects/Dragonfly/cw_serv_ws/install/cw_serv/share/cw_serv/local_setup.dsv
[4.933s] -- Installing: /home/dlyvern/Projects/Dragonfly/cw_serv_ws/install/cw_serv/share/cw_serv/package.dsv
[4.934s] -- Up-to-date: /home/dlyvern/Projects/Dragonfly/cw_serv_ws/install/cw_serv/share/ament_index/resource_index/packages/cw_serv
[4.934s] -- Up-to-date: /home/dlyvern/Projects/Dragonfly/cw_serv_ws/install/cw_serv/share/cw_serv/cmake/CMakeConfix.cmake
[4.934s] -- Up-to-date: /home/dlyvern/Projects/Dragonfly/cw_serv_ws/install/cw_serv/share/cw_serv/cmake/cw_servConfig.cmake
[4.934s] -- Up-to-date: /home/dlyvern/Projects/Dragonfly/cw_serv_ws/install/cw_serv/share/cw_serv/cmake/cw_servConfig-version.cmake
[4.934s] -- Up-to-date: /home/dlyvern/Projects/Dragonfly/cw_serv_ws/install/cw_serv/share/cw_serv/package.xml
[4.946s] Invoked command in '/home/dlyvern/Projects/Dragonfly/cw_serv_ws/build/cw_serv' returned '0': AMENT_PREFIX_PATH=/home/dlyvern/Projects/Dragonfly/cw_serv_ws/install/action_interface:${AMENT_PREFIX_PATH} CMAKE_PREFIX_PATH=/home/dlyvern/Projects/Dragonfly/cw_serv_ws/install/action_interface:/opt/ros/humble LD_LIBRARY_PATH=/home/dlyvern/Projects/Dragonfly/cw_serv_ws/install/action_interface/lib:${LD_LIBRARY_PATH} PYTHONPATH=/home/dlyvern/Projects/Dragonfly/cw_serv_ws/install/action_interface/local/lib/python3.10/dist-packages:${PYTHONPATH} /usr/bin/cmake --install /home/dlyvern/Projects/Dragonfly/cw_serv_ws/build/cw_serv
